<?xml version="1.0" encoding="UTF-8"?>
<coverage generated="1696316069156" clover="3.2.0">
  <project timestamp="1696316069156" name="All files">
    <metrics statements="717" coveredstatements="668" conditionals="321" coveredconditionals="274" methods="150" coveredmethods="141" elements="1188" coveredelements="1083" complexity="0" loc="717" ncloc="717" packages="23" files="26" classes="26"/>
    <package name="binary-tree-and-bst">
      <metrics statements="65" coveredstatements="65" conditionals="42" coveredconditionals="36" methods="23" coveredmethods="23"/>
      <file name="index.js" path="/Users/brandenge/courses/data-structures-and-algorithms/javascript/binary-tree-and-bst/index.js">
        <metrics statements="65" coveredstatements="65" conditionals="42" coveredconditionals="36" methods="23" coveredmethods="23"/>
        <line num="5" count="38" type="stmt"/>
        <line num="6" count="38" type="stmt"/>
        <line num="7" count="38" type="stmt"/>
        <line num="13" count="10" type="stmt"/>
        <line num="17" count="2" type="stmt"/>
        <line num="20" count="4" type="stmt"/>
        <line num="21" count="4" type="cond" truecount="2" falsecount="0"/>
        <line num="22" count="4" type="cond" truecount="2" falsecount="0"/>
        <line num="24" count="2" type="stmt"/>
        <line num="25" count="2" type="stmt"/>
        <line num="29" count="3" type="stmt"/>
        <line num="32" count="7" type="cond" truecount="2" falsecount="0"/>
        <line num="33" count="7" type="stmt"/>
        <line num="34" count="7" type="cond" truecount="2" falsecount="0"/>
        <line num="36" count="3" type="stmt"/>
        <line num="37" count="3" type="stmt"/>
        <line num="41" count="2" type="stmt"/>
        <line num="44" count="4" type="cond" truecount="2" falsecount="0"/>
        <line num="45" count="4" type="cond" truecount="2" falsecount="0"/>
        <line num="46" count="4" type="stmt"/>
        <line num="48" count="2" type="stmt"/>
        <line num="49" count="2" type="stmt"/>
        <line num="55" count="1" type="stmt"/>
        <line num="59" count="3" type="stmt"/>
        <line num="60" count="3" type="cond" truecount="2" falsecount="0"/>
        <line num="61" count="1" type="stmt"/>
        <line num="62" count="1" type="stmt"/>
        <line num="65" count="2" type="cond" truecount="2" falsecount="0"/>
        <line num="66" count="1" type="cond" truecount="1" falsecount="1"/>
        <line num="67" count="1" type="stmt"/>
        <line num="69" count="1" type="cond" truecount="1" falsecount="1"/>
        <line num="70" count="1" type="cond" truecount="1" falsecount="1"/>
        <line num="71" count="1" type="stmt"/>
        <line num="74" count="2" type="stmt"/>
        <line num="78" count="2" type="cond" truecount="1" falsecount="1"/>
        <line num="80" count="4" type="cond" truecount="2" falsecount="0"/>
        <line num="81" count="3" type="cond" truecount="2" falsecount="2"/>
        <line num="82" count="3" type="cond" truecount="4" falsecount="0"/>
        <line num="83" count="1" type="stmt"/>
        <line num="85" count="2" type="stmt"/>
        <line num="91" count="12" type="stmt"/>
        <line num="92" count="12" type="stmt"/>
        <line num="98" count="3" type="stmt"/>
        <line num="99" count="3" type="stmt"/>
        <line num="103" count="4" type="stmt"/>
        <line num="106" count="16" type="stmt"/>
        <line num="107" count="16" type="cond" truecount="2" falsecount="0"/>
        <line num="109" count="4" type="stmt"/>
        <line num="110" count="4" type="stmt"/>
        <line num="114" count="4" type="stmt"/>
        <line num="117" count="16" type="cond" truecount="2" falsecount="0"/>
        <line num="118" count="5" type="stmt"/>
        <line num="119" count="7" type="stmt"/>
        <line num="122" count="16" type="stmt"/>
        <line num="123" count="16" type="cond" truecount="2" falsecount="0"/>
        <line num="124" count="5" type="stmt"/>
        <line num="125" count="5" type="stmt"/>
        <line num="129" count="4" type="stmt"/>
        <line num="130" count="4" type="stmt"/>
        <line num="134" count="4" type="stmt"/>
        <line num="137" count="16" type="cond" truecount="2" falsecount="0"/>
        <line num="138" count="16" type="stmt"/>
        <line num="140" count="4" type="stmt"/>
        <line num="141" count="4" type="stmt"/>
        <line num="145" count="4" type="stmt"/>
      </file>
    </package>
    <package name="doubly-linked-list">
      <metrics statements="21" coveredstatements="21" conditionals="4" coveredconditionals="4" methods="5" coveredmethods="5"/>
      <file name="index.js" path="/Users/brandenge/courses/data-structures-and-algorithms/javascript/doubly-linked-list/index.js">
        <metrics statements="21" coveredstatements="21" conditionals="4" coveredconditionals="4" methods="5" coveredmethods="5"/>
        <line num="5" count="21" type="stmt"/>
        <line num="6" count="21" type="stmt"/>
        <line num="7" count="21" type="stmt"/>
        <line num="13" count="9" type="stmt"/>
        <line num="17" count="21" type="stmt"/>
        <line num="18" count="21" type="stmt"/>
        <line num="19" count="21" type="cond" truecount="2" falsecount="0"/>
        <line num="20" count="21" type="stmt"/>
        <line num="24" count="4" type="stmt"/>
        <line num="25" count="4" type="stmt"/>
        <line num="26" count="9" type="cond" truecount="2" falsecount="0"/>
        <line num="27" count="6" type="stmt"/>
        <line num="29" count="1" type="stmt"/>
        <line num="33" count="1" type="stmt"/>
        <line num="34" count="1" type="stmt"/>
        <line num="35" count="1" type="stmt"/>
        <line num="36" count="3" type="stmt"/>
        <line num="37" count="3" type="stmt"/>
        <line num="39" count="1" type="stmt"/>
        <line num="40" count="1" type="stmt"/>
        <line num="44" count="1" type="stmt"/>
      </file>
    </package>
    <package name="graph">
      <metrics statements="41" coveredstatements="15" conditionals="14" coveredconditionals="0" methods="10" coveredmethods="8"/>
      <file name="index.js" path="/Users/brandenge/courses/data-structures-and-algorithms/javascript/graph/index.js">
        <metrics statements="41" coveredstatements="15" conditionals="14" coveredconditionals="0" methods="10" coveredmethods="8"/>
        <line num="5" count="14" type="stmt"/>
        <line num="11" count="19" type="stmt"/>
        <line num="12" count="19" type="stmt"/>
        <line num="18" count="3" type="stmt"/>
        <line num="22" count="14" type="stmt"/>
        <line num="23" count="14" type="stmt"/>
        <line num="24" count="14" type="stmt"/>
        <line num="28" count="19" type="stmt"/>
        <line num="29" count="19" type="stmt"/>
        <line num="30" count="19" type="stmt"/>
        <line num="31" count="19" type="stmt"/>
        <line num="35" count="5" type="stmt"/>
        <line num="39" count="19" type="stmt"/>
        <line num="43" count="2" type="stmt"/>
        <line num="47" count="0" type="cond" truecount="0" falsecount="2"/>
        <line num="48" count="0" type="stmt"/>
        <line num="49" count="0" type="stmt"/>
        <line num="50" count="0" type="stmt"/>
        <line num="53" count="0" type="stmt"/>
        <line num="54" count="0" type="stmt"/>
        <line num="55" count="0" type="cond" truecount="0" falsecount="2"/>
        <line num="56" count="0" type="stmt"/>
        <line num="57" count="0" type="stmt"/>
        <line num="58" count="0" type="cond" truecount="0" falsecount="2"/>
        <line num="59" count="0" type="stmt"/>
        <line num="60" count="0" type="stmt"/>
        <line num="64" count="0" type="stmt"/>
        <line num="68" count="0" type="cond" truecount="0" falsecount="2"/>
        <line num="69" count="0" type="stmt"/>
        <line num="70" count="0" type="stmt"/>
        <line num="71" count="0" type="stmt"/>
        <line num="74" count="0" type="stmt"/>
        <line num="75" count="0" type="stmt"/>
        <line num="76" count="0" type="cond" truecount="0" falsecount="2"/>
        <line num="77" count="0" type="stmt"/>
        <line num="78" count="0" type="stmt"/>
        <line num="79" count="0" type="cond" truecount="0" falsecount="2"/>
        <line num="80" count="0" type="stmt"/>
        <line num="81" count="0" type="stmt"/>
        <line num="85" count="0" type="stmt"/>
        <line num="89" count="2" type="stmt"/>
      </file>
    </package>
    <package name="graph-breadth-first">
      <metrics statements="42" coveredstatements="40" conditionals="14" coveredconditionals="11" methods="11" coveredmethods="9"/>
      <file name="index.js" path="/Users/brandenge/courses/data-structures-and-algorithms/javascript/graph-breadth-first/index.js">
        <metrics statements="42" coveredstatements="40" conditionals="14" coveredconditionals="11" methods="11" coveredmethods="9"/>
        <line num="5" count="8" type="stmt"/>
        <line num="11" count="8" type="stmt"/>
        <line num="12" count="8" type="stmt"/>
        <line num="18" count="3" type="stmt"/>
        <line num="22" count="8" type="stmt"/>
        <line num="23" count="8" type="stmt"/>
        <line num="24" count="8" type="stmt"/>
        <line num="28" count="8" type="stmt"/>
        <line num="29" count="8" type="stmt"/>
        <line num="30" count="8" type="stmt"/>
        <line num="31" count="8" type="stmt"/>
        <line num="35" count="0" type="stmt"/>
        <line num="39" count="25" type="stmt"/>
        <line num="43" count="0" type="stmt"/>
        <line num="47" count="4" type="cond" truecount="2" falsecount="0"/>
        <line num="48" count="3" type="stmt"/>
        <line num="49" count="3" type="stmt"/>
        <line num="50" count="3" type="stmt"/>
        <line num="52" count="3" type="stmt"/>
        <line num="53" count="13" type="stmt"/>
        <line num="54" count="13" type="cond" truecount="2" falsecount="0"/>
        <line num="55" count="13" type="stmt"/>
        <line num="56" count="13" type="stmt"/>
        <line num="57" count="16" type="cond" truecount="2" falsecount="0"/>
        <line num="58" count="10" type="stmt"/>
        <line num="59" count="10" type="stmt"/>
        <line num="63" count="3" type="stmt"/>
        <line num="67" count="2" type="cond" truecount="1" falsecount="1"/>
        <line num="68" count="2" type="stmt"/>
        <line num="69" count="2" type="stmt"/>
        <line num="70" count="2" type="stmt"/>
        <line num="73" count="2" type="stmt"/>
        <line num="74" count="12" type="stmt"/>
        <line num="75" count="12" type="stmt"/>
        <line num="76" count="12" type="cond" truecount="1" falsecount="1"/>
        <line num="77" count="12" type="stmt"/>
        <line num="78" count="12" type="stmt"/>
        <line num="79" count="16" type="cond" truecount="2" falsecount="0"/>
        <line num="80" count="10" type="stmt"/>
        <line num="84" count="2" type="stmt"/>
        <line num="88" count="2" type="stmt"/>
        <line num="92" count="1" type="stmt"/>
      </file>
    </package>
    <package name="graph-business-trip">
      <metrics statements="13" coveredstatements="13" conditionals="4" coveredconditionals="3" methods="4" coveredmethods="4"/>
      <file name="index.js" path="/Users/brandenge/courses/data-structures-and-algorithms/javascript/graph-business-trip/index.js">
        <metrics statements="13" coveredstatements="13" conditionals="4" coveredconditionals="3" methods="4" coveredmethods="4"/>
        <line num="4" count="4" type="stmt"/>
        <line num="5" count="4" type="stmt"/>
        <line num="6" count="4" type="stmt"/>
        <line num="7" count="36" type="stmt"/>
        <line num="8" count="10" type="stmt"/>
        <line num="11" count="4" type="stmt"/>
        <line num="12" count="5" type="stmt"/>
        <line num="13" count="5" type="stmt"/>
        <line num="14" count="5" type="cond" truecount="2" falsecount="0"/>
        <line num="15" count="3" type="stmt"/>
        <line num="17" count="2" type="cond" truecount="1" falsecount="1"/>
        <line num="18" count="2" type="stmt"/>
        <line num="21" count="1" type="stmt"/>
      </file>
    </package>
    <package name="graph-depth-first">
      <metrics statements="29" coveredstatements="27" conditionals="8" coveredconditionals="7" methods="9" coveredmethods="7"/>
      <file name="index.js" path="/Users/brandenge/courses/data-structures-and-algorithms/javascript/graph-depth-first/index.js">
        <metrics statements="29" coveredstatements="27" conditionals="8" coveredconditionals="7" methods="9" coveredmethods="7"/>
        <line num="5" count="20" type="stmt"/>
        <line num="11" count="18" type="stmt"/>
        <line num="12" count="18" type="stmt"/>
        <line num="18" count="6" type="stmt"/>
        <line num="22" count="20" type="stmt"/>
        <line num="23" count="20" type="stmt"/>
        <line num="24" count="20" type="stmt"/>
        <line num="28" count="18" type="stmt"/>
        <line num="29" count="18" type="stmt"/>
        <line num="30" count="18" type="stmt"/>
        <line num="31" count="18" type="stmt"/>
        <line num="35" count="0" type="stmt"/>
        <line num="39" count="32" type="stmt"/>
        <line num="43" count="0" type="stmt"/>
        <line num="47" count="7" type="cond" truecount="2" falsecount="0"/>
        <line num="48" count="6" type="stmt"/>
        <line num="49" count="6" type="stmt"/>
        <line num="50" count="6" type="stmt"/>
        <line num="53" count="6" type="stmt"/>
        <line num="54" count="32" type="stmt"/>
        <line num="55" count="32" type="stmt"/>
        <line num="56" count="32" type="cond" truecount="2" falsecount="0"/>
        <line num="57" count="32" type="stmt"/>
        <line num="58" count="32" type="stmt"/>
        <line num="59" count="33" type="cond" truecount="2" falsecount="0"/>
        <line num="60" count="26" type="stmt"/>
        <line num="64" count="6" type="stmt"/>
        <line num="65" count="6" type="stmt"/>
        <line num="69" count="1" type="stmt"/>
      </file>
    </package>
    <package name="hash-table">
      <metrics statements="28" coveredstatements="28" conditionals="8" coveredconditionals="7" methods="8" coveredmethods="8"/>
      <file name="index.js" path="/Users/brandenge/courses/data-structures-and-algorithms/javascript/hash-table/index.js">
        <metrics statements="28" coveredstatements="28" conditionals="8" coveredconditionals="7" methods="8" coveredmethods="8"/>
        <line num="3" count="3" type="stmt"/>
        <line num="7" count="18" type="stmt"/>
        <line num="8" count="18" type="stmt"/>
        <line num="12" count="62" type="stmt"/>
        <line num="13" count="62" type="cond" truecount="2" falsecount="0"/>
        <line num="14" count="60" type="stmt"/>
        <line num="15" count="60" type="stmt"/>
        <line num="17" count="62" type="stmt"/>
        <line num="21" count="24" type="stmt"/>
        <line num="22" count="24" type="cond" truecount="2" falsecount="0"/>
        <line num="23" count="18" type="stmt"/>
        <line num="24" count="18" type="stmt"/>
        <line num="25" count="18" type="stmt"/>
        <line num="26" count="18" type="cond" truecount="2" falsecount="0"/>
        <line num="27" count="2" type="stmt"/>
        <line num="30" count="8" type="stmt"/>
        <line num="34" count="30" type="stmt"/>
        <line num="38" count="37" type="stmt"/>
        <line num="39" count="37" type="stmt"/>
        <line num="40" count="288" type="cond" truecount="1" falsecount="1"/>
        <line num="41" count="288" type="stmt"/>
        <line num="42" count="288" type="stmt"/>
        <line num="43" count="289" type="stmt"/>
        <line num="44" count="289" type="stmt"/>
        <line num="48" count="37" type="stmt"/>
        <line num="52" count="457" type="stmt"/>
        <line num="53" count="149" type="stmt"/>
        <line num="57" count="3" type="stmt"/>
      </file>
    </package>
    <package name="hashmap-left-join">
      <metrics statements="4" coveredstatements="4" conditionals="0" coveredconditionals="0" methods="2" coveredmethods="2"/>
      <file name="index.js" path="/Users/brandenge/courses/data-structures-and-algorithms/javascript/hashmap-left-join/index.js">
        <metrics statements="4" coveredstatements="4" conditionals="0" coveredconditionals="0" methods="2" coveredmethods="2"/>
        <line num="3" count="1" type="stmt"/>
        <line num="4" count="3" type="stmt"/>
        <line num="5" count="10" type="stmt"/>
        <line num="9" count="1" type="stmt"/>
      </file>
    </package>
    <package name="hashmap-repeated-word">
      <metrics statements="7" coveredstatements="7" conditionals="2" coveredconditionals="2" methods="1" coveredmethods="1"/>
      <file name="index.js" path="/Users/brandenge/courses/data-structures-and-algorithms/javascript/hashmap-repeated-word/index.js">
        <metrics statements="7" coveredstatements="7" conditionals="2" coveredconditionals="2" methods="1" coveredmethods="1"/>
        <line num="4" count="4" type="stmt"/>
        <line num="5" count="4" type="stmt"/>
        <line num="6" count="4" type="stmt"/>
        <line num="7" count="28" type="cond" truecount="2" falsecount="0"/>
        <line num="8" count="25" type="stmt"/>
        <line num="10" count="1" type="stmt"/>
        <line num="13" count="1" type="stmt"/>
      </file>
    </package>
    <package name="insertion-sort">
      <metrics statements="8" coveredstatements="8" conditionals="2" coveredconditionals="2" methods="1" coveredmethods="1"/>
      <file name="index.js" path="/Users/brandenge/courses/data-structures-and-algorithms/javascript/insertion-sort/index.js">
        <metrics statements="8" coveredstatements="8" conditionals="2" coveredconditionals="2" methods="1" coveredmethods="1"/>
        <line num="4" count="5" type="stmt"/>
        <line num="5" count="25" type="stmt"/>
        <line num="6" count="25" type="stmt"/>
        <line num="7" count="25" type="cond" truecount="2" falsecount="0"/>
        <line num="8" count="28" type="stmt"/>
        <line num="9" count="28" type="stmt"/>
        <line num="11" count="25" type="stmt"/>
        <line num="15" count="1" type="stmt"/>
      </file>
    </package>
    <package name="linked-list">
      <metrics statements="19" coveredstatements="19" conditionals="2" coveredconditionals="2" methods="5" coveredmethods="5"/>
      <file name="index.js" path="/Users/brandenge/courses/data-structures-and-algorithms/javascript/linked-list/index.js">
        <metrics statements="19" coveredstatements="19" conditionals="2" coveredconditionals="2" methods="5" coveredmethods="5"/>
        <line num="5" count="15" type="stmt"/>
        <line num="6" count="15" type="stmt"/>
        <line num="12" count="7" type="stmt"/>
        <line num="16" count="15" type="stmt"/>
        <line num="17" count="15" type="stmt"/>
        <line num="18" count="15" type="stmt"/>
        <line num="22" count="4" type="stmt"/>
        <line num="23" count="4" type="stmt"/>
        <line num="24" count="9" type="cond" truecount="2" falsecount="0"/>
        <line num="25" count="6" type="stmt"/>
        <line num="27" count="1" type="stmt"/>
        <line num="31" count="1" type="stmt"/>
        <line num="32" count="1" type="stmt"/>
        <line num="33" count="1" type="stmt"/>
        <line num="34" count="3" type="stmt"/>
        <line num="35" count="3" type="stmt"/>
        <line num="37" count="1" type="stmt"/>
        <line num="38" count="1" type="stmt"/>
        <line num="42" count="1" type="stmt"/>
      </file>
    </package>
    <package name="linked-list-insertions">
      <metrics statements="72" coveredstatements="64" conditionals="32" coveredconditionals="26" methods="9" coveredmethods="9"/>
      <file name="index.js" path="/Users/brandenge/courses/data-structures-and-algorithms/javascript/linked-list-insertions/index.js">
        <metrics statements="72" coveredstatements="64" conditionals="32" coveredconditionals="26" methods="9" coveredmethods="9"/>
        <line num="5" count="44" type="stmt"/>
        <line num="6" count="44" type="stmt"/>
        <line num="12" count="20" type="stmt"/>
        <line num="13" count="20" type="stmt"/>
        <line num="17" count="30" type="stmt"/>
        <line num="18" count="30" type="stmt"/>
        <line num="19" count="30" type="stmt"/>
        <line num="20" count="30" type="cond" truecount="2" falsecount="0"/>
        <line num="24" count="4" type="stmt"/>
        <line num="25" count="4" type="cond" truecount="2" falsecount="0"/>
        <line num="26" count="2" type="stmt"/>
        <line num="28" count="2" type="stmt"/>
        <line num="30" count="4" type="stmt"/>
        <line num="34" count="5" type="stmt"/>
        <line num="35" count="5" type="cond" truecount="2" falsecount="0"/>
        <line num="36" count="1" type="stmt"/>
        <line num="38" count="4" type="cond" truecount="2" falsecount="0"/>
        <line num="39" count="2" type="stmt"/>
        <line num="40" count="2" type="stmt"/>
        <line num="41" count="2" type="stmt"/>
        <line num="43" count="2" type="stmt"/>
        <line num="44" count="2" type="stmt"/>
        <line num="45" count="1" type="cond" truecount="1" falsecount="1"/>
        <line num="46" count="1" type="stmt"/>
        <line num="47" count="1" type="stmt"/>
        <line num="48" count="1" type="stmt"/>
        <line num="50" count="0" type="stmt"/>
        <line num="53" count="1" type="stmt"/>
        <line num="57" count="5" type="stmt"/>
        <line num="58" count="5" type="cond" truecount="2" falsecount="0"/>
        <line num="59" count="1" type="stmt"/>
        <line num="61" count="4" type="cond" truecount="2" falsecount="0"/>
        <line num="62" count="3" type="stmt"/>
        <line num="63" count="3" type="stmt"/>
        <line num="64" count="3" type="cond" truecount="2" falsecount="0"/>
        <line num="65" count="3" type="stmt"/>
        <line num="67" count="1" type="stmt"/>
        <line num="68" count="1" type="stmt"/>
        <line num="69" count="0" type="cond" truecount="0" falsecount="2"/>
        <line num="70" count="0" type="stmt"/>
        <line num="71" count="0" type="stmt"/>
        <line num="72" count="0" type="stmt"/>
        <line num="74" count="0" type="stmt"/>
        <line num="77" count="1" type="cond" truecount="1" falsecount="1"/>
        <line num="78" count="0" type="stmt"/>
        <line num="79" count="0" type="stmt"/>
        <line num="81" count="1" type="stmt"/>
        <line num="86" count="3" type="cond" truecount="1" falsecount="1"/>
        <line num="87" count="3" type="cond" truecount="2" falsecount="0"/>
        <line num="88" count="1" type="cond" truecount="1" falsecount="1"/>
        <line num="89" count="1" type="stmt"/>
        <line num="90" count="1" type="stmt"/>
        <line num="92" count="2" type="stmt"/>
        <line num="93" count="2" type="stmt"/>
        <line num="94" count="3" type="cond" truecount="2" falsecount="0"/>
        <line num="95" count="2" type="stmt"/>
        <line num="96" count="2" type="cond" truecount="2" falsecount="0"/>
        <line num="97" count="2" type="stmt"/>
        <line num="99" count="1" type="stmt"/>
        <line num="105" count="4" type="stmt"/>
        <line num="106" count="4" type="stmt"/>
        <line num="107" count="9" type="cond" truecount="2" falsecount="0"/>
        <line num="108" count="6" type="stmt"/>
        <line num="110" count="1" type="stmt"/>
        <line num="114" count="1" type="stmt"/>
        <line num="115" count="1" type="stmt"/>
        <line num="116" count="1" type="stmt"/>
        <line num="117" count="3" type="stmt"/>
        <line num="118" count="3" type="stmt"/>
        <line num="120" count="1" type="stmt"/>
        <line num="121" count="1" type="stmt"/>
        <line num="125" count="1" type="stmt"/>
      </file>
    </package>
    <package name="linked-list-kth">
      <metrics statements="93" coveredstatements="90" conditionals="38" coveredconditionals="34" methods="11" coveredmethods="11"/>
      <file name="index.js" path="/Users/brandenge/courses/data-structures-and-algorithms/javascript/linked-list-kth/index.js">
        <metrics statements="93" coveredstatements="90" conditionals="38" coveredconditionals="34" methods="11" coveredmethods="11"/>
        <line num="5" count="214" type="stmt"/>
        <line num="6" count="214" type="stmt"/>
        <line num="12" count="126" type="stmt"/>
        <line num="13" count="126" type="stmt"/>
        <line num="14" count="126" type="stmt"/>
        <line num="18" count="150" type="stmt"/>
        <line num="19" count="150" type="stmt"/>
        <line num="20" count="150" type="stmt"/>
        <line num="21" count="150" type="cond" truecount="2" falsecount="0"/>
        <line num="22" count="150" type="stmt"/>
        <line num="26" count="40" type="stmt"/>
        <line num="27" count="40" type="cond" truecount="2" falsecount="0"/>
        <line num="28" count="24" type="stmt"/>
        <line num="30" count="16" type="stmt"/>
        <line num="32" count="40" type="stmt"/>
        <line num="33" count="40" type="stmt"/>
        <line num="37" count="12" type="stmt"/>
        <line num="38" count="12" type="cond" truecount="2" falsecount="0"/>
        <line num="39" count="2" type="stmt"/>
        <line num="41" count="10" type="cond" truecount="2" falsecount="0"/>
        <line num="42" count="4" type="stmt"/>
        <line num="43" count="4" type="stmt"/>
        <line num="44" count="4" type="stmt"/>
        <line num="45" count="4" type="stmt"/>
        <line num="47" count="6" type="stmt"/>
        <line num="48" count="6" type="stmt"/>
        <line num="49" count="4" type="cond" truecount="1" falsecount="1"/>
        <line num="50" count="4" type="stmt"/>
        <line num="51" count="4" type="stmt"/>
        <line num="52" count="4" type="stmt"/>
        <line num="53" count="4" type="stmt"/>
        <line num="55" count="0" type="stmt"/>
        <line num="58" count="2" type="stmt"/>
        <line num="62" count="12" type="stmt"/>
        <line num="63" count="12" type="cond" truecount="2" falsecount="0"/>
        <line num="64" count="2" type="stmt"/>
        <line num="66" count="10" type="cond" truecount="2" falsecount="0"/>
        <line num="67" count="6" type="stmt"/>
        <line num="68" count="6" type="stmt"/>
        <line num="69" count="6" type="cond" truecount="2" falsecount="0"/>
        <line num="70" count="6" type="stmt"/>
        <line num="71" count="6" type="stmt"/>
        <line num="73" count="4" type="stmt"/>
        <line num="74" count="4" type="stmt"/>
        <line num="75" count="4" type="cond" truecount="2" falsecount="0"/>
        <line num="76" count="2" type="stmt"/>
        <line num="77" count="2" type="stmt"/>
        <line num="78" count="2" type="stmt"/>
        <line num="79" count="2" type="stmt"/>
        <line num="81" count="2" type="stmt"/>
        <line num="84" count="2" type="cond" truecount="1" falsecount="1"/>
        <line num="85" count="0" type="stmt"/>
        <line num="86" count="0" type="stmt"/>
        <line num="88" count="2" type="stmt"/>
        <line num="93" count="8" type="cond" truecount="1" falsecount="1"/>
        <line num="94" count="8" type="cond" truecount="2" falsecount="0"/>
        <line num="95" count="4" type="cond" truecount="1" falsecount="1"/>
        <line num="96" count="4" type="stmt"/>
        <line num="97" count="4" type="stmt"/>
        <line num="98" count="4" type="stmt"/>
        <line num="100" count="4" type="stmt"/>
        <line num="101" count="4" type="stmt"/>
        <line num="102" count="6" type="cond" truecount="2" falsecount="0"/>
        <line num="103" count="4" type="stmt"/>
        <line num="104" count="4" type="cond" truecount="2" falsecount="0"/>
        <line num="105" count="4" type="stmt"/>
        <line num="106" count="4" type="stmt"/>
        <line num="108" count="2" type="stmt"/>
        <line num="114" count="8" type="stmt"/>
        <line num="115" count="8" type="stmt"/>
        <line num="116" count="18" type="cond" truecount="2" falsecount="0"/>
        <line num="117" count="12" type="stmt"/>
        <line num="119" count="2" type="stmt"/>
        <line num="123" count="10" type="stmt"/>
        <line num="124" count="10" type="stmt"/>
        <line num="125" count="10" type="stmt"/>
        <line num="126" count="36" type="stmt"/>
        <line num="127" count="36" type="stmt"/>
        <line num="129" count="10" type="stmt"/>
        <line num="130" count="10" type="stmt"/>
        <line num="134" count="16" type="cond" truecount="4" falsecount="0"/>
        <line num="135" count="6" type="stmt"/>
        <line num="137" count="10" type="stmt"/>
        <line num="138" count="10" type="stmt"/>
        <line num="139" count="20" type="stmt"/>
        <line num="141" count="10" type="stmt"/>
        <line num="145" count="12" type="cond" truecount="2" falsecount="0"/>
        <line num="146" count="2" type="stmt"/>
        <line num="148" count="10" type="stmt"/>
        <line num="149" count="10" type="stmt"/>
        <line num="150" count="8" type="stmt"/>
        <line num="152" count="10" type="stmt"/>
        <line num="156" count="6" type="stmt"/>
      </file>
    </package>
    <package name="linked-list-zip">
      <metrics statements="29" coveredstatements="29" conditionals="22" coveredconditionals="21" methods="1" coveredmethods="1"/>
      <file name="index.js" path="/Users/brandenge/courses/data-structures-and-algorithms/javascript/linked-list-zip/index.js">
        <metrics statements="29" coveredstatements="29" conditionals="22" coveredconditionals="21" methods="1" coveredmethods="1"/>
        <line num="4" count="8" type="cond" truecount="6" falsecount="0"/>
        <line num="5" count="6" type="cond" truecount="2" falsecount="0"/>
        <line num="6" count="1" type="stmt"/>
        <line num="7" count="1" type="stmt"/>
        <line num="9" count="5" type="cond" truecount="2" falsecount="0"/>
        <line num="10" count="1" type="stmt"/>
        <line num="11" count="1" type="stmt"/>
        <line num="12" count="4" type="cond" truecount="2" falsecount="0"/>
        <line num="13" count="1" type="stmt"/>
        <line num="14" count="1" type="stmt"/>
        <line num="15" count="1" type="stmt"/>
        <line num="17" count="3" type="stmt"/>
        <line num="18" count="3" type="stmt"/>
        <line num="19" count="3" type="cond" truecount="2" falsecount="0"/>
        <line num="20" count="8" type="cond" truecount="4" falsecount="0"/>
        <line num="21" count="6" type="stmt"/>
        <line num="22" count="6" type="stmt"/>
        <line num="23" count="6" type="stmt"/>
        <line num="24" count="6" type="stmt"/>
        <line num="25" count="6" type="stmt"/>
        <line num="26" count="6" type="stmt"/>
        <line num="27" count="2" type="cond" truecount="2" falsecount="0"/>
        <line num="28" count="1" type="stmt"/>
        <line num="29" count="1" type="stmt"/>
        <line num="30" count="1" type="cond" truecount="1" falsecount="1"/>
        <line num="31" count="1" type="stmt"/>
        <line num="32" count="1" type="stmt"/>
        <line num="35" count="2" type="stmt"/>
        <line num="38" count="1" type="stmt"/>
      </file>
    </package>
    <package name="merge-sort">
      <metrics statements="27" coveredstatements="27" conditionals="6" coveredconditionals="6" methods="2" coveredmethods="2"/>
      <file name="index.js" path="/Users/brandenge/courses/data-structures-and-algorithms/javascript/merge-sort/index.js">
        <metrics statements="27" coveredstatements="27" conditionals="6" coveredconditionals="6" methods="2" coveredmethods="2"/>
        <line num="4" count="55" type="stmt"/>
        <line num="6" count="55" type="cond" truecount="2" falsecount="0"/>
        <line num="7" count="25" type="stmt"/>
        <line num="8" count="25" type="stmt"/>
        <line num="9" count="25" type="stmt"/>
        <line num="10" count="25" type="stmt"/>
        <line num="11" count="25" type="stmt"/>
        <line num="12" count="25" type="stmt"/>
        <line num="17" count="25" type="stmt"/>
        <line num="18" count="25" type="stmt"/>
        <line num="20" count="25" type="cond" truecount="2" falsecount="0"/>
        <line num="21" count="46" type="cond" truecount="2" falsecount="0"/>
        <line num="22" count="29" type="stmt"/>
        <line num="23" count="29" type="stmt"/>
        <line num="25" count="17" type="stmt"/>
        <line num="26" count="17" type="stmt"/>
        <line num="28" count="46" type="stmt"/>
        <line num="31" count="25" type="stmt"/>
        <line num="32" count="16" type="stmt"/>
        <line num="33" count="16" type="stmt"/>
        <line num="34" count="16" type="stmt"/>
        <line num="36" count="25" type="stmt"/>
        <line num="37" count="18" type="stmt"/>
        <line num="38" count="18" type="stmt"/>
        <line num="39" count="18" type="stmt"/>
        <line num="41" count="25" type="stmt"/>
        <line num="44" count="1" type="stmt"/>
      </file>
    </package>
    <package name="sort-and-filter-movies">
      <metrics statements="16" coveredstatements="16" conditionals="8" coveredconditionals="8" methods="6" coveredmethods="6"/>
      <file name="movies.js" path="/Users/brandenge/courses/data-structures-and-algorithms/javascript/sort-and-filter-movies/movies.js">
        <metrics statements="2" coveredstatements="2" conditionals="0" coveredconditionals="0" methods="0" coveredmethods="0"/>
        <line num="4" count="1" type="stmt"/>
        <line num="61" count="1" type="stmt"/>
      </file>
      <file name="sort.js" path="/Users/brandenge/courses/data-structures-and-algorithms/javascript/sort-and-filter-movies/sort.js">
        <metrics statements="14" coveredstatements="14" conditionals="8" coveredconditionals="8" methods="6" coveredmethods="6"/>
        <line num="3" count="2" type="stmt"/>
        <line num="5" count="1" type="stmt"/>
        <line num="7" count="10" type="stmt"/>
        <line num="9" count="1" type="stmt"/>
        <line num="10" count="26" type="cond" truecount="2" falsecount="0"/>
        <line num="11" count="17" type="cond" truecount="2" falsecount="0"/>
        <line num="12" count="2" type="stmt"/>
        <line num="15" count="1" type="stmt"/>
        <line num="16" count="26" type="stmt"/>
        <line num="17" count="26" type="stmt"/>
        <line num="18" count="26" type="cond" truecount="2" falsecount="0"/>
        <line num="19" count="17" type="cond" truecount="2" falsecount="0"/>
        <line num="20" count="1" type="stmt"/>
        <line num="23" count="1" type="stmt"/>
      </file>
    </package>
    <package name="stack-and-queue">
      <metrics statements="31" coveredstatements="30" conditionals="14" coveredconditionals="14" methods="11" coveredmethods="10"/>
      <file name="index.js" path="/Users/brandenge/courses/data-structures-and-algorithms/javascript/stack-and-queue/index.js">
        <metrics statements="31" coveredstatements="30" conditionals="14" coveredconditionals="14" methods="11" coveredmethods="10"/>
        <line num="5" count="26" type="stmt"/>
        <line num="6" count="26" type="stmt"/>
        <line num="12" count="7" type="stmt"/>
        <line num="16" count="13" type="stmt"/>
        <line num="17" count="13" type="stmt"/>
        <line num="18" count="13" type="stmt"/>
        <line num="22" count="5" type="cond" truecount="2" falsecount="0"/>
        <line num="23" count="4" type="stmt"/>
        <line num="24" count="4" type="stmt"/>
        <line num="25" count="4" type="stmt"/>
        <line num="26" count="4" type="stmt"/>
        <line num="30" count="2" type="cond" truecount="2" falsecount="0"/>
        <line num="31" count="1" type="stmt"/>
        <line num="35" count="0" type="stmt"/>
        <line num="41" count="7" type="stmt"/>
        <line num="42" count="7" type="stmt"/>
        <line num="46" count="13" type="stmt"/>
        <line num="47" count="13" type="cond" truecount="2" falsecount="0"/>
        <line num="49" count="8" type="stmt"/>
        <line num="50" count="8" type="stmt"/>
        <line num="52" count="13" type="cond" truecount="2" falsecount="0"/>
        <line num="56" count="6" type="cond" truecount="2" falsecount="0"/>
        <line num="57" count="5" type="stmt"/>
        <line num="58" count="5" type="stmt"/>
        <line num="59" count="5" type="cond" truecount="2" falsecount="0"/>
        <line num="60" count="5" type="stmt"/>
        <line num="61" count="5" type="stmt"/>
        <line num="65" count="2" type="cond" truecount="2" falsecount="0"/>
        <line num="66" count="1" type="stmt"/>
        <line num="70" count="1" type="stmt"/>
        <line num="74" count="2" type="stmt"/>
      </file>
    </package>
    <package name="stack-queue-animal-shelter">
      <metrics statements="30" coveredstatements="27" conditionals="22" coveredconditionals="19" methods="4" coveredmethods="4"/>
      <file name="index.js" path="/Users/brandenge/courses/data-structures-and-algorithms/javascript/stack-queue-animal-shelter/index.js">
        <metrics statements="30" coveredstatements="27" conditionals="22" coveredconditionals="19" methods="4" coveredmethods="4"/>
        <line num="5" count="21" type="stmt"/>
        <line num="6" count="21" type="stmt"/>
        <line num="12" count="13" type="stmt"/>
        <line num="13" count="13" type="stmt"/>
        <line num="17" count="21" type="cond" truecount="3" falsecount="1"/>
        <line num="18" count="21" type="cond" truecount="2" falsecount="0"/>
        <line num="19" count="10" type="stmt"/>
        <line num="20" count="10" type="stmt"/>
        <line num="22" count="11" type="stmt"/>
        <line num="23" count="11" type="stmt"/>
        <line num="28" count="13" type="cond" truecount="4" falsecount="0"/>
        <line num="29" count="11" type="cond" truecount="2" falsecount="0"/>
        <line num="30" count="10" type="cond" truecount="2" falsecount="0"/>
        <line num="31" count="7" type="stmt"/>
        <line num="32" count="7" type="stmt"/>
        <line num="33" count="7" type="stmt"/>
        <line num="34" count="7" type="cond" truecount="2" falsecount="0"/>
        <line num="35" count="7" type="stmt"/>
        <line num="37" count="3" type="cond" truecount="2" falsecount="0"/>
        <line num="38" count="2" type="stmt"/>
        <line num="39" count="2" type="stmt"/>
        <line num="40" count="2" type="stmt"/>
        <line num="41" count="0" type="cond" truecount="0" falsecount="2"/>
        <line num="42" count="0" type="stmt"/>
        <line num="43" count="0" type="stmt"/>
        <line num="45" count="2" type="stmt"/>
        <line num="46" count="2" type="stmt"/>
        <line num="47" count="2" type="cond" truecount="2" falsecount="0"/>
        <line num="48" count="2" type="stmt"/>
        <line num="52" count="1" type="stmt"/>
      </file>
    </package>
    <package name="stack-queue-brackets">
      <metrics statements="16" coveredstatements="16" conditionals="26" coveredconditionals="25" methods="1" coveredmethods="1"/>
      <file name="index.js" path="/Users/brandenge/courses/data-structures-and-algorithms/javascript/stack-queue-brackets/index.js">
        <metrics statements="16" coveredstatements="16" conditionals="26" coveredconditionals="25" methods="1" coveredmethods="1"/>
        <line num="4" count="8" type="cond" truecount="4" falsecount="0"/>
        <line num="5" count="6" type="stmt"/>
        <line num="6" count="6" type="stmt"/>
        <line num="7" count="6" type="stmt"/>
        <line num="8" count="6" type="stmt"/>
        <line num="9" count="6" type="stmt"/>
        <line num="10" count="30" type="cond" truecount="2" falsecount="0"/>
        <line num="11" count="21" type="cond" truecount="2" falsecount="0"/>
        <line num="12" count="18" type="cond" truecount="2" falsecount="0"/>
        <line num="13" count="15" type="cond" truecount="2" falsecount="0"/>
        <line num="14" count="6" type="cond" truecount="2" falsecount="0"/>
        <line num="15" count="3" type="cond" truecount="1" falsecount="1"/>
        <line num="16" count="30" type="cond" truecount="5" falsecount="0"/>
        <line num="18" count="5" type="cond" truecount="5" falsecount="0"/>
        <line num="19" count="4" type="stmt"/>
        <line num="22" count="1" type="stmt"/>
      </file>
    </package>
    <package name="stack-queue-pseudo">
      <metrics statements="35" coveredstatements="33" conditionals="8" coveredconditionals="5" methods="8" coveredmethods="7"/>
      <file name="index.js" path="/Users/brandenge/courses/data-structures-and-algorithms/javascript/stack-queue-pseudo/index.js">
        <metrics statements="35" coveredstatements="33" conditionals="8" coveredconditionals="5" methods="8" coveredmethods="7"/>
        <line num="5" count="26" type="stmt"/>
        <line num="6" count="26" type="stmt"/>
        <line num="12" count="24" type="stmt"/>
        <line num="16" count="20" type="stmt"/>
        <line num="17" count="20" type="stmt"/>
        <line num="18" count="20" type="stmt"/>
        <line num="22" count="20" type="cond" truecount="1" falsecount="1"/>
        <line num="23" count="20" type="stmt"/>
        <line num="24" count="20" type="stmt"/>
        <line num="25" count="20" type="stmt"/>
        <line num="26" count="20" type="stmt"/>
        <line num="30" count="0" type="cond" truecount="0" falsecount="2"/>
        <line num="31" count="0" type="stmt"/>
        <line num="37" count="8" type="stmt"/>
        <line num="38" count="8" type="stmt"/>
        <line num="42" count="12" type="stmt"/>
        <line num="43" count="12" type="cond" truecount="2" falsecount="0"/>
        <line num="44" count="6" type="stmt"/>
        <line num="45" count="6" type="stmt"/>
        <line num="46" count="6" type="stmt"/>
        <line num="48" count="6" type="stmt"/>
        <line num="49" count="6" type="stmt"/>
        <line num="54" count="7" type="cond" truecount="2" falsecount="0"/>
        <line num="55" count="6" type="stmt"/>
        <line num="56" count="6" type="stmt"/>
        <line num="57" count="6" type="stmt"/>
        <line num="58" count="6" type="stmt"/>
        <line num="59" count="10" type="stmt"/>
        <line num="61" count="6" type="stmt"/>
        <line num="62" count="6" type="stmt"/>
        <line num="63" count="6" type="stmt"/>
        <line num="64" count="4" type="stmt"/>
        <line num="66" count="6" type="stmt"/>
        <line num="67" count="6" type="stmt"/>
        <line num="71" count="1" type="stmt"/>
      </file>
    </package>
    <package name="tree-fizz-buzz">
      <metrics statements="66" coveredstatements="64" conditionals="23" coveredconditionals="20" methods="11" coveredmethods="10"/>
      <file name="index.js" path="/Users/brandenge/courses/data-structures-and-algorithms/javascript/tree-fizz-buzz/index.js">
        <metrics statements="42" coveredstatements="42" conditionals="13" coveredconditionals="13" methods="3" coveredmethods="3"/>
        <line num="3" count="1" type="stmt"/>
        <line num="4" count="1" type="stmt"/>
        <line num="7" count="28" type="stmt"/>
        <line num="8" count="28" type="cond" truecount="2" falsecount="0"/>
        <line num="9" count="28" type="cond" truecount="2" falsecount="0"/>
        <line num="10" count="28" type="cond" truecount="5" falsecount="0"/>
        <line num="11" count="7" type="stmt"/>
        <line num="13" count="28" type="stmt"/>
        <line num="17" count="12" type="cond" truecount="2" falsecount="0"/>
        <line num="18" count="11" type="stmt"/>
        <line num="19" count="11" type="stmt"/>
        <line num="20" count="11" type="stmt"/>
        <line num="21" count="11" type="stmt"/>
        <line num="22" count="11" type="stmt"/>
        <line num="23" count="11" type="stmt"/>
        <line num="24" count="11" type="stmt"/>
        <line num="25" count="11" type="stmt"/>
        <line num="26" count="28" type="stmt"/>
        <line num="27" count="28" type="stmt"/>
        <line num="28" count="28" type="cond" truecount="2" falsecount="0"/>
        <line num="29" count="5" type="stmt"/>
        <line num="30" count="17" type="stmt"/>
        <line num="31" count="17" type="stmt"/>
        <line num="32" count="17" type="stmt"/>
        <line num="33" count="17" type="stmt"/>
        <line num="37" count="11" type="stmt"/>
        <line num="40" count="1" type="stmt"/>
        <line num="41" count="1" type="stmt"/>
        <line num="42" count="1" type="stmt"/>
        <line num="43" count="1" type="stmt"/>
        <line num="44" count="1" type="stmt"/>
        <line num="45" count="1" type="stmt"/>
        <line num="46" count="1" type="stmt"/>
        <line num="47" count="1" type="stmt"/>
        <line num="48" count="1" type="stmt"/>
        <line num="49" count="1" type="stmt"/>
        <line num="50" count="1" type="stmt"/>
        <line num="51" count="1" type="stmt"/>
        <line num="52" count="1" type="stmt"/>
        <line num="54" count="1" type="stmt"/>
        <line num="55" count="1" type="stmt"/>
        <line num="57" count="1" type="stmt"/>
      </file>
      <file name="karyTree.js" path="/Users/brandenge/courses/data-structures-and-algorithms/javascript/tree-fizz-buzz/karyTree.js">
        <metrics statements="5" coveredstatements="5" conditionals="0" coveredconditionals="0" methods="2" coveredmethods="2"/>
        <line num="3" count="56" type="stmt"/>
        <line num="4" count="56" type="stmt"/>
        <line num="10" count="23" type="stmt"/>
        <line num="11" count="23" type="stmt"/>
        <line num="15" count="1" type="stmt"/>
      </file>
      <file name="queue.js" path="/Users/brandenge/courses/data-structures-and-algorithms/javascript/tree-fizz-buzz/queue.js">
        <metrics statements="19" coveredstatements="17" conditionals="10" coveredconditionals="7" methods="6" coveredmethods="5"/>
        <line num="5" count="56" type="stmt"/>
        <line num="6" count="56" type="stmt"/>
        <line num="12" count="22" type="stmt"/>
        <line num="13" count="22" type="stmt"/>
        <line num="17" count="56" type="stmt"/>
        <line num="18" count="56" type="cond" truecount="2" falsecount="0"/>
        <line num="20" count="24" type="stmt"/>
        <line num="21" count="24" type="stmt"/>
        <line num="23" count="56" type="cond" truecount="2" falsecount="0"/>
        <line num="27" count="56" type="cond" truecount="1" falsecount="1"/>
        <line num="28" count="56" type="stmt"/>
        <line num="29" count="56" type="stmt"/>
        <line num="30" count="56" type="cond" truecount="2" falsecount="0"/>
        <line num="31" count="56" type="stmt"/>
        <line num="32" count="56" type="stmt"/>
        <line num="36" count="0" type="cond" truecount="0" falsecount="2"/>
        <line num="37" count="0" type="stmt"/>
        <line num="41" count="39" type="stmt"/>
        <line num="45" count="1" type="stmt"/>
      </file>
    </package>
    <package name="tree-intersection">
      <metrics statements="13" coveredstatements="13" conditionals="14" coveredconditionals="14" methods="3" coveredmethods="3"/>
      <file name="tree-intersection.js" path="/Users/brandenge/courses/data-structures-and-algorithms/javascript/tree-intersection/tree-intersection.js">
        <metrics statements="13" coveredstatements="13" conditionals="14" coveredconditionals="14" methods="3" coveredmethods="3"/>
        <line num="3" count="1" type="stmt"/>
        <line num="6" count="3" type="cond" truecount="4" falsecount="0"/>
        <line num="7" count="2" type="stmt"/>
        <line num="8" count="2" type="stmt"/>
        <line num="12" count="44" type="cond" truecount="2" falsecount="0"/>
        <line num="13" count="44" type="stmt"/>
        <line num="14" count="44" type="cond" truecount="2" falsecount="0"/>
        <line num="15" count="44" type="stmt"/>
        <line num="19" count="29" type="cond" truecount="2" falsecount="0"/>
        <line num="20" count="29" type="cond" truecount="2" falsecount="0"/>
        <line num="21" count="29" type="cond" truecount="2" falsecount="0"/>
        <line num="22" count="29" type="stmt"/>
        <line num="25" count="1" type="stmt"/>
      </file>
    </package>
    <package name="tree-max">
      <metrics statements="12" coveredstatements="12" conditionals="8" coveredconditionals="8" methods="4" coveredmethods="4"/>
      <file name="index.js" path="/Users/brandenge/courses/data-structures-and-algorithms/javascript/tree-max/index.js">
        <metrics statements="12" coveredstatements="12" conditionals="8" coveredconditionals="8" methods="4" coveredmethods="4"/>
        <line num="5" count="16" type="stmt"/>
        <line num="6" count="16" type="stmt"/>
        <line num="7" count="16" type="stmt"/>
        <line num="13" count="5" type="stmt"/>
        <line num="17" count="5" type="cond" truecount="2" falsecount="0"/>
        <line num="18" count="4" type="stmt"/>
        <line num="21" count="16" type="cond" truecount="2" falsecount="0"/>
        <line num="22" count="16" type="cond" truecount="2" falsecount="0"/>
        <line num="23" count="16" type="cond" truecount="2" falsecount="0"/>
        <line num="25" count="4" type="stmt"/>
        <line num="26" count="4" type="stmt"/>
        <line num="30" count="1" type="stmt"/>
      </file>
    </package>
  </project>
</coverage>
