{"/Users/brandenge/courses/data-structures-and-algorithms/javascript/binary-tree-and-bst/index.js": {"path":"/Users/brandenge/courses/data-structures-and-algorithms/javascript/binary-tree-and-bst/index.js","statementMap":{"0":{"start":{"line":5,"column":4},"end":{"line":5,"column":23}},"1":{"start":{"line":6,"column":4},"end":{"line":6,"column":21}},"2":{"start":{"line":7,"column":4},"end":{"line":7,"column":22}},"3":{"start":{"line":13,"column":4},"end":{"line":13,"column":21}},"4":{"start":{"line":17,"column":19},"end":{"line":17,"column":21}},"5":{"start":{"line":20,"column":6},"end":{"line":20,"column":33}},"6":{"start":{"line":21,"column":6},"end":{"line":21,"column":47}},"7":{"start":{"line":21,"column":24},"end":{"line":21,"column":47}},"8":{"start":{"line":22,"column":6},"end":{"line":22,"column":49}},"9":{"start":{"line":22,"column":25},"end":{"line":22,"column":49}},"10":{"start":{"line":24,"column":4},"end":{"line":24,"column":24}},"11":{"start":{"line":25,"column":4},"end":{"line":25,"column":18}},"12":{"start":{"line":29,"column":19},"end":{"line":29,"column":21}},"13":{"start":{"line":32,"column":6},"end":{"line":32,"column":47}},"14":{"start":{"line":32,"column":24},"end":{"line":32,"column":47}},"15":{"start":{"line":33,"column":6},"end":{"line":33,"column":33}},"16":{"start":{"line":34,"column":6},"end":{"line":34,"column":49}},"17":{"start":{"line":34,"column":25},"end":{"line":34,"column":49}},"18":{"start":{"line":36,"column":4},"end":{"line":36,"column":24}},"19":{"start":{"line":37,"column":4},"end":{"line":37,"column":18}},"20":{"start":{"line":41,"column":19},"end":{"line":41,"column":21}},"21":{"start":{"line":44,"column":6},"end":{"line":44,"column":47}},"22":{"start":{"line":44,"column":24},"end":{"line":44,"column":47}},"23":{"start":{"line":45,"column":6},"end":{"line":45,"column":49}},"24":{"start":{"line":45,"column":25},"end":{"line":45,"column":49}},"25":{"start":{"line":46,"column":6},"end":{"line":46,"column":33}},"26":{"start":{"line":48,"column":4},"end":{"line":48,"column":24}},"27":{"start":{"line":49,"column":4},"end":{"line":49,"column":18}},"28":{"start":{"line":55,"column":4},"end":{"line":55,"column":12}},"29":{"start":{"line":59,"column":17},"end":{"line":59,"column":38}},"30":{"start":{"line":60,"column":4},"end":{"line":63,"column":5}},"31":{"start":{"line":61,"column":6},"end":{"line":61,"column":23}},"32":{"start":{"line":62,"column":6},"end":{"line":62,"column":13}},"33":{"start":{"line":65,"column":6},"end":{"line":72,"column":7}},"34":{"start":{"line":66,"column":8},"end":{"line":67,"column":33}},"35":{"start":{"line":66,"column":26},"end":{"line":66,"column":49}},"36":{"start":{"line":67,"column":13},"end":{"line":67,"column":33}},"37":{"start":{"line":69,"column":11},"end":{"line":72,"column":7}},"38":{"start":{"line":70,"column":8},"end":{"line":71,"column":34}},"39":{"start":{"line":70,"column":27},"end":{"line":70,"column":51}},"40":{"start":{"line":71,"column":13},"end":{"line":71,"column":34}},"41":{"start":{"line":74,"column":4},"end":{"line":74,"column":24}},"42":{"start":{"line":78,"column":4},"end":{"line":78,"column":41}},"43":{"start":{"line":78,"column":28},"end":{"line":78,"column":41}},"44":{"start":{"line":80,"column":6},"end":{"line":83,"column":24}},"45":{"start":{"line":80,"column":35},"end":{"line":80,"column":47}},"46":{"start":{"line":81,"column":11},"end":{"line":83,"column":24}},"47":{"start":{"line":81,"column":54},"end":{"line":81,"column":84}},"48":{"start":{"line":82,"column":11},"end":{"line":83,"column":24}},"49":{"start":{"line":82,"column":55},"end":{"line":82,"column":86}},"50":{"start":{"line":83,"column":11},"end":{"line":83,"column":24}},"51":{"start":{"line":85,"column":4},"end":{"line":85,"column":31}},"52":{"start":{"line":91,"column":4},"end":{"line":91,"column":23}},"53":{"start":{"line":92,"column":4},"end":{"line":92,"column":23}},"54":{"start":{"line":98,"column":4},"end":{"line":98,"column":21}},"55":{"start":{"line":99,"column":4},"end":{"line":99,"column":15}},"56":{"start":{"line":103,"column":19},"end":{"line":103,"column":21}},"57":{"start":{"line":106,"column":6},"end":{"line":106,"column":33}},"58":{"start":{"line":107,"column":6},"end":{"line":107,"column":90}},"59":{"start":{"line":107,"column":39},"end":{"line":107,"column":90}},"60":{"start":{"line":107,"column":73},"end":{"line":107,"column":88}},"61":{"start":{"line":109,"column":4},"end":{"line":109,"column":24}},"62":{"start":{"line":110,"column":4},"end":{"line":110,"column":18}},"63":{"start":{"line":114,"column":19},"end":{"line":114,"column":21}},"64":{"start":{"line":117,"column":6},"end":{"line":121,"column":7}},"65":{"start":{"line":118,"column":8},"end":{"line":120,"column":9}},"66":{"start":{"line":118,"column":21},"end":{"line":118,"column":22}},"67":{"start":{"line":118,"column":30},"end":{"line":118,"column":53}},"68":{"start":{"line":119,"column":10},"end":{"line":119,"column":40}},"69":{"start":{"line":122,"column":6},"end":{"line":122,"column":33}},"70":{"start":{"line":123,"column":6},"end":{"line":127,"column":7}},"71":{"start":{"line":124,"column":8},"end":{"line":126,"column":9}},"72":{"start":{"line":124,"column":23},"end":{"line":124,"column":46}},"73":{"start":{"line":124,"column":52},"end":{"line":124,"column":70}},"74":{"start":{"line":125,"column":10},"end":{"line":125,"column":40}},"75":{"start":{"line":129,"column":4},"end":{"line":129,"column":24}},"76":{"start":{"line":130,"column":4},"end":{"line":130,"column":18}},"77":{"start":{"line":134,"column":19},"end":{"line":134,"column":21}},"78":{"start":{"line":137,"column":6},"end":{"line":137,"column":90}},"79":{"start":{"line":137,"column":39},"end":{"line":137,"column":90}},"80":{"start":{"line":137,"column":73},"end":{"line":137,"column":88}},"81":{"start":{"line":138,"column":6},"end":{"line":138,"column":33}},"82":{"start":{"line":140,"column":4},"end":{"line":140,"column":24}},"83":{"start":{"line":141,"column":4},"end":{"line":141,"column":18}},"84":{"start":{"line":145,"column":0},"end":{"line":145,"column":82}}},"fnMap":{"0":{"name":"(anonymous_0)","decl":{"start":{"line":4,"column":2},"end":{"line":4,"column":3}},"loc":{"start":{"line":4,"column":21},"end":{"line":8,"column":3}},"line":4},"1":{"name":"(anonymous_1)","decl":{"start":{"line":12,"column":2},"end":{"line":12,"column":3}},"loc":{"start":{"line":12,"column":16},"end":{"line":14,"column":3}},"line":12},"2":{"name":"(anonymous_2)","decl":{"start":{"line":16,"column":2},"end":{"line":16,"column":3}},"loc":{"start":{"line":16,"column":13},"end":{"line":26,"column":3}},"line":16},"3":{"name":"traverse","decl":{"start":{"line":19,"column":13},"end":{"line":19,"column":21}},"loc":{"start":{"line":19,"column":31},"end":{"line":23,"column":5}},"line":19},"4":{"name":"(anonymous_4)","decl":{"start":{"line":28,"column":2},"end":{"line":28,"column":3}},"loc":{"start":{"line":28,"column":12},"end":{"line":38,"column":3}},"line":28},"5":{"name":"traverse","decl":{"start":{"line":31,"column":13},"end":{"line":31,"column":21}},"loc":{"start":{"line":31,"column":31},"end":{"line":35,"column":5}},"line":31},"6":{"name":"(anonymous_6)","decl":{"start":{"line":40,"column":2},"end":{"line":40,"column":3}},"loc":{"start":{"line":40,"column":14},"end":{"line":50,"column":3}},"line":40},"7":{"name":"traverse","decl":{"start":{"line":43,"column":13},"end":{"line":43,"column":21}},"loc":{"start":{"line":43,"column":31},"end":{"line":47,"column":5}},"line":43},"8":{"name":"(anonymous_8)","decl":{"start":{"line":54,"column":2},"end":{"line":54,"column":3}},"loc":{"start":{"line":54,"column":16},"end":{"line":56,"column":3}},"line":54},"9":{"name":"(anonymous_9)","decl":{"start":{"line":58,"column":2},"end":{"line":58,"column":3}},"loc":{"start":{"line":58,"column":13},"end":{"line":75,"column":3}},"line":58},"10":{"name":"traverse","decl":{"start":{"line":64,"column":13},"end":{"line":64,"column":21}},"loc":{"start":{"line":64,"column":31},"end":{"line":73,"column":5}},"line":64},"11":{"name":"(anonymous_11)","decl":{"start":{"line":77,"column":2},"end":{"line":77,"column":3}},"loc":{"start":{"line":77,"column":18},"end":{"line":86,"column":3}},"line":77},"12":{"name":"traverse","decl":{"start":{"line":79,"column":13},"end":{"line":79,"column":21}},"loc":{"start":{"line":79,"column":31},"end":{"line":84,"column":5}},"line":79},"13":{"name":"(anonymous_13)","decl":{"start":{"line":90,"column":2},"end":{"line":90,"column":3}},"loc":{"start":{"line":90,"column":21},"end":{"line":93,"column":3}},"line":90},"14":{"name":"(anonymous_14)","decl":{"start":{"line":97,"column":2},"end":{"line":97,"column":3}},"loc":{"start":{"line":97,"column":17},"end":{"line":100,"column":3}},"line":97},"15":{"name":"(anonymous_15)","decl":{"start":{"line":102,"column":2},"end":{"line":102,"column":3}},"loc":{"start":{"line":102,"column":13},"end":{"line":111,"column":3}},"line":102},"16":{"name":"traverse","decl":{"start":{"line":105,"column":13},"end":{"line":105,"column":21}},"loc":{"start":{"line":105,"column":31},"end":{"line":108,"column":5}},"line":105},"17":{"name":"(anonymous_17)","decl":{"start":{"line":107,"column":64},"end":{"line":107,"column":65}},"loc":{"start":{"line":107,"column":73},"end":{"line":107,"column":88}},"line":107},"18":{"name":"(anonymous_18)","decl":{"start":{"line":113,"column":2},"end":{"line":113,"column":3}},"loc":{"start":{"line":113,"column":12},"end":{"line":131,"column":3}},"line":113},"19":{"name":"traverse","decl":{"start":{"line":116,"column":13},"end":{"line":116,"column":21}},"loc":{"start":{"line":116,"column":31},"end":{"line":128,"column":5}},"line":116},"20":{"name":"(anonymous_20)","decl":{"start":{"line":133,"column":2},"end":{"line":133,"column":3}},"loc":{"start":{"line":133,"column":14},"end":{"line":142,"column":3}},"line":133},"21":{"name":"traverse","decl":{"start":{"line":136,"column":13},"end":{"line":136,"column":21}},"loc":{"start":{"line":136,"column":31},"end":{"line":139,"column":5}},"line":136},"22":{"name":"(anonymous_22)","decl":{"start":{"line":137,"column":64},"end":{"line":137,"column":65}},"loc":{"start":{"line":137,"column":73},"end":{"line":137,"column":88}},"line":137}},"branchMap":{"0":{"loc":{"start":{"line":21,"column":6},"end":{"line":21,"column":47}},"type":"if","locations":[{"start":{"line":21,"column":6},"end":{"line":21,"column":47}},{"start":{},"end":{}}],"line":21},"1":{"loc":{"start":{"line":22,"column":6},"end":{"line":22,"column":49}},"type":"if","locations":[{"start":{"line":22,"column":6},"end":{"line":22,"column":49}},{"start":{},"end":{}}],"line":22},"2":{"loc":{"start":{"line":32,"column":6},"end":{"line":32,"column":47}},"type":"if","locations":[{"start":{"line":32,"column":6},"end":{"line":32,"column":47}},{"start":{},"end":{}}],"line":32},"3":{"loc":{"start":{"line":34,"column":6},"end":{"line":34,"column":49}},"type":"if","locations":[{"start":{"line":34,"column":6},"end":{"line":34,"column":49}},{"start":{},"end":{}}],"line":34},"4":{"loc":{"start":{"line":44,"column":6},"end":{"line":44,"column":47}},"type":"if","locations":[{"start":{"line":44,"column":6},"end":{"line":44,"column":47}},{"start":{},"end":{}}],"line":44},"5":{"loc":{"start":{"line":45,"column":6},"end":{"line":45,"column":49}},"type":"if","locations":[{"start":{"line":45,"column":6},"end":{"line":45,"column":49}},{"start":{},"end":{}}],"line":45},"6":{"loc":{"start":{"line":60,"column":4},"end":{"line":63,"column":5}},"type":"if","locations":[{"start":{"line":60,"column":4},"end":{"line":63,"column":5}},{"start":{},"end":{}}],"line":60},"7":{"loc":{"start":{"line":65,"column":6},"end":{"line":72,"column":7}},"type":"if","locations":[{"start":{"line":65,"column":6},"end":{"line":72,"column":7}},{"start":{"line":69,"column":11},"end":{"line":72,"column":7}}],"line":65},"8":{"loc":{"start":{"line":66,"column":8},"end":{"line":67,"column":33}},"type":"if","locations":[{"start":{"line":66,"column":8},"end":{"line":67,"column":33}},{"start":{"line":67,"column":13},"end":{"line":67,"column":33}}],"line":66},"9":{"loc":{"start":{"line":69,"column":11},"end":{"line":72,"column":7}},"type":"if","locations":[{"start":{"line":69,"column":11},"end":{"line":72,"column":7}},{"start":{},"end":{}}],"line":69},"10":{"loc":{"start":{"line":70,"column":8},"end":{"line":71,"column":34}},"type":"if","locations":[{"start":{"line":70,"column":8},"end":{"line":71,"column":34}},{"start":{"line":71,"column":13},"end":{"line":71,"column":34}}],"line":70},"11":{"loc":{"start":{"line":78,"column":4},"end":{"line":78,"column":41}},"type":"if","locations":[{"start":{"line":78,"column":4},"end":{"line":78,"column":41}},{"start":{},"end":{}}],"line":78},"12":{"loc":{"start":{"line":80,"column":6},"end":{"line":83,"column":24}},"type":"if","locations":[{"start":{"line":80,"column":6},"end":{"line":83,"column":24}},{"start":{"line":81,"column":11},"end":{"line":83,"column":24}}],"line":80},"13":{"loc":{"start":{"line":81,"column":11},"end":{"line":83,"column":24}},"type":"if","locations":[{"start":{"line":81,"column":11},"end":{"line":83,"column":24}},{"start":{"line":82,"column":11},"end":{"line":83,"column":24}}],"line":81},"14":{"loc":{"start":{"line":81,"column":15},"end":{"line":81,"column":52}},"type":"binary-expr","locations":[{"start":{"line":81,"column":15},"end":{"line":81,"column":36}},{"start":{"line":81,"column":40},"end":{"line":81,"column":52}}],"line":81},"15":{"loc":{"start":{"line":82,"column":11},"end":{"line":83,"column":24}},"type":"if","locations":[{"start":{"line":82,"column":11},"end":{"line":83,"column":24}},{"start":{"line":83,"column":11},"end":{"line":83,"column":24}}],"line":82},"16":{"loc":{"start":{"line":82,"column":15},"end":{"line":82,"column":53}},"type":"binary-expr","locations":[{"start":{"line":82,"column":15},"end":{"line":82,"column":36}},{"start":{"line":82,"column":40},"end":{"line":82,"column":53}}],"line":82},"17":{"loc":{"start":{"line":107,"column":6},"end":{"line":107,"column":90}},"type":"if","locations":[{"start":{"line":107,"column":6},"end":{"line":107,"column":90}},{"start":{},"end":{}}],"line":107},"18":{"loc":{"start":{"line":117,"column":6},"end":{"line":121,"column":7}},"type":"if","locations":[{"start":{"line":117,"column":6},"end":{"line":121,"column":7}},{"start":{},"end":{}}],"line":117},"19":{"loc":{"start":{"line":123,"column":6},"end":{"line":127,"column":7}},"type":"if","locations":[{"start":{"line":123,"column":6},"end":{"line":127,"column":7}},{"start":{},"end":{}}],"line":123},"20":{"loc":{"start":{"line":137,"column":6},"end":{"line":137,"column":90}},"type":"if","locations":[{"start":{"line":137,"column":6},"end":{"line":137,"column":90}},{"start":{},"end":{}}],"line":137}},"s":{"0":38,"1":38,"2":38,"3":10,"4":2,"5":4,"6":4,"7":1,"8":4,"9":1,"10":2,"11":2,"12":3,"13":7,"14":2,"15":7,"16":7,"17":2,"18":3,"19":3,"20":2,"21":4,"22":1,"23":4,"24":1,"25":4,"26":2,"27":2,"28":1,"29":3,"30":3,"31":1,"32":1,"33":2,"34":1,"35":0,"36":1,"37":1,"38":1,"39":0,"40":1,"41":2,"42":2,"43":0,"44":4,"45":1,"46":3,"47":0,"48":3,"49":2,"50":1,"51":2,"52":12,"53":12,"54":3,"55":3,"56":4,"57":16,"58":16,"59":5,"60":12,"61":4,"62":4,"63":4,"64":16,"65":5,"66":5,"67":5,"68":7,"69":16,"70":16,"71":5,"72":5,"73":5,"74":5,"75":4,"76":4,"77":4,"78":16,"79":5,"80":12,"81":16,"82":4,"83":4,"84":4},"f":{"0":38,"1":10,"2":2,"3":4,"4":3,"5":7,"6":2,"7":4,"8":1,"9":3,"10":2,"11":2,"12":4,"13":12,"14":3,"15":4,"16":16,"17":12,"18":4,"19":16,"20":4,"21":16,"22":12},"b":{"0":[1,3],"1":[1,3],"2":[2,5],"3":[2,5],"4":[1,3],"5":[1,3],"6":[1,2],"7":[1,1],"8":[0,1],"9":[1,0],"10":[0,1],"11":[0,2],"12":[1,3],"13":[0,3],"14":[3,0],"15":[2,1],"16":[3,3],"17":[5,11],"18":[5,11],"19":[5,11],"20":[5,11]},"_coverageSchema":"1a1c01bbd47fc00a2c39e90264f33305004495a9","hash":"717e1bf9191ac4b060d09530ab86aa16a909c5fe"}
,"/Users/brandenge/courses/data-structures-and-algorithms/javascript/doubly-linked-list/index.js": {"path":"/Users/brandenge/courses/data-structures-and-algorithms/javascript/doubly-linked-list/index.js","statementMap":{"0":{"start":{"line":5,"column":4},"end":{"line":5,"column":23}},"1":{"start":{"line":6,"column":4},"end":{"line":6,"column":21}},"2":{"start":{"line":7,"column":4},"end":{"line":7,"column":21}},"3":{"start":{"line":13,"column":4},"end":{"line":13,"column":21}},"4":{"start":{"line":17,"column":20},"end":{"line":17,"column":35}},"5":{"start":{"line":18,"column":4},"end":{"line":18,"column":29}},"6":{"start":{"line":19,"column":4},"end":{"line":19,"column":53}},"7":{"start":{"line":19,"column":28},"end":{"line":19,"column":53}},"8":{"start":{"line":20,"column":4},"end":{"line":20,"column":24}},"9":{"start":{"line":24,"column":22},"end":{"line":24,"column":31}},"10":{"start":{"line":25,"column":4},"end":{"line":28,"column":5}},"11":{"start":{"line":26,"column":6},"end":{"line":26,"column":51}},"12":{"start":{"line":26,"column":39},"end":{"line":26,"column":51}},"13":{"start":{"line":27,"column":6},"end":{"line":27,"column":37}},"14":{"start":{"line":29,"column":4},"end":{"line":29,"column":17}},"15":{"start":{"line":33,"column":22},"end":{"line":33,"column":31}},"16":{"start":{"line":34,"column":17},"end":{"line":34,"column":23}},"17":{"start":{"line":35,"column":4},"end":{"line":38,"column":5}},"18":{"start":{"line":36,"column":6},"end":{"line":36,"column":51}},"19":{"start":{"line":37,"column":6},"end":{"line":37,"column":37}},"20":{"start":{"line":39,"column":4},"end":{"line":39,"column":21}},"21":{"start":{"line":40,"column":4},"end":{"line":40,"column":18}},"22":{"start":{"line":44,"column":0},"end":{"line":44,"column":34}}},"fnMap":{"0":{"name":"(anonymous_0)","decl":{"start":{"line":4,"column":2},"end":{"line":4,"column":3}},"loc":{"start":{"line":4,"column":21},"end":{"line":8,"column":3}},"line":4},"1":{"name":"(anonymous_1)","decl":{"start":{"line":12,"column":2},"end":{"line":12,"column":3}},"loc":{"start":{"line":12,"column":16},"end":{"line":14,"column":3}},"line":12},"2":{"name":"(anonymous_2)","decl":{"start":{"line":16,"column":2},"end":{"line":16,"column":3}},"loc":{"start":{"line":16,"column":16},"end":{"line":21,"column":3}},"line":16},"3":{"name":"(anonymous_3)","decl":{"start":{"line":23,"column":2},"end":{"line":23,"column":3}},"loc":{"start":{"line":23,"column":18},"end":{"line":30,"column":3}},"line":23},"4":{"name":"(anonymous_4)","decl":{"start":{"line":32,"column":2},"end":{"line":32,"column":3}},"loc":{"start":{"line":32,"column":13},"end":{"line":41,"column":3}},"line":32}},"branchMap":{"0":{"loc":{"start":{"line":19,"column":4},"end":{"line":19,"column":53}},"type":"if","locations":[{"start":{"line":19,"column":4},"end":{"line":19,"column":53}},{"start":{},"end":{}}],"line":19},"1":{"loc":{"start":{"line":26,"column":6},"end":{"line":26,"column":51}},"type":"if","locations":[{"start":{"line":26,"column":6},"end":{"line":26,"column":51}},{"start":{},"end":{}}],"line":26}},"s":{"0":21,"1":21,"2":21,"3":9,"4":21,"5":21,"6":21,"7":13,"8":21,"9":4,"10":4,"11":9,"12":3,"13":6,"14":1,"15":1,"16":1,"17":1,"18":3,"19":3,"20":1,"21":1,"22":1},"f":{"0":21,"1":9,"2":21,"3":4,"4":1},"b":{"0":[13,8],"1":[3,6]},"_coverageSchema":"1a1c01bbd47fc00a2c39e90264f33305004495a9","hash":"cefe2dc4cba4fe4f85d2324f10cd7a74479ab440"}
,"/Users/brandenge/courses/data-structures-and-algorithms/javascript/graph/index.js": {"path":"/Users/brandenge/courses/data-structures-and-algorithms/javascript/graph/index.js","statementMap":{"0":{"start":{"line":5,"column":4},"end":{"line":5,"column":23}},"1":{"start":{"line":11,"column":4},"end":{"line":11,"column":21}},"2":{"start":{"line":12,"column":4},"end":{"line":12,"column":25}},"3":{"start":{"line":18,"column":4},"end":{"line":18,"column":35}},"4":{"start":{"line":22,"column":17},"end":{"line":22,"column":32}},"5":{"start":{"line":23,"column":4},"end":{"line":23,"column":37}},"6":{"start":{"line":24,"column":4},"end":{"line":24,"column":16}},"7":{"start":{"line":28,"column":22},"end":{"line":28,"column":55}},"8":{"start":{"line":29,"column":17},"end":{"line":29,"column":42}},"9":{"start":{"line":30,"column":4},"end":{"line":30,"column":25}},"10":{"start":{"line":31,"column":4},"end":{"line":31,"column":16}},"11":{"start":{"line":35,"column":4},"end":{"line":35,"column":42}},"12":{"start":{"line":39,"column":4},"end":{"line":39,"column":45}},"13":{"start":{"line":43,"column":4},"end":{"line":43,"column":35}},"14":{"start":{"line":47,"column":4},"end":{"line":47,"column":25}},"15":{"start":{"line":47,"column":15},"end":{"line":47,"column":25}},"16":{"start":{"line":48,"column":18},"end":{"line":48,"column":24}},"17":{"start":{"line":49,"column":20},"end":{"line":49,"column":29}},"18":{"start":{"line":50,"column":4},"end":{"line":50,"column":22}},"19":{"start":{"line":53,"column":4},"end":{"line":63,"column":5}},"20":{"start":{"line":54,"column":6},"end":{"line":54,"column":28}},"21":{"start":{"line":55,"column":6},"end":{"line":55,"column":44}},"22":{"start":{"line":55,"column":20},"end":{"line":55,"column":44}},"23":{"start":{"line":56,"column":24},"end":{"line":56,"column":50}},"24":{"start":{"line":57,"column":6},"end":{"line":62,"column":7}},"25":{"start":{"line":58,"column":8},"end":{"line":61,"column":9}},"26":{"start":{"line":59,"column":10},"end":{"line":59,"column":33}},"27":{"start":{"line":60,"column":10},"end":{"line":60,"column":35}},"28":{"start":{"line":64,"column":4},"end":{"line":64,"column":24}},"29":{"start":{"line":68,"column":4},"end":{"line":68,"column":25}},"30":{"start":{"line":68,"column":15},"end":{"line":68,"column":25}},"31":{"start":{"line":69,"column":18},"end":{"line":69,"column":24}},"32":{"start":{"line":70,"column":20},"end":{"line":70,"column":29}},"33":{"start":{"line":71,"column":4},"end":{"line":71,"column":22}},"34":{"start":{"line":74,"column":4},"end":{"line":84,"column":5}},"35":{"start":{"line":75,"column":6},"end":{"line":75,"column":28}},"36":{"start":{"line":76,"column":6},"end":{"line":76,"column":44}},"37":{"start":{"line":76,"column":20},"end":{"line":76,"column":44}},"38":{"start":{"line":77,"column":24},"end":{"line":77,"column":50}},"39":{"start":{"line":78,"column":6},"end":{"line":83,"column":7}},"40":{"start":{"line":79,"column":8},"end":{"line":82,"column":9}},"41":{"start":{"line":80,"column":10},"end":{"line":80,"column":33}},"42":{"start":{"line":81,"column":10},"end":{"line":81,"column":32}},"43":{"start":{"line":85,"column":4},"end":{"line":85,"column":24}},"44":{"start":{"line":89,"column":0},"end":{"line":89,"column":23}}},"fnMap":{"0":{"name":"(anonymous_0)","decl":{"start":{"line":4,"column":2},"end":{"line":4,"column":3}},"loc":{"start":{"line":4,"column":21},"end":{"line":6,"column":3}},"line":4},"1":{"name":"(anonymous_1)","decl":{"start":{"line":10,"column":2},"end":{"line":10,"column":3}},"loc":{"start":{"line":10,"column":32},"end":{"line":13,"column":3}},"line":10},"2":{"name":"(anonymous_2)","decl":{"start":{"line":17,"column":2},"end":{"line":17,"column":3}},"loc":{"start":{"line":17,"column":16},"end":{"line":19,"column":3}},"line":17},"3":{"name":"(anonymous_3)","decl":{"start":{"line":21,"column":2},"end":{"line":21,"column":3}},"loc":{"start":{"line":21,"column":17},"end":{"line":25,"column":3}},"line":21},"4":{"name":"(anonymous_4)","decl":{"start":{"line":27,"column":2},"end":{"line":27,"column":3}},"loc":{"start":{"line":27,"column":42},"end":{"line":32,"column":3}},"line":27},"5":{"name":"(anonymous_5)","decl":{"start":{"line":34,"column":2},"end":{"line":34,"column":3}},"loc":{"start":{"line":34,"column":13},"end":{"line":36,"column":3}},"line":34},"6":{"name":"(anonymous_6)","decl":{"start":{"line":38,"column":2},"end":{"line":38,"column":3}},"loc":{"start":{"line":38,"column":21},"end":{"line":40,"column":3}},"line":38},"7":{"name":"(anonymous_7)","decl":{"start":{"line":42,"column":2},"end":{"line":42,"column":3}},"loc":{"start":{"line":42,"column":9},"end":{"line":44,"column":3}},"line":42},"8":{"name":"(anonymous_8)","decl":{"start":{"line":46,"column":2},"end":{"line":46,"column":3}},"loc":{"start":{"line":46,"column":40},"end":{"line":65,"column":3}},"line":46},"9":{"name":"(anonymous_9)","decl":{"start":{"line":67,"column":2},"end":{"line":67,"column":3}},"loc":{"start":{"line":67,"column":38},"end":{"line":86,"column":3}},"line":67}},"branchMap":{"0":{"loc":{"start":{"line":10,"column":20},"end":{"line":10,"column":30}},"type":"default-arg","locations":[{"start":{"line":10,"column":29},"end":{"line":10,"column":30}}],"line":10},"1":{"loc":{"start":{"line":27,"column":30},"end":{"line":27,"column":40}},"type":"default-arg","locations":[{"start":{"line":27,"column":39},"end":{"line":27,"column":40}}],"line":27},"2":{"loc":{"start":{"line":47,"column":4},"end":{"line":47,"column":25}},"type":"if","locations":[{"start":{"line":47,"column":4},"end":{"line":47,"column":25}},{"start":{},"end":{}}],"line":47},"3":{"loc":{"start":{"line":55,"column":6},"end":{"line":55,"column":44}},"type":"if","locations":[{"start":{"line":55,"column":6},"end":{"line":55,"column":44}},{"start":{},"end":{}}],"line":55},"4":{"loc":{"start":{"line":58,"column":8},"end":{"line":61,"column":9}},"type":"if","locations":[{"start":{"line":58,"column":8},"end":{"line":61,"column":9}},{"start":{},"end":{}}],"line":58},"5":{"loc":{"start":{"line":68,"column":4},"end":{"line":68,"column":25}},"type":"if","locations":[{"start":{"line":68,"column":4},"end":{"line":68,"column":25}},{"start":{},"end":{}}],"line":68},"6":{"loc":{"start":{"line":76,"column":6},"end":{"line":76,"column":44}},"type":"if","locations":[{"start":{"line":76,"column":6},"end":{"line":76,"column":44}},{"start":{},"end":{}}],"line":76},"7":{"loc":{"start":{"line":79,"column":8},"end":{"line":82,"column":9}},"type":"if","locations":[{"start":{"line":79,"column":8},"end":{"line":82,"column":9}},{"start":{},"end":{}}],"line":79}},"s":{"0":14,"1":19,"2":19,"3":3,"4":14,"5":14,"6":14,"7":19,"8":19,"9":19,"10":19,"11":5,"12":19,"13":2,"14":0,"15":0,"16":0,"17":0,"18":0,"19":0,"20":0,"21":0,"22":0,"23":0,"24":0,"25":0,"26":0,"27":0,"28":0,"29":0,"30":0,"31":0,"32":0,"33":0,"34":0,"35":0,"36":0,"37":0,"38":0,"39":0,"40":0,"41":0,"42":0,"43":0,"44":2},"f":{"0":14,"1":19,"2":3,"3":14,"4":19,"5":5,"6":19,"7":2,"8":0,"9":0},"b":{"0":[0],"1":[0],"2":[0,0],"3":[0,0],"4":[0,0],"5":[0,0],"6":[0,0],"7":[0,0]},"_coverageSchema":"1a1c01bbd47fc00a2c39e90264f33305004495a9","hash":"2c4d824c623b2e0aae4c1efcf559e7f4c3bb860b"}
,"/Users/brandenge/courses/data-structures-and-algorithms/javascript/graph-breadth-first/index.js": {"path":"/Users/brandenge/courses/data-structures-and-algorithms/javascript/graph-breadth-first/index.js","statementMap":{"0":{"start":{"line":5,"column":4},"end":{"line":5,"column":23}},"1":{"start":{"line":11,"column":4},"end":{"line":11,"column":21}},"2":{"start":{"line":12,"column":4},"end":{"line":12,"column":25}},"3":{"start":{"line":18,"column":4},"end":{"line":18,"column":35}},"4":{"start":{"line":22,"column":17},"end":{"line":22,"column":32}},"5":{"start":{"line":23,"column":4},"end":{"line":23,"column":37}},"6":{"start":{"line":24,"column":4},"end":{"line":24,"column":16}},"7":{"start":{"line":28,"column":22},"end":{"line":28,"column":55}},"8":{"start":{"line":29,"column":17},"end":{"line":29,"column":42}},"9":{"start":{"line":30,"column":4},"end":{"line":30,"column":25}},"10":{"start":{"line":31,"column":4},"end":{"line":31,"column":16}},"11":{"start":{"line":35,"column":4},"end":{"line":35,"column":42}},"12":{"start":{"line":39,"column":4},"end":{"line":39,"column":45}},"13":{"start":{"line":43,"column":4},"end":{"line":43,"column":35}},"14":{"start":{"line":47,"column":4},"end":{"line":47,"column":25}},"15":{"start":{"line":47,"column":15},"end":{"line":47,"column":25}},"16":{"start":{"line":48,"column":18},"end":{"line":48,"column":24}},"17":{"start":{"line":49,"column":20},"end":{"line":49,"column":29}},"18":{"start":{"line":50,"column":4},"end":{"line":50,"column":22}},"19":{"start":{"line":52,"column":4},"end":{"line":62,"column":5}},"20":{"start":{"line":53,"column":6},"end":{"line":53,"column":28}},"21":{"start":{"line":54,"column":6},"end":{"line":54,"column":44}},"22":{"start":{"line":54,"column":20},"end":{"line":54,"column":44}},"23":{"start":{"line":55,"column":24},"end":{"line":55,"column":50}},"24":{"start":{"line":56,"column":6},"end":{"line":61,"column":7}},"25":{"start":{"line":57,"column":8},"end":{"line":60,"column":9}},"26":{"start":{"line":58,"column":10},"end":{"line":58,"column":33}},"27":{"start":{"line":59,"column":10},"end":{"line":59,"column":35}},"28":{"start":{"line":63,"column":4},"end":{"line":63,"column":24}},"29":{"start":{"line":67,"column":4},"end":{"line":67,"column":25}},"30":{"start":{"line":67,"column":15},"end":{"line":67,"column":25}},"31":{"start":{"line":68,"column":18},"end":{"line":68,"column":24}},"32":{"start":{"line":69,"column":20},"end":{"line":69,"column":29}},"33":{"start":{"line":70,"column":4},"end":{"line":70,"column":22}},"34":{"start":{"line":73,"column":4},"end":{"line":83,"column":5}},"35":{"start":{"line":74,"column":6},"end":{"line":74,"column":28}},"36":{"start":{"line":75,"column":6},"end":{"line":75,"column":27}},"37":{"start":{"line":76,"column":6},"end":{"line":76,"column":44}},"38":{"start":{"line":76,"column":20},"end":{"line":76,"column":44}},"39":{"start":{"line":77,"column":24},"end":{"line":77,"column":50}},"40":{"start":{"line":78,"column":6},"end":{"line":82,"column":7}},"41":{"start":{"line":79,"column":8},"end":{"line":81,"column":9}},"42":{"start":{"line":80,"column":10},"end":{"line":80,"column":32}},"43":{"start":{"line":84,"column":4},"end":{"line":84,"column":24}},"44":{"start":{"line":88,"column":4},"end":{"line":88,"column":59}},"45":{"start":{"line":92,"column":0},"end":{"line":92,"column":23}}},"fnMap":{"0":{"name":"(anonymous_0)","decl":{"start":{"line":4,"column":2},"end":{"line":4,"column":3}},"loc":{"start":{"line":4,"column":21},"end":{"line":6,"column":3}},"line":4},"1":{"name":"(anonymous_1)","decl":{"start":{"line":10,"column":2},"end":{"line":10,"column":3}},"loc":{"start":{"line":10,"column":32},"end":{"line":13,"column":3}},"line":10},"2":{"name":"(anonymous_2)","decl":{"start":{"line":17,"column":2},"end":{"line":17,"column":3}},"loc":{"start":{"line":17,"column":16},"end":{"line":19,"column":3}},"line":17},"3":{"name":"(anonymous_3)","decl":{"start":{"line":21,"column":2},"end":{"line":21,"column":3}},"loc":{"start":{"line":21,"column":17},"end":{"line":25,"column":3}},"line":21},"4":{"name":"(anonymous_4)","decl":{"start":{"line":27,"column":2},"end":{"line":27,"column":3}},"loc":{"start":{"line":27,"column":42},"end":{"line":32,"column":3}},"line":27},"5":{"name":"(anonymous_5)","decl":{"start":{"line":34,"column":2},"end":{"line":34,"column":3}},"loc":{"start":{"line":34,"column":13},"end":{"line":36,"column":3}},"line":34},"6":{"name":"(anonymous_6)","decl":{"start":{"line":38,"column":2},"end":{"line":38,"column":3}},"loc":{"start":{"line":38,"column":21},"end":{"line":40,"column":3}},"line":38},"7":{"name":"(anonymous_7)","decl":{"start":{"line":42,"column":2},"end":{"line":42,"column":3}},"loc":{"start":{"line":42,"column":9},"end":{"line":44,"column":3}},"line":42},"8":{"name":"(anonymous_8)","decl":{"start":{"line":46,"column":2},"end":{"line":46,"column":3}},"loc":{"start":{"line":46,"column":40},"end":{"line":64,"column":3}},"line":46},"9":{"name":"(anonymous_9)","decl":{"start":{"line":66,"column":2},"end":{"line":66,"column":3}},"loc":{"start":{"line":66,"column":38},"end":{"line":85,"column":3}},"line":66},"10":{"name":"(anonymous_10)","decl":{"start":{"line":87,"column":2},"end":{"line":87,"column":3}},"loc":{"start":{"line":87,"column":29},"end":{"line":89,"column":3}},"line":87}},"branchMap":{"0":{"loc":{"start":{"line":10,"column":20},"end":{"line":10,"column":30}},"type":"default-arg","locations":[{"start":{"line":10,"column":29},"end":{"line":10,"column":30}}],"line":10},"1":{"loc":{"start":{"line":27,"column":30},"end":{"line":27,"column":40}},"type":"default-arg","locations":[{"start":{"line":27,"column":39},"end":{"line":27,"column":40}}],"line":27},"2":{"loc":{"start":{"line":47,"column":4},"end":{"line":47,"column":25}},"type":"if","locations":[{"start":{"line":47,"column":4},"end":{"line":47,"column":25}},{"start":{},"end":{}}],"line":47},"3":{"loc":{"start":{"line":54,"column":6},"end":{"line":54,"column":44}},"type":"if","locations":[{"start":{"line":54,"column":6},"end":{"line":54,"column":44}},{"start":{},"end":{}}],"line":54},"4":{"loc":{"start":{"line":57,"column":8},"end":{"line":60,"column":9}},"type":"if","locations":[{"start":{"line":57,"column":8},"end":{"line":60,"column":9}},{"start":{},"end":{}}],"line":57},"5":{"loc":{"start":{"line":67,"column":4},"end":{"line":67,"column":25}},"type":"if","locations":[{"start":{"line":67,"column":4},"end":{"line":67,"column":25}},{"start":{},"end":{}}],"line":67},"6":{"loc":{"start":{"line":76,"column":6},"end":{"line":76,"column":44}},"type":"if","locations":[{"start":{"line":76,"column":6},"end":{"line":76,"column":44}},{"start":{},"end":{}}],"line":76},"7":{"loc":{"start":{"line":79,"column":8},"end":{"line":81,"column":9}},"type":"if","locations":[{"start":{"line":79,"column":8},"end":{"line":81,"column":9}},{"start":{},"end":{}}],"line":79}},"s":{"0":8,"1":8,"2":8,"3":3,"4":8,"5":8,"6":8,"7":8,"8":8,"9":8,"10":8,"11":0,"12":25,"13":0,"14":4,"15":1,"16":3,"17":3,"18":3,"19":3,"20":13,"21":13,"22":6,"23":13,"24":13,"25":16,"26":10,"27":10,"28":3,"29":2,"30":0,"31":2,"32":2,"33":2,"34":2,"35":12,"36":12,"37":12,"38":0,"39":12,"40":12,"41":16,"42":10,"43":2,"44":2,"45":1},"f":{"0":8,"1":8,"2":3,"3":8,"4":8,"5":0,"6":25,"7":0,"8":4,"9":2,"10":2},"b":{"0":[0],"1":[8],"2":[1,3],"3":[6,7],"4":[10,6],"5":[0,2],"6":[0,12],"7":[10,6]},"_coverageSchema":"1a1c01bbd47fc00a2c39e90264f33305004495a9","hash":"3b0f7f8bb9a88cdfe01c709761955aba02e8f20c"}
,"/Users/brandenge/courses/data-structures-and-algorithms/javascript/graph-business-trip/index.js": {"path":"/Users/brandenge/courses/data-structures-and-algorithms/javascript/graph-business-trip/index.js","statementMap":{"0":{"start":{"line":4,"column":12},"end":{"line":4,"column":13}},"1":{"start":{"line":5,"column":16},"end":{"line":5,"column":32}},"2":{"start":{"line":6,"column":20},"end":{"line":9,"column":4}},"3":{"start":{"line":7,"column":18},"end":{"line":7,"column":62}},"4":{"start":{"line":7,"column":42},"end":{"line":7,"column":61}},"5":{"start":{"line":8,"column":4},"end":{"line":8,"column":24}},"6":{"start":{"line":11,"column":2},"end":{"line":16,"column":3}},"7":{"start":{"line":11,"column":15},"end":{"line":11,"column":16}},"8":{"start":{"line":11,"column":24},"end":{"line":11,"column":44}},"9":{"start":{"line":12,"column":18},"end":{"line":12,"column":50}},"10":{"start":{"line":13,"column":22},"end":{"line":13,"column":83}},"11":{"start":{"line":13,"column":46},"end":{"line":13,"column":82}},"12":{"start":{"line":14,"column":4},"end":{"line":15,"column":40}},"13":{"start":{"line":14,"column":26},"end":{"line":14,"column":38}},"14":{"start":{"line":15,"column":9},"end":{"line":15,"column":40}},"15":{"start":{"line":17,"column":2},"end":{"line":17,"column":29}},"16":{"start":{"line":17,"column":17},"end":{"line":17,"column":29}},"17":{"start":{"line":18,"column":2},"end":{"line":18,"column":19}},"18":{"start":{"line":21,"column":0},"end":{"line":21,"column":30}}},"fnMap":{"0":{"name":"businessTrip","decl":{"start":{"line":3,"column":9},"end":{"line":3,"column":21}},"loc":{"start":{"line":3,"column":40},"end":{"line":19,"column":1}},"line":3},"1":{"name":"(anonymous_1)","decl":{"start":{"line":6,"column":34},"end":{"line":6,"column":35}},"loc":{"start":{"line":6,"column":42},"end":{"line":9,"column":3}},"line":6},"2":{"name":"(anonymous_2)","decl":{"start":{"line":7,"column":34},"end":{"line":7,"column":35}},"loc":{"start":{"line":7,"column":42},"end":{"line":7,"column":61}},"line":7},"3":{"name":"(anonymous_3)","decl":{"start":{"line":13,"column":38},"end":{"line":13,"column":39}},"loc":{"start":{"line":13,"column":46},"end":{"line":13,"column":82}},"line":13}},"branchMap":{"0":{"loc":{"start":{"line":14,"column":4},"end":{"line":15,"column":40}},"type":"if","locations":[{"start":{"line":14,"column":4},"end":{"line":15,"column":40}},{"start":{"line":15,"column":9},"end":{"line":15,"column":40}}],"line":14},"1":{"loc":{"start":{"line":17,"column":2},"end":{"line":17,"column":29}},"type":"if","locations":[{"start":{"line":17,"column":2},"end":{"line":17,"column":29}},{"start":{},"end":{}}],"line":17}},"s":{"0":4,"1":4,"2":4,"3":10,"4":36,"5":10,"6":4,"7":4,"8":4,"9":5,"10":5,"11":5,"12":5,"13":2,"14":3,"15":2,"16":0,"17":2,"18":1},"f":{"0":4,"1":10,"2":36,"3":5},"b":{"0":[2,3],"1":[0,2]},"_coverageSchema":"1a1c01bbd47fc00a2c39e90264f33305004495a9","hash":"ba7119bb516305dd24697e754d1633d161b7f4e5"}
,"/Users/brandenge/courses/data-structures-and-algorithms/javascript/graph-depth-first/index.js": {"path":"/Users/brandenge/courses/data-structures-and-algorithms/javascript/graph-depth-first/index.js","statementMap":{"0":{"start":{"line":5,"column":4},"end":{"line":5,"column":23}},"1":{"start":{"line":11,"column":4},"end":{"line":11,"column":21}},"2":{"start":{"line":12,"column":4},"end":{"line":12,"column":25}},"3":{"start":{"line":18,"column":4},"end":{"line":18,"column":35}},"4":{"start":{"line":22,"column":17},"end":{"line":22,"column":32}},"5":{"start":{"line":23,"column":4},"end":{"line":23,"column":37}},"6":{"start":{"line":24,"column":4},"end":{"line":24,"column":16}},"7":{"start":{"line":28,"column":22},"end":{"line":28,"column":55}},"8":{"start":{"line":29,"column":17},"end":{"line":29,"column":42}},"9":{"start":{"line":30,"column":4},"end":{"line":30,"column":28}},"10":{"start":{"line":31,"column":4},"end":{"line":31,"column":16}},"11":{"start":{"line":35,"column":4},"end":{"line":35,"column":42}},"12":{"start":{"line":39,"column":4},"end":{"line":39,"column":45}},"13":{"start":{"line":43,"column":4},"end":{"line":43,"column":35}},"14":{"start":{"line":47,"column":4},"end":{"line":47,"column":25}},"15":{"start":{"line":47,"column":15},"end":{"line":47,"column":25}},"16":{"start":{"line":48,"column":18},"end":{"line":48,"column":24}},"17":{"start":{"line":49,"column":20},"end":{"line":49,"column":29}},"18":{"start":{"line":50,"column":4},"end":{"line":50,"column":22}},"19":{"start":{"line":53,"column":4},"end":{"line":63,"column":5}},"20":{"start":{"line":54,"column":6},"end":{"line":54,"column":28}},"21":{"start":{"line":55,"column":6},"end":{"line":55,"column":27}},"22":{"start":{"line":56,"column":6},"end":{"line":56,"column":44}},"23":{"start":{"line":56,"column":20},"end":{"line":56,"column":44}},"24":{"start":{"line":57,"column":24},"end":{"line":57,"column":50}},"25":{"start":{"line":58,"column":6},"end":{"line":62,"column":7}},"26":{"start":{"line":59,"column":8},"end":{"line":61,"column":9}},"27":{"start":{"line":60,"column":10},"end":{"line":60,"column":32}},"28":{"start":{"line":64,"column":4},"end":{"line":64,"column":30}},"29":{"start":{"line":65,"column":4},"end":{"line":65,"column":24}},"30":{"start":{"line":69,"column":0},"end":{"line":69,"column":23}}},"fnMap":{"0":{"name":"(anonymous_0)","decl":{"start":{"line":4,"column":2},"end":{"line":4,"column":3}},"loc":{"start":{"line":4,"column":21},"end":{"line":6,"column":3}},"line":4},"1":{"name":"(anonymous_1)","decl":{"start":{"line":10,"column":2},"end":{"line":10,"column":3}},"loc":{"start":{"line":10,"column":32},"end":{"line":13,"column":3}},"line":10},"2":{"name":"(anonymous_2)","decl":{"start":{"line":17,"column":2},"end":{"line":17,"column":3}},"loc":{"start":{"line":17,"column":16},"end":{"line":19,"column":3}},"line":17},"3":{"name":"(anonymous_3)","decl":{"start":{"line":21,"column":2},"end":{"line":21,"column":3}},"loc":{"start":{"line":21,"column":17},"end":{"line":25,"column":3}},"line":21},"4":{"name":"(anonymous_4)","decl":{"start":{"line":27,"column":2},"end":{"line":27,"column":3}},"loc":{"start":{"line":27,"column":42},"end":{"line":32,"column":3}},"line":27},"5":{"name":"(anonymous_5)","decl":{"start":{"line":34,"column":2},"end":{"line":34,"column":3}},"loc":{"start":{"line":34,"column":13},"end":{"line":36,"column":3}},"line":34},"6":{"name":"(anonymous_6)","decl":{"start":{"line":38,"column":2},"end":{"line":38,"column":3}},"loc":{"start":{"line":38,"column":21},"end":{"line":40,"column":3}},"line":38},"7":{"name":"(anonymous_7)","decl":{"start":{"line":42,"column":2},"end":{"line":42,"column":3}},"loc":{"start":{"line":42,"column":9},"end":{"line":44,"column":3}},"line":42},"8":{"name":"(anonymous_8)","decl":{"start":{"line":46,"column":2},"end":{"line":46,"column":3}},"loc":{"start":{"line":46,"column":38},"end":{"line":66,"column":3}},"line":46}},"branchMap":{"0":{"loc":{"start":{"line":10,"column":20},"end":{"line":10,"column":30}},"type":"default-arg","locations":[{"start":{"line":10,"column":29},"end":{"line":10,"column":30}}],"line":10},"1":{"loc":{"start":{"line":27,"column":30},"end":{"line":27,"column":40}},"type":"default-arg","locations":[{"start":{"line":27,"column":39},"end":{"line":27,"column":40}}],"line":27},"2":{"loc":{"start":{"line":47,"column":4},"end":{"line":47,"column":25}},"type":"if","locations":[{"start":{"line":47,"column":4},"end":{"line":47,"column":25}},{"start":{},"end":{}}],"line":47},"3":{"loc":{"start":{"line":56,"column":6},"end":{"line":56,"column":44}},"type":"if","locations":[{"start":{"line":56,"column":6},"end":{"line":56,"column":44}},{"start":{},"end":{}}],"line":56},"4":{"loc":{"start":{"line":59,"column":8},"end":{"line":61,"column":9}},"type":"if","locations":[{"start":{"line":59,"column":8},"end":{"line":61,"column":9}},{"start":{},"end":{}}],"line":59}},"s":{"0":20,"1":18,"2":18,"3":6,"4":20,"5":20,"6":20,"7":18,"8":18,"9":18,"10":18,"11":0,"12":32,"13":0,"14":7,"15":1,"16":6,"17":6,"18":6,"19":6,"20":32,"21":32,"22":32,"23":14,"24":32,"25":32,"26":33,"27":26,"28":6,"29":6,"30":1},"f":{"0":20,"1":18,"2":6,"3":20,"4":18,"5":0,"6":32,"7":0,"8":7},"b":{"0":[0],"1":[18],"2":[1,6],"3":[14,18],"4":[26,7]},"_coverageSchema":"1a1c01bbd47fc00a2c39e90264f33305004495a9","hash":"8cb76f2ac88747efb420c70854025f8ddeb308e3"}
,"/Users/brandenge/courses/data-structures-and-algorithms/javascript/hash-table/index.js": {"path":"/Users/brandenge/courses/data-structures-and-algorithms/javascript/hash-table/index.js","statementMap":{"0":{"start":{"line":3,"column":19},"end":{"line":3,"column":54}},"1":{"start":{"line":7,"column":4},"end":{"line":7,"column":21}},"2":{"start":{"line":8,"column":4},"end":{"line":8,"column":33}},"3":{"start":{"line":12,"column":17},"end":{"line":12,"column":43}},"4":{"start":{"line":13,"column":4},"end":{"line":16,"column":5}},"5":{"start":{"line":14,"column":6},"end":{"line":14,"column":32}},"6":{"start":{"line":15,"column":6},"end":{"line":15,"column":42}},"7":{"start":{"line":17,"column":4},"end":{"line":17,"column":36}},"8":{"start":{"line":21,"column":19},"end":{"line":21,"column":45}},"9":{"start":{"line":22,"column":4},"end":{"line":29,"column":5}},"10":{"start":{"line":23,"column":20},"end":{"line":23,"column":31}},"11":{"start":{"line":24,"column":6},"end":{"line":28,"column":7}},"12":{"start":{"line":25,"column":22},"end":{"line":25,"column":40}},"13":{"start":{"line":26,"column":8},"end":{"line":27,"column":36}},"14":{"start":{"line":26,"column":33},"end":{"line":26,"column":46}},"15":{"start":{"line":27,"column":13},"end":{"line":27,"column":36}},"16":{"start":{"line":30,"column":4},"end":{"line":30,"column":16}},"17":{"start":{"line":34,"column":4},"end":{"line":34,"column":32}},"18":{"start":{"line":38,"column":17},"end":{"line":38,"column":26}},"19":{"start":{"line":39,"column":4},"end":{"line":47,"column":7}},"20":{"start":{"line":40,"column":6},"end":{"line":46,"column":7}},"21":{"start":{"line":41,"column":22},"end":{"line":41,"column":33}},"22":{"start":{"line":42,"column":8},"end":{"line":45,"column":9}},"23":{"start":{"line":43,"column":10},"end":{"line":43,"column":50}},"24":{"start":{"line":44,"column":10},"end":{"line":44,"column":33}},"25":{"start":{"line":48,"column":4},"end":{"line":48,"column":16}},"26":{"start":{"line":52,"column":21},"end":{"line":52,"column":100}},"27":{"start":{"line":52,"column":57},"end":{"line":52,"column":96}},"28":{"start":{"line":53,"column":4},"end":{"line":53,"column":53}},"29":{"start":{"line":57,"column":0},"end":{"line":57,"column":27}}},"fnMap":{"0":{"name":"(anonymous_0)","decl":{"start":{"line":6,"column":2},"end":{"line":6,"column":3}},"loc":{"start":{"line":6,"column":20},"end":{"line":9,"column":3}},"line":6},"1":{"name":"(anonymous_1)","decl":{"start":{"line":11,"column":2},"end":{"line":11,"column":3}},"loc":{"start":{"line":11,"column":18},"end":{"line":18,"column":3}},"line":11},"2":{"name":"(anonymous_2)","decl":{"start":{"line":20,"column":2},"end":{"line":20,"column":3}},"loc":{"start":{"line":20,"column":11},"end":{"line":31,"column":3}},"line":20},"3":{"name":"(anonymous_3)","decl":{"start":{"line":33,"column":2},"end":{"line":33,"column":3}},"loc":{"start":{"line":33,"column":11},"end":{"line":35,"column":3}},"line":33},"4":{"name":"(anonymous_4)","decl":{"start":{"line":37,"column":2},"end":{"line":37,"column":3}},"loc":{"start":{"line":37,"column":9},"end":{"line":49,"column":3}},"line":37},"5":{"name":"(anonymous_5)","decl":{"start":{"line":39,"column":23},"end":{"line":39,"column":24}},"loc":{"start":{"line":39,"column":35},"end":{"line":47,"column":5}},"line":39},"6":{"name":"(anonymous_6)","decl":{"start":{"line":51,"column":2},"end":{"line":51,"column":3}},"loc":{"start":{"line":51,"column":12},"end":{"line":54,"column":3}},"line":51},"7":{"name":"(anonymous_7)","decl":{"start":{"line":52,"column":42},"end":{"line":52,"column":43}},"loc":{"start":{"line":52,"column":57},"end":{"line":52,"column":96}},"line":52}},"branchMap":{"0":{"loc":{"start":{"line":13,"column":4},"end":{"line":16,"column":5}},"type":"if","locations":[{"start":{"line":13,"column":4},"end":{"line":16,"column":5}},{"start":{},"end":{}}],"line":13},"1":{"loc":{"start":{"line":22,"column":4},"end":{"line":29,"column":5}},"type":"if","locations":[{"start":{"line":22,"column":4},"end":{"line":29,"column":5}},{"start":{},"end":{}}],"line":22},"2":{"loc":{"start":{"line":26,"column":8},"end":{"line":27,"column":36}},"type":"if","locations":[{"start":{"line":26,"column":8},"end":{"line":27,"column":36}},{"start":{"line":27,"column":13},"end":{"line":27,"column":36}}],"line":26},"3":{"loc":{"start":{"line":40,"column":6},"end":{"line":46,"column":7}},"type":"if","locations":[{"start":{"line":40,"column":6},"end":{"line":46,"column":7}},{"start":{},"end":{}}],"line":40}},"s":{"0":3,"1":18,"2":18,"3":62,"4":62,"5":60,"6":60,"7":62,"8":24,"9":24,"10":18,"11":18,"12":18,"13":18,"14":16,"15":2,"16":8,"17":30,"18":37,"19":37,"20":288,"21":288,"22":288,"23":289,"24":289,"25":37,"26":149,"27":457,"28":149,"29":3},"f":{"0":18,"1":62,"2":24,"3":30,"4":37,"5":288,"6":149,"7":457},"b":{"0":[60,2],"1":[18,6],"2":[16,2],"3":[288,0]},"_coverageSchema":"1a1c01bbd47fc00a2c39e90264f33305004495a9","hash":"b078e205197d5a5d48654588ba0aebe31eb051ba"}
,"/Users/brandenge/courses/data-structures-and-algorithms/javascript/hashmap-left-join/index.js": {"path":"/Users/brandenge/courses/data-structures-and-algorithms/javascript/hashmap-left-join/index.js","statementMap":{"0":{"start":{"line":3,"column":24},"end":{"line":7,"column":1}},"1":{"start":{"line":4,"column":2},"end":{"line":6,"column":5}},"2":{"start":{"line":5,"column":4},"end":{"line":5,"column":55}},"3":{"start":{"line":9,"column":0},"end":{"line":9,"column":33}}},"fnMap":{"0":{"name":"(anonymous_0)","decl":{"start":{"line":3,"column":24},"end":{"line":3,"column":25}},"loc":{"start":{"line":3,"column":48},"end":{"line":7,"column":1}},"line":3},"1":{"name":"(anonymous_1)","decl":{"start":{"line":4,"column":41},"end":{"line":4,"column":42}},"loc":{"start":{"line":4,"column":48},"end":{"line":6,"column":3}},"line":4}},"branchMap":{},"s":{"0":1,"1":3,"2":10,"3":1},"f":{"0":3,"1":10},"b":{},"_coverageSchema":"1a1c01bbd47fc00a2c39e90264f33305004495a9","hash":"e9624f9b7ec20cdb2c63f662fe0057ef39bba3aa"}
,"/Users/brandenge/courses/data-structures-and-algorithms/javascript/hashmap-repeated-word/index.js": {"path":"/Users/brandenge/courses/data-structures-and-algorithms/javascript/hashmap-repeated-word/index.js","statementMap":{"0":{"start":{"line":4,"column":21},"end":{"line":4,"column":23}},"1":{"start":{"line":5,"column":16},"end":{"line":5,"column":69}},"2":{"start":{"line":6,"column":2},"end":{"line":9,"column":3}},"3":{"start":{"line":7,"column":4},"end":{"line":8,"column":30}},"4":{"start":{"line":7,"column":26},"end":{"line":7,"column":38}},"5":{"start":{"line":8,"column":9},"end":{"line":8,"column":30}},"6":{"start":{"line":10,"column":2},"end":{"line":10,"column":14}},"7":{"start":{"line":13,"column":0},"end":{"line":13,"column":30}}},"fnMap":{"0":{"name":"repeatedWord","decl":{"start":{"line":3,"column":9},"end":{"line":3,"column":21}},"loc":{"start":{"line":3,"column":28},"end":{"line":11,"column":1}},"line":3}},"branchMap":{"0":{"loc":{"start":{"line":7,"column":4},"end":{"line":8,"column":30}},"type":"if","locations":[{"start":{"line":7,"column":4},"end":{"line":8,"column":30}},{"start":{"line":8,"column":9},"end":{"line":8,"column":30}}],"line":7}},"s":{"0":4,"1":4,"2":4,"3":28,"4":3,"5":25,"6":1,"7":1},"f":{"0":4},"b":{"0":[3,25]},"_coverageSchema":"1a1c01bbd47fc00a2c39e90264f33305004495a9","hash":"12f598fb5eff065b644b8b65ccbf7da8beaa4055"}
,"/Users/brandenge/courses/data-structures-and-algorithms/javascript/insertion-sort/index.js": {"path":"/Users/brandenge/courses/data-structures-and-algorithms/javascript/insertion-sort/index.js","statementMap":{"0":{"start":{"line":4,"column":2},"end":{"line":12,"column":3}},"1":{"start":{"line":4,"column":15},"end":{"line":4,"column":16}},"2":{"start":{"line":4,"column":24},"end":{"line":4,"column":34}},"3":{"start":{"line":5,"column":12},"end":{"line":5,"column":17}},"4":{"start":{"line":6,"column":15},"end":{"line":6,"column":21}},"5":{"start":{"line":7,"column":4},"end":{"line":10,"column":5}},"6":{"start":{"line":8,"column":6},"end":{"line":8,"column":26}},"7":{"start":{"line":9,"column":6},"end":{"line":9,"column":13}},"8":{"start":{"line":11,"column":4},"end":{"line":11,"column":22}},"9":{"start":{"line":15,"column":0},"end":{"line":15,"column":31}}},"fnMap":{"0":{"name":"insertionSort","decl":{"start":{"line":3,"column":9},"end":{"line":3,"column":22}},"loc":{"start":{"line":3,"column":28},"end":{"line":13,"column":1}},"line":3}},"branchMap":{"0":{"loc":{"start":{"line":7,"column":11},"end":{"line":7,"column":34}},"type":"binary-expr","locations":[{"start":{"line":7,"column":11},"end":{"line":7,"column":17}},{"start":{"line":7,"column":21},"end":{"line":7,"column":34}}],"line":7}},"s":{"0":5,"1":5,"2":5,"3":25,"4":25,"5":25,"6":28,"7":28,"8":25,"9":1},"f":{"0":5},"b":{"0":[53,47]},"_coverageSchema":"1a1c01bbd47fc00a2c39e90264f33305004495a9","hash":"23d1c3513f96192e136c07d7bfc5268ee632ed34"}
,"/Users/brandenge/courses/data-structures-and-algorithms/javascript/linked-list/index.js": {"path":"/Users/brandenge/courses/data-structures-and-algorithms/javascript/linked-list/index.js","statementMap":{"0":{"start":{"line":5,"column":4},"end":{"line":5,"column":23}},"1":{"start":{"line":6,"column":4},"end":{"line":6,"column":21}},"2":{"start":{"line":12,"column":4},"end":{"line":12,"column":21}},"3":{"start":{"line":16,"column":20},"end":{"line":16,"column":35}},"4":{"start":{"line":17,"column":4},"end":{"line":17,"column":29}},"5":{"start":{"line":18,"column":4},"end":{"line":18,"column":24}},"6":{"start":{"line":22,"column":22},"end":{"line":22,"column":31}},"7":{"start":{"line":23,"column":4},"end":{"line":26,"column":5}},"8":{"start":{"line":24,"column":6},"end":{"line":24,"column":51}},"9":{"start":{"line":24,"column":39},"end":{"line":24,"column":51}},"10":{"start":{"line":25,"column":6},"end":{"line":25,"column":37}},"11":{"start":{"line":27,"column":4},"end":{"line":27,"column":17}},"12":{"start":{"line":31,"column":22},"end":{"line":31,"column":31}},"13":{"start":{"line":32,"column":17},"end":{"line":32,"column":19}},"14":{"start":{"line":33,"column":4},"end":{"line":36,"column":5}},"15":{"start":{"line":34,"column":6},"end":{"line":34,"column":47}},"16":{"start":{"line":35,"column":6},"end":{"line":35,"column":37}},"17":{"start":{"line":37,"column":4},"end":{"line":37,"column":21}},"18":{"start":{"line":38,"column":4},"end":{"line":38,"column":18}},"19":{"start":{"line":42,"column":0},"end":{"line":42,"column":28}}},"fnMap":{"0":{"name":"(anonymous_0)","decl":{"start":{"line":4,"column":2},"end":{"line":4,"column":3}},"loc":{"start":{"line":4,"column":21},"end":{"line":7,"column":3}},"line":4},"1":{"name":"(anonymous_1)","decl":{"start":{"line":11,"column":2},"end":{"line":11,"column":3}},"loc":{"start":{"line":11,"column":16},"end":{"line":13,"column":3}},"line":11},"2":{"name":"(anonymous_2)","decl":{"start":{"line":15,"column":2},"end":{"line":15,"column":3}},"loc":{"start":{"line":15,"column":16},"end":{"line":19,"column":3}},"line":15},"3":{"name":"(anonymous_3)","decl":{"start":{"line":21,"column":2},"end":{"line":21,"column":3}},"loc":{"start":{"line":21,"column":18},"end":{"line":28,"column":3}},"line":21},"4":{"name":"(anonymous_4)","decl":{"start":{"line":30,"column":2},"end":{"line":30,"column":3}},"loc":{"start":{"line":30,"column":13},"end":{"line":39,"column":3}},"line":30}},"branchMap":{"0":{"loc":{"start":{"line":24,"column":6},"end":{"line":24,"column":51}},"type":"if","locations":[{"start":{"line":24,"column":6},"end":{"line":24,"column":51}},{"start":{},"end":{}}],"line":24}},"s":{"0":15,"1":15,"2":7,"3":15,"4":15,"5":15,"6":4,"7":4,"8":9,"9":3,"10":6,"11":1,"12":1,"13":1,"14":1,"15":3,"16":3,"17":1,"18":1,"19":1},"f":{"0":15,"1":7,"2":15,"3":4,"4":1},"b":{"0":[3,6]},"_coverageSchema":"1a1c01bbd47fc00a2c39e90264f33305004495a9","hash":"45fbb8954cffb3aeeb0f1125cce34bb6bd696e63"}
,"/Users/brandenge/courses/data-structures-and-algorithms/javascript/linked-list-insertions/index.js": {"path":"/Users/brandenge/courses/data-structures-and-algorithms/javascript/linked-list-insertions/index.js","statementMap":{"0":{"start":{"line":5,"column":4},"end":{"line":5,"column":23}},"1":{"start":{"line":6,"column":4},"end":{"line":6,"column":21}},"2":{"start":{"line":12,"column":4},"end":{"line":12,"column":21}},"3":{"start":{"line":13,"column":4},"end":{"line":13,"column":21}},"4":{"start":{"line":17,"column":20},"end":{"line":17,"column":35}},"5":{"start":{"line":18,"column":4},"end":{"line":18,"column":29}},"6":{"start":{"line":19,"column":4},"end":{"line":19,"column":24}},"7":{"start":{"line":20,"column":4},"end":{"line":20,"column":48}},"8":{"start":{"line":20,"column":28},"end":{"line":20,"column":48}},"9":{"start":{"line":24,"column":20},"end":{"line":24,"column":35}},"10":{"start":{"line":25,"column":4},"end":{"line":29,"column":5}},"11":{"start":{"line":26,"column":6},"end":{"line":26,"column":31}},"12":{"start":{"line":28,"column":6},"end":{"line":28,"column":26}},"13":{"start":{"line":30,"column":4},"end":{"line":30,"column":24}},"14":{"start":{"line":34,"column":20},"end":{"line":34,"column":41}},"15":{"start":{"line":35,"column":4},"end":{"line":37,"column":5}},"16":{"start":{"line":36,"column":6},"end":{"line":36,"column":160}},"17":{"start":{"line":38,"column":4},"end":{"line":42,"column":5}},"18":{"start":{"line":39,"column":6},"end":{"line":39,"column":31}},"19":{"start":{"line":40,"column":6},"end":{"line":40,"column":26}},"20":{"start":{"line":41,"column":6},"end":{"line":41,"column":13}},"21":{"start":{"line":43,"column":18},"end":{"line":43,"column":27}},"22":{"start":{"line":44,"column":4},"end":{"line":52,"column":5}},"23":{"start":{"line":45,"column":6},"end":{"line":51,"column":7}},"24":{"start":{"line":46,"column":8},"end":{"line":46,"column":36}},"25":{"start":{"line":47,"column":8},"end":{"line":47,"column":31}},"26":{"start":{"line":48,"column":8},"end":{"line":48,"column":15}},"27":{"start":{"line":50,"column":8},"end":{"line":50,"column":31}},"28":{"start":{"line":53,"column":4},"end":{"line":53,"column":125}},"29":{"start":{"line":57,"column":20},"end":{"line":57,"column":41}},"30":{"start":{"line":58,"column":4},"end":{"line":60,"column":5}},"31":{"start":{"line":59,"column":6},"end":{"line":59,"column":157}},"32":{"start":{"line":61,"column":4},"end":{"line":66,"column":5}},"33":{"start":{"line":62,"column":6},"end":{"line":62,"column":36}},"34":{"start":{"line":63,"column":6},"end":{"line":63,"column":31}},"35":{"start":{"line":64,"column":6},"end":{"line":64,"column":53}},"36":{"start":{"line":64,"column":33},"end":{"line":64,"column":53}},"37":{"start":{"line":65,"column":6},"end":{"line":65,"column":13}},"38":{"start":{"line":67,"column":18},"end":{"line":67,"column":27}},"39":{"start":{"line":68,"column":4},"end":{"line":76,"column":5}},"40":{"start":{"line":69,"column":6},"end":{"line":75,"column":7}},"41":{"start":{"line":70,"column":8},"end":{"line":70,"column":36}},"42":{"start":{"line":71,"column":8},"end":{"line":71,"column":31}},"43":{"start":{"line":72,"column":8},"end":{"line":72,"column":15}},"44":{"start":{"line":74,"column":8},"end":{"line":74,"column":31}},"45":{"start":{"line":77,"column":4},"end":{"line":82,"column":5}},"46":{"start":{"line":78,"column":6},"end":{"line":78,"column":29}},"47":{"start":{"line":79,"column":6},"end":{"line":79,"column":26}},"48":{"start":{"line":81,"column":6},"end":{"line":81,"column":124}},"49":{"start":{"line":86,"column":4},"end":{"line":86,"column":35}},"50":{"start":{"line":86,"column":28},"end":{"line":86,"column":35}},"51":{"start":{"line":87,"column":4},"end":{"line":91,"column":5}},"52":{"start":{"line":88,"column":6},"end":{"line":88,"column":62}},"53":{"start":{"line":88,"column":35},"end":{"line":88,"column":62}},"54":{"start":{"line":89,"column":6},"end":{"line":89,"column":33}},"55":{"start":{"line":90,"column":6},"end":{"line":90,"column":13}},"56":{"start":{"line":92,"column":18},"end":{"line":92,"column":27}},"57":{"start":{"line":93,"column":4},"end":{"line":101,"column":5}},"58":{"start":{"line":94,"column":6},"end":{"line":100,"column":7}},"59":{"start":{"line":95,"column":8},"end":{"line":95,"column":41}},"60":{"start":{"line":96,"column":8},"end":{"line":96,"column":55}},"61":{"start":{"line":96,"column":35},"end":{"line":96,"column":55}},"62":{"start":{"line":97,"column":8},"end":{"line":97,"column":15}},"63":{"start":{"line":99,"column":8},"end":{"line":99,"column":31}},"64":{"start":{"line":105,"column":22},"end":{"line":105,"column":31}},"65":{"start":{"line":106,"column":4},"end":{"line":109,"column":5}},"66":{"start":{"line":107,"column":6},"end":{"line":107,"column":51}},"67":{"start":{"line":107,"column":39},"end":{"line":107,"column":51}},"68":{"start":{"line":108,"column":6},"end":{"line":108,"column":37}},"69":{"start":{"line":110,"column":4},"end":{"line":110,"column":17}},"70":{"start":{"line":114,"column":22},"end":{"line":114,"column":31}},"71":{"start":{"line":115,"column":17},"end":{"line":115,"column":19}},"72":{"start":{"line":116,"column":4},"end":{"line":119,"column":5}},"73":{"start":{"line":117,"column":6},"end":{"line":117,"column":47}},"74":{"start":{"line":118,"column":6},"end":{"line":118,"column":37}},"75":{"start":{"line":120,"column":4},"end":{"line":120,"column":21}},"76":{"start":{"line":121,"column":4},"end":{"line":121,"column":18}},"77":{"start":{"line":125,"column":0},"end":{"line":125,"column":28}}},"fnMap":{"0":{"name":"(anonymous_0)","decl":{"start":{"line":4,"column":2},"end":{"line":4,"column":3}},"loc":{"start":{"line":4,"column":21},"end":{"line":7,"column":3}},"line":4},"1":{"name":"(anonymous_1)","decl":{"start":{"line":11,"column":2},"end":{"line":11,"column":3}},"loc":{"start":{"line":11,"column":16},"end":{"line":14,"column":3}},"line":11},"2":{"name":"(anonymous_2)","decl":{"start":{"line":16,"column":2},"end":{"line":16,"column":3}},"loc":{"start":{"line":16,"column":16},"end":{"line":21,"column":3}},"line":16},"3":{"name":"(anonymous_3)","decl":{"start":{"line":23,"column":2},"end":{"line":23,"column":3}},"loc":{"start":{"line":23,"column":16},"end":{"line":31,"column":3}},"line":23},"4":{"name":"(anonymous_4)","decl":{"start":{"line":33,"column":2},"end":{"line":33,"column":3}},"loc":{"start":{"line":33,"column":41},"end":{"line":54,"column":3}},"line":33},"5":{"name":"(anonymous_5)","decl":{"start":{"line":56,"column":2},"end":{"line":56,"column":3}},"loc":{"start":{"line":56,"column":39},"end":{"line":83,"column":3}},"line":56},"6":{"name":"(anonymous_6)","decl":{"start":{"line":85,"column":2},"end":{"line":85,"column":3}},"loc":{"start":{"line":85,"column":16},"end":{"line":102,"column":3}},"line":85},"7":{"name":"(anonymous_7)","decl":{"start":{"line":104,"column":2},"end":{"line":104,"column":3}},"loc":{"start":{"line":104,"column":18},"end":{"line":111,"column":3}},"line":104},"8":{"name":"(anonymous_8)","decl":{"start":{"line":113,"column":2},"end":{"line":113,"column":3}},"loc":{"start":{"line":113,"column":13},"end":{"line":122,"column":3}},"line":113}},"branchMap":{"0":{"loc":{"start":{"line":20,"column":4},"end":{"line":20,"column":48}},"type":"if","locations":[{"start":{"line":20,"column":4},"end":{"line":20,"column":48}},{"start":{},"end":{}}],"line":20},"1":{"loc":{"start":{"line":25,"column":4},"end":{"line":29,"column":5}},"type":"if","locations":[{"start":{"line":25,"column":4},"end":{"line":29,"column":5}},{"start":{"line":27,"column":11},"end":{"line":29,"column":5}}],"line":25},"2":{"loc":{"start":{"line":35,"column":4},"end":{"line":37,"column":5}},"type":"if","locations":[{"start":{"line":35,"column":4},"end":{"line":37,"column":5}},{"start":{},"end":{}}],"line":35},"3":{"loc":{"start":{"line":38,"column":4},"end":{"line":42,"column":5}},"type":"if","locations":[{"start":{"line":38,"column":4},"end":{"line":42,"column":5}},{"start":{},"end":{}}],"line":38},"4":{"loc":{"start":{"line":45,"column":6},"end":{"line":51,"column":7}},"type":"if","locations":[{"start":{"line":45,"column":6},"end":{"line":51,"column":7}},{"start":{"line":49,"column":13},"end":{"line":51,"column":7}}],"line":45},"5":{"loc":{"start":{"line":58,"column":4},"end":{"line":60,"column":5}},"type":"if","locations":[{"start":{"line":58,"column":4},"end":{"line":60,"column":5}},{"start":{},"end":{}}],"line":58},"6":{"loc":{"start":{"line":61,"column":4},"end":{"line":66,"column":5}},"type":"if","locations":[{"start":{"line":61,"column":4},"end":{"line":66,"column":5}},{"start":{},"end":{}}],"line":61},"7":{"loc":{"start":{"line":64,"column":6},"end":{"line":64,"column":53}},"type":"if","locations":[{"start":{"line":64,"column":6},"end":{"line":64,"column":53}},{"start":{},"end":{}}],"line":64},"8":{"loc":{"start":{"line":69,"column":6},"end":{"line":75,"column":7}},"type":"if","locations":[{"start":{"line":69,"column":6},"end":{"line":75,"column":7}},{"start":{"line":73,"column":13},"end":{"line":75,"column":7}}],"line":69},"9":{"loc":{"start":{"line":77,"column":4},"end":{"line":82,"column":5}},"type":"if","locations":[{"start":{"line":77,"column":4},"end":{"line":82,"column":5}},{"start":{"line":80,"column":11},"end":{"line":82,"column":5}}],"line":77},"10":{"loc":{"start":{"line":86,"column":4},"end":{"line":86,"column":35}},"type":"if","locations":[{"start":{"line":86,"column":4},"end":{"line":86,"column":35}},{"start":{},"end":{}}],"line":86},"11":{"loc":{"start":{"line":87,"column":4},"end":{"line":91,"column":5}},"type":"if","locations":[{"start":{"line":87,"column":4},"end":{"line":91,"column":5}},{"start":{},"end":{}}],"line":87},"12":{"loc":{"start":{"line":88,"column":6},"end":{"line":88,"column":62}},"type":"if","locations":[{"start":{"line":88,"column":6},"end":{"line":88,"column":62}},{"start":{},"end":{}}],"line":88},"13":{"loc":{"start":{"line":94,"column":6},"end":{"line":100,"column":7}},"type":"if","locations":[{"start":{"line":94,"column":6},"end":{"line":100,"column":7}},{"start":{"line":98,"column":13},"end":{"line":100,"column":7}}],"line":94},"14":{"loc":{"start":{"line":96,"column":8},"end":{"line":96,"column":55}},"type":"if","locations":[{"start":{"line":96,"column":8},"end":{"line":96,"column":55}},{"start":{},"end":{}}],"line":96},"15":{"loc":{"start":{"line":107,"column":6},"end":{"line":107,"column":51}},"type":"if","locations":[{"start":{"line":107,"column":6},"end":{"line":107,"column":51}},{"start":{},"end":{}}],"line":107}},"s":{"0":44,"1":44,"2":20,"3":20,"4":30,"5":30,"6":30,"7":30,"8":15,"9":4,"10":4,"11":2,"12":2,"13":4,"14":5,"15":5,"16":1,"17":4,"18":2,"19":2,"20":2,"21":2,"22":2,"23":1,"24":1,"25":1,"26":1,"27":0,"28":1,"29":5,"30":5,"31":1,"32":4,"33":3,"34":3,"35":3,"36":2,"37":3,"38":1,"39":1,"40":0,"41":0,"42":0,"43":0,"44":0,"45":1,"46":0,"47":0,"48":1,"49":3,"50":0,"51":3,"52":1,"53":0,"54":1,"55":1,"56":2,"57":2,"58":3,"59":2,"60":2,"61":1,"62":2,"63":1,"64":4,"65":4,"66":9,"67":3,"68":6,"69":1,"70":1,"71":1,"72":1,"73":3,"74":3,"75":1,"76":1,"77":1},"f":{"0":44,"1":20,"2":30,"3":4,"4":5,"5":5,"6":3,"7":4,"8":1},"b":{"0":[15,15],"1":[2,2],"2":[1,4],"3":[2,2],"4":[1,0],"5":[1,4],"6":[3,1],"7":[2,1],"8":[0,0],"9":[0,1],"10":[0,3],"11":[1,2],"12":[0,1],"13":[2,1],"14":[1,1],"15":[3,6]},"_coverageSchema":"1a1c01bbd47fc00a2c39e90264f33305004495a9","hash":"13953f9cb7de9db626c3c2fe143c540ac976d215"}
,"/Users/brandenge/courses/data-structures-and-algorithms/javascript/linked-list-kth/index.js": {"path":"/Users/brandenge/courses/data-structures-and-algorithms/javascript/linked-list-kth/index.js","statementMap":{"0":{"start":{"line":5,"column":4},"end":{"line":5,"column":23}},"1":{"start":{"line":6,"column":4},"end":{"line":6,"column":21}},"2":{"start":{"line":12,"column":4},"end":{"line":12,"column":21}},"3":{"start":{"line":13,"column":4},"end":{"line":13,"column":21}},"4":{"start":{"line":14,"column":4},"end":{"line":14,"column":19}},"5":{"start":{"line":18,"column":20},"end":{"line":18,"column":35}},"6":{"start":{"line":19,"column":4},"end":{"line":19,"column":29}},"7":{"start":{"line":20,"column":4},"end":{"line":20,"column":24}},"8":{"start":{"line":21,"column":4},"end":{"line":21,"column":48}},"9":{"start":{"line":21,"column":28},"end":{"line":21,"column":48}},"10":{"start":{"line":22,"column":4},"end":{"line":22,"column":20}},"11":{"start":{"line":26,"column":20},"end":{"line":26,"column":35}},"12":{"start":{"line":27,"column":4},"end":{"line":31,"column":5}},"13":{"start":{"line":28,"column":6},"end":{"line":28,"column":31}},"14":{"start":{"line":30,"column":6},"end":{"line":30,"column":26}},"15":{"start":{"line":32,"column":4},"end":{"line":32,"column":24}},"16":{"start":{"line":33,"column":4},"end":{"line":33,"column":20}},"17":{"start":{"line":37,"column":20},"end":{"line":37,"column":41}},"18":{"start":{"line":38,"column":4},"end":{"line":40,"column":5}},"19":{"start":{"line":39,"column":6},"end":{"line":39,"column":160}},"20":{"start":{"line":41,"column":4},"end":{"line":46,"column":5}},"21":{"start":{"line":42,"column":6},"end":{"line":42,"column":31}},"22":{"start":{"line":43,"column":6},"end":{"line":43,"column":26}},"23":{"start":{"line":44,"column":6},"end":{"line":44,"column":22}},"24":{"start":{"line":45,"column":6},"end":{"line":45,"column":13}},"25":{"start":{"line":47,"column":18},"end":{"line":47,"column":27}},"26":{"start":{"line":48,"column":4},"end":{"line":57,"column":5}},"27":{"start":{"line":49,"column":6},"end":{"line":56,"column":7}},"28":{"start":{"line":50,"column":8},"end":{"line":50,"column":36}},"29":{"start":{"line":51,"column":8},"end":{"line":51,"column":31}},"30":{"start":{"line":52,"column":8},"end":{"line":52,"column":24}},"31":{"start":{"line":53,"column":8},"end":{"line":53,"column":15}},"32":{"start":{"line":55,"column":8},"end":{"line":55,"column":31}},"33":{"start":{"line":58,"column":4},"end":{"line":58,"column":125}},"34":{"start":{"line":62,"column":20},"end":{"line":62,"column":41}},"35":{"start":{"line":63,"column":4},"end":{"line":65,"column":5}},"36":{"start":{"line":64,"column":6},"end":{"line":64,"column":157}},"37":{"start":{"line":66,"column":4},"end":{"line":72,"column":5}},"38":{"start":{"line":67,"column":6},"end":{"line":67,"column":36}},"39":{"start":{"line":68,"column":6},"end":{"line":68,"column":31}},"40":{"start":{"line":69,"column":6},"end":{"line":69,"column":53}},"41":{"start":{"line":69,"column":33},"end":{"line":69,"column":53}},"42":{"start":{"line":70,"column":6},"end":{"line":70,"column":22}},"43":{"start":{"line":71,"column":6},"end":{"line":71,"column":13}},"44":{"start":{"line":73,"column":18},"end":{"line":73,"column":27}},"45":{"start":{"line":74,"column":4},"end":{"line":83,"column":5}},"46":{"start":{"line":75,"column":6},"end":{"line":82,"column":7}},"47":{"start":{"line":76,"column":8},"end":{"line":76,"column":36}},"48":{"start":{"line":77,"column":8},"end":{"line":77,"column":31}},"49":{"start":{"line":78,"column":8},"end":{"line":78,"column":24}},"50":{"start":{"line":79,"column":8},"end":{"line":79,"column":15}},"51":{"start":{"line":81,"column":8},"end":{"line":81,"column":31}},"52":{"start":{"line":84,"column":4},"end":{"line":89,"column":5}},"53":{"start":{"line":85,"column":6},"end":{"line":85,"column":29}},"54":{"start":{"line":86,"column":6},"end":{"line":86,"column":26}},"55":{"start":{"line":88,"column":6},"end":{"line":88,"column":124}},"56":{"start":{"line":93,"column":4},"end":{"line":93,"column":35}},"57":{"start":{"line":93,"column":28},"end":{"line":93,"column":35}},"58":{"start":{"line":94,"column":4},"end":{"line":99,"column":5}},"59":{"start":{"line":95,"column":6},"end":{"line":95,"column":62}},"60":{"start":{"line":95,"column":35},"end":{"line":95,"column":62}},"61":{"start":{"line":96,"column":6},"end":{"line":96,"column":33}},"62":{"start":{"line":97,"column":6},"end":{"line":97,"column":22}},"63":{"start":{"line":98,"column":6},"end":{"line":98,"column":13}},"64":{"start":{"line":100,"column":18},"end":{"line":100,"column":27}},"65":{"start":{"line":101,"column":4},"end":{"line":110,"column":5}},"66":{"start":{"line":102,"column":6},"end":{"line":109,"column":7}},"67":{"start":{"line":103,"column":8},"end":{"line":103,"column":41}},"68":{"start":{"line":104,"column":8},"end":{"line":104,"column":55}},"69":{"start":{"line":104,"column":35},"end":{"line":104,"column":55}},"70":{"start":{"line":105,"column":8},"end":{"line":105,"column":24}},"71":{"start":{"line":106,"column":8},"end":{"line":106,"column":15}},"72":{"start":{"line":108,"column":8},"end":{"line":108,"column":31}},"73":{"start":{"line":114,"column":22},"end":{"line":114,"column":31}},"74":{"start":{"line":115,"column":4},"end":{"line":118,"column":5}},"75":{"start":{"line":116,"column":6},"end":{"line":116,"column":51}},"76":{"start":{"line":116,"column":39},"end":{"line":116,"column":51}},"77":{"start":{"line":117,"column":6},"end":{"line":117,"column":37}},"78":{"start":{"line":119,"column":4},"end":{"line":119,"column":17}},"79":{"start":{"line":123,"column":22},"end":{"line":123,"column":31}},"80":{"start":{"line":124,"column":17},"end":{"line":124,"column":19}},"81":{"start":{"line":125,"column":4},"end":{"line":128,"column":5}},"82":{"start":{"line":126,"column":6},"end":{"line":126,"column":47}},"83":{"start":{"line":127,"column":6},"end":{"line":127,"column":37}},"84":{"start":{"line":129,"column":4},"end":{"line":129,"column":21}},"85":{"start":{"line":130,"column":4},"end":{"line":130,"column":18}},"86":{"start":{"line":134,"column":4},"end":{"line":136,"column":5}},"87":{"start":{"line":135,"column":6},"end":{"line":135,"column":205}},"88":{"start":{"line":137,"column":22},"end":{"line":137,"column":31}},"89":{"start":{"line":138,"column":4},"end":{"line":140,"column":5}},"90":{"start":{"line":138,"column":17},"end":{"line":138,"column":18}},"91":{"start":{"line":138,"column":28},"end":{"line":138,"column":42}},"92":{"start":{"line":139,"column":6},"end":{"line":139,"column":37}},"93":{"start":{"line":141,"column":4},"end":{"line":141,"column":29}},"94":{"start":{"line":145,"column":4},"end":{"line":147,"column":5}},"95":{"start":{"line":146,"column":6},"end":{"line":146,"column":82}},"96":{"start":{"line":148,"column":22},"end":{"line":148,"column":31}},"97":{"start":{"line":149,"column":4},"end":{"line":151,"column":5}},"98":{"start":{"line":149,"column":17},"end":{"line":149,"column":18}},"99":{"start":{"line":149,"column":28},"end":{"line":149,"column":53}},"100":{"start":{"line":150,"column":6},"end":{"line":150,"column":37}},"101":{"start":{"line":152,"column":4},"end":{"line":152,"column":29}},"102":{"start":{"line":156,"column":0},"end":{"line":156,"column":28}}},"fnMap":{"0":{"name":"(anonymous_0)","decl":{"start":{"line":4,"column":2},"end":{"line":4,"column":3}},"loc":{"start":{"line":4,"column":21},"end":{"line":7,"column":3}},"line":4},"1":{"name":"(anonymous_1)","decl":{"start":{"line":11,"column":2},"end":{"line":11,"column":3}},"loc":{"start":{"line":11,"column":16},"end":{"line":15,"column":3}},"line":11},"2":{"name":"(anonymous_2)","decl":{"start":{"line":17,"column":2},"end":{"line":17,"column":3}},"loc":{"start":{"line":17,"column":16},"end":{"line":23,"column":3}},"line":17},"3":{"name":"(anonymous_3)","decl":{"start":{"line":25,"column":2},"end":{"line":25,"column":3}},"loc":{"start":{"line":25,"column":16},"end":{"line":34,"column":3}},"line":25},"4":{"name":"(anonymous_4)","decl":{"start":{"line":36,"column":2},"end":{"line":36,"column":3}},"loc":{"start":{"line":36,"column":41},"end":{"line":59,"column":3}},"line":36},"5":{"name":"(anonymous_5)","decl":{"start":{"line":61,"column":2},"end":{"line":61,"column":3}},"loc":{"start":{"line":61,"column":39},"end":{"line":90,"column":3}},"line":61},"6":{"name":"(anonymous_6)","decl":{"start":{"line":92,"column":2},"end":{"line":92,"column":3}},"loc":{"start":{"line":92,"column":16},"end":{"line":111,"column":3}},"line":92},"7":{"name":"(anonymous_7)","decl":{"start":{"line":113,"column":2},"end":{"line":113,"column":3}},"loc":{"start":{"line":113,"column":18},"end":{"line":120,"column":3}},"line":113},"8":{"name":"(anonymous_8)","decl":{"start":{"line":122,"column":2},"end":{"line":122,"column":3}},"loc":{"start":{"line":122,"column":13},"end":{"line":131,"column":3}},"line":122},"9":{"name":"(anonymous_9)","decl":{"start":{"line":133,"column":2},"end":{"line":133,"column":3}},"loc":{"start":{"line":133,"column":16},"end":{"line":142,"column":3}},"line":133},"10":{"name":"(anonymous_10)","decl":{"start":{"line":144,"column":2},"end":{"line":144,"column":3}},"loc":{"start":{"line":144,"column":23},"end":{"line":153,"column":3}},"line":144}},"branchMap":{"0":{"loc":{"start":{"line":21,"column":4},"end":{"line":21,"column":48}},"type":"if","locations":[{"start":{"line":21,"column":4},"end":{"line":21,"column":48}},{"start":{},"end":{}}],"line":21},"1":{"loc":{"start":{"line":27,"column":4},"end":{"line":31,"column":5}},"type":"if","locations":[{"start":{"line":27,"column":4},"end":{"line":31,"column":5}},{"start":{"line":29,"column":11},"end":{"line":31,"column":5}}],"line":27},"2":{"loc":{"start":{"line":38,"column":4},"end":{"line":40,"column":5}},"type":"if","locations":[{"start":{"line":38,"column":4},"end":{"line":40,"column":5}},{"start":{},"end":{}}],"line":38},"3":{"loc":{"start":{"line":41,"column":4},"end":{"line":46,"column":5}},"type":"if","locations":[{"start":{"line":41,"column":4},"end":{"line":46,"column":5}},{"start":{},"end":{}}],"line":41},"4":{"loc":{"start":{"line":49,"column":6},"end":{"line":56,"column":7}},"type":"if","locations":[{"start":{"line":49,"column":6},"end":{"line":56,"column":7}},{"start":{"line":54,"column":13},"end":{"line":56,"column":7}}],"line":49},"5":{"loc":{"start":{"line":63,"column":4},"end":{"line":65,"column":5}},"type":"if","locations":[{"start":{"line":63,"column":4},"end":{"line":65,"column":5}},{"start":{},"end":{}}],"line":63},"6":{"loc":{"start":{"line":66,"column":4},"end":{"line":72,"column":5}},"type":"if","locations":[{"start":{"line":66,"column":4},"end":{"line":72,"column":5}},{"start":{},"end":{}}],"line":66},"7":{"loc":{"start":{"line":69,"column":6},"end":{"line":69,"column":53}},"type":"if","locations":[{"start":{"line":69,"column":6},"end":{"line":69,"column":53}},{"start":{},"end":{}}],"line":69},"8":{"loc":{"start":{"line":75,"column":6},"end":{"line":82,"column":7}},"type":"if","locations":[{"start":{"line":75,"column":6},"end":{"line":82,"column":7}},{"start":{"line":80,"column":13},"end":{"line":82,"column":7}}],"line":75},"9":{"loc":{"start":{"line":84,"column":4},"end":{"line":89,"column":5}},"type":"if","locations":[{"start":{"line":84,"column":4},"end":{"line":89,"column":5}},{"start":{"line":87,"column":11},"end":{"line":89,"column":5}}],"line":84},"10":{"loc":{"start":{"line":93,"column":4},"end":{"line":93,"column":35}},"type":"if","locations":[{"start":{"line":93,"column":4},"end":{"line":93,"column":35}},{"start":{},"end":{}}],"line":93},"11":{"loc":{"start":{"line":94,"column":4},"end":{"line":99,"column":5}},"type":"if","locations":[{"start":{"line":94,"column":4},"end":{"line":99,"column":5}},{"start":{},"end":{}}],"line":94},"12":{"loc":{"start":{"line":95,"column":6},"end":{"line":95,"column":62}},"type":"if","locations":[{"start":{"line":95,"column":6},"end":{"line":95,"column":62}},{"start":{},"end":{}}],"line":95},"13":{"loc":{"start":{"line":102,"column":6},"end":{"line":109,"column":7}},"type":"if","locations":[{"start":{"line":102,"column":6},"end":{"line":109,"column":7}},{"start":{"line":107,"column":13},"end":{"line":109,"column":7}}],"line":102},"14":{"loc":{"start":{"line":104,"column":8},"end":{"line":104,"column":55}},"type":"if","locations":[{"start":{"line":104,"column":8},"end":{"line":104,"column":55}},{"start":{},"end":{}}],"line":104},"15":{"loc":{"start":{"line":116,"column":6},"end":{"line":116,"column":51}},"type":"if","locations":[{"start":{"line":116,"column":6},"end":{"line":116,"column":51}},{"start":{},"end":{}}],"line":116},"16":{"loc":{"start":{"line":134,"column":4},"end":{"line":136,"column":5}},"type":"if","locations":[{"start":{"line":134,"column":4},"end":{"line":136,"column":5}},{"start":{},"end":{}}],"line":134},"17":{"loc":{"start":{"line":134,"column":8},"end":{"line":134,"column":32}},"type":"binary-expr","locations":[{"start":{"line":134,"column":8},"end":{"line":134,"column":23}},{"start":{"line":134,"column":27},"end":{"line":134,"column":32}}],"line":134},"18":{"loc":{"start":{"line":145,"column":4},"end":{"line":147,"column":5}},"type":"if","locations":[{"start":{"line":145,"column":4},"end":{"line":147,"column":5}},{"start":{},"end":{}}],"line":145}},"s":{"0":214,"1":214,"2":126,"3":126,"4":126,"5":150,"6":150,"7":150,"8":150,"9":98,"10":150,"11":40,"12":40,"13":24,"14":16,"15":40,"16":40,"17":12,"18":12,"19":2,"20":10,"21":4,"22":4,"23":4,"24":4,"25":6,"26":6,"27":4,"28":4,"29":4,"30":4,"31":4,"32":0,"33":2,"34":12,"35":12,"36":2,"37":10,"38":6,"39":6,"40":6,"41":4,"42":6,"43":6,"44":4,"45":4,"46":4,"47":2,"48":2,"49":2,"50":2,"51":2,"52":2,"53":0,"54":0,"55":2,"56":8,"57":0,"58":8,"59":4,"60":0,"61":4,"62":4,"63":4,"64":4,"65":4,"66":6,"67":4,"68":4,"69":2,"70":4,"71":4,"72":2,"73":8,"74":8,"75":18,"76":6,"77":12,"78":2,"79":10,"80":10,"81":10,"82":36,"83":36,"84":10,"85":10,"86":16,"87":6,"88":10,"89":10,"90":10,"91":10,"92":20,"93":10,"94":12,"95":2,"96":10,"97":10,"98":10,"99":10,"100":8,"101":10,"102":6},"f":{"0":214,"1":126,"2":150,"3":40,"4":12,"5":12,"6":8,"7":8,"8":10,"9":16,"10":12},"b":{"0":[98,52],"1":[24,16],"2":[2,10],"3":[4,6],"4":[4,0],"5":[2,10],"6":[6,4],"7":[4,2],"8":[2,2],"9":[0,2],"10":[0,8],"11":[4,4],"12":[0,4],"13":[4,2],"14":[2,2],"15":[6,12],"16":[6,10],"17":[16,12],"18":[2,10]},"_coverageSchema":"1a1c01bbd47fc00a2c39e90264f33305004495a9","hash":"1b48d5c69d6ab0d186ee71081192983117aca7f5"}
[...]
,"/Users/brandenge/courses/data-structures-and-algorithms/javascript/tree-fizz-buzz/index.js": {"path":"/Users/brandenge/courses/data-structures-and-algorithms/javascript/tree-fizz-buzz/index.js","statementMap":{"0":{"start":{"line":3,"column":31},"end":{"line":3,"column":52}},"1":{"start":{"line":4,"column":14},"end":{"line":4,"column":32}},"2":{"start":{"line":7,"column":18},"end":{"line":7,"column":34}},"3":{"start":{"line":8,"column":2},"end":{"line":8,"column":52}},"4":{"start":{"line":8,"column":28},"end":{"line":8,"column":52}},"5":{"start":{"line":9,"column":2},"end":{"line":9,"column":52}},"6":{"start":{"line":9,"column":28},"end":{"line":9,"column":52}},"7":{"start":{"line":10,"column":2},"end":{"line":12,"column":3}},"8":{"start":{"line":11,"column":4},"end":{"line":11,"column":44}},"9":{"start":{"line":13,"column":2},"end":{"line":13,"column":17}},"10":{"start":{"line":17,"column":2},"end":{"line":17,"column":34}},"11":{"start":{"line":17,"column":22},"end":{"line":17,"column":34}},"12":{"start":{"line":18,"column":18},"end":{"line":18,"column":32}},"13":{"start":{"line":19,"column":18},"end":{"line":19,"column":41}},"14":{"start":{"line":20,"column":2},"end":{"line":20,"column":25}},"15":{"start":{"line":21,"column":23},"end":{"line":21,"column":34}},"16":{"start":{"line":22,"column":23},"end":{"line":22,"column":34}},"17":{"start":{"line":23,"column":2},"end":{"line":23,"column":38}},"18":{"start":{"line":24,"column":2},"end":{"line":24,"column":37}},"19":{"start":{"line":25,"column":2},"end":{"line":36,"column":3}},"20":{"start":{"line":26,"column":21},"end":{"line":26,"column":43}},"21":{"start":{"line":27,"column":21},"end":{"line":27,"column":43}},"22":{"start":{"line":28,"column":4},"end":{"line":35,"column":5}},"23":{"start":{"line":29,"column":6},"end":{"line":34,"column":9}},"24":{"start":{"line":30,"column":25},"end":{"line":30,"column":40}},"25":{"start":{"line":31,"column":8},"end":{"line":31,"column":36}},"26":{"start":{"line":32,"column":8},"end":{"line":32,"column":39}},"27":{"start":{"line":33,"column":8},"end":{"line":33,"column":24}},"28":{"start":{"line":37,"column":2},"end":{"line":37,"column":17}},"29":{"start":{"line":40,"column":17},"end":{"line":40,"column":31}},"30":{"start":{"line":41,"column":14},"end":{"line":41,"column":30}},"31":{"start":{"line":42,"column":14},"end":{"line":42,"column":30}},"32":{"start":{"line":43,"column":14},"end":{"line":43,"column":31}},"33":{"start":{"line":44,"column":14},"end":{"line":44,"column":31}},"34":{"start":{"line":45,"column":14},"end":{"line":45,"column":31}},"35":{"start":{"line":46,"column":14},"end":{"line":46,"column":30}},"36":{"start":{"line":47,"column":14},"end":{"line":47,"column":31}},"37":{"start":{"line":48,"column":14},"end":{"line":48,"column":31}},"38":{"start":{"line":49,"column":0},"end":{"line":49,"column":22}},"39":{"start":{"line":50,"column":0},"end":{"line":50,"column":47}},"40":{"start":{"line":51,"column":0},"end":{"line":51,"column":66}},"41":{"start":{"line":52,"column":19},"end":{"line":52,"column":41}},"42":{"start":{"line":54,"column":0},"end":{"line":54,"column":41}},"43":{"start":{"line":55,"column":0},"end":{"line":55,"column":44}},"44":{"start":{"line":57,"column":0},"end":{"line":57,"column":30}}},"fnMap":{"0":{"name":"fizzBuzz","decl":{"start":{"line":6,"column":9},"end":{"line":6,"column":17}},"loc":{"start":{"line":6,"column":24},"end":{"line":14,"column":1}},"line":6},"1":{"name":"fizzBuzzTree","decl":{"start":{"line":16,"column":9},"end":{"line":16,"column":21}},"loc":{"start":{"line":16,"column":32},"end":{"line":38,"column":1}},"line":16},"2":{"name":"(anonymous_2)","decl":{"start":{"line":29,"column":52},"end":{"line":29,"column":53}},"loc":{"start":{"line":29,"column":61},"end":{"line":34,"column":7}},"line":29}},"branchMap":{"0":{"loc":{"start":{"line":8,"column":2},"end":{"line":8,"column":52}},"type":"if","locations":[{"start":{"line":8,"column":2},"end":{"line":8,"column":52}},{"start":{},"end":{}}],"line":8},"1":{"loc":{"start":{"line":9,"column":2},"end":{"line":9,"column":52}},"type":"if","locations":[{"start":{"line":9,"column":2},"end":{"line":9,"column":52}},{"start":{},"end":{}}],"line":9},"2":{"loc":{"start":{"line":10,"column":2},"end":{"line":12,"column":3}},"type":"if","locations":[{"start":{"line":10,"column":2},"end":{"line":12,"column":3}},{"start":{},"end":{}}],"line":10},"3":{"loc":{"start":{"line":10,"column":6},"end":{"line":10,"column":90}},"type":"binary-expr","locations":[{"start":{"line":10,"column":6},"end":{"line":10,"column":30}},{"start":{"line":10,"column":34},"end":{"line":10,"column":58}},{"start":{"line":10,"column":62},"end":{"line":10,"column":90}}],"line":10},"4":{"loc":{"start":{"line":17,"column":2},"end":{"line":17,"column":34}},"type":"if","locations":[{"start":{"line":17,"column":2},"end":{"line":17,"column":34}},{"start":{},"end":{}}],"line":17},"5":{"loc":{"start":{"line":28,"column":4},"end":{"line":35,"column":5}},"type":"if","locations":[{"start":{"line":28,"column":4},"end":{"line":35,"column":5}},{"start":{},"end":{}}],"line":28}},"s":{"0":1,"1":1,"2":28,"3":28,"4":14,"5":28,"6":14,"7":28,"8":7,"9":28,"10":12,"11":1,"12":11,"13":11,"14":11,"15":11,"16":11,"17":11,"18":11,"19":11,"20":28,"21":28,"22":28,"23":5,"24":17,"25":17,"26":17,"27":17,"28":11,"29":1,"30":1,"31":1,"32":1,"33":1,"34":1,"35":1,"36":1,"37":1,"38":1,"39":1,"40":1,"41":1,"42":1,"43":1,"44":1},"f":{"0":28,"1":12,"2":17},"b":{"0":[14,14],"1":[14,14],"2":[7,21],"3":[28,21,14],"4":[1,11],"5":[5,23]},"_coverageSchema":"1a1c01bbd47fc00a2c39e90264f33305004495a9","hash":"aab45aca0988f1725631a62ff284ad28d5d29202"}
,"/Users/brandenge/courses/data-structures-and-algorithms/javascript/tree-fizz-buzz/karyTree.js": {"path":"/Users/brandenge/courses/data-structures-and-algorithms/javascript/tree-fizz-buzz/karyTree.js","statementMap":{"0":{"start":{"line":3,"column":4},"end":{"line":3,"column":23}},"1":{"start":{"line":4,"column":4},"end":{"line":4,"column":23}},"2":{"start":{"line":10,"column":4},"end":{"line":10,"column":21}},"3":{"start":{"line":11,"column":4},"end":{"line":11,"column":15}},"4":{"start":{"line":15,"column":0},"end":{"line":15,"column":40}}},"fnMap":{"0":{"name":"(anonymous_0)","decl":{"start":{"line":2,"column":2},"end":{"line":2,"column":3}},"loc":{"start":{"line":2,"column":21},"end":{"line":5,"column":3}},"line":2},"1":{"name":"(anonymous_1)","decl":{"start":{"line":9,"column":2},"end":{"line":9,"column":3}},"loc":{"start":{"line":9,"column":17},"end":{"line":12,"column":3}},"line":9}},"branchMap":{},"s":{"0":56,"1":56,"2":23,"3":23,"4":1},"f":{"0":56,"1":23},"b":{},"_coverageSchema":"1a1c01bbd47fc00a2c39e90264f33305004495a9","hash":"384e107a64884f27480e4d8e8ec2090388408fab"}
,"/Users/brandenge/courses/data-structures-and-algorithms/javascript/tree-fizz-buzz/queue.js": {"path":"/Users/brandenge/courses/data-structures-and-algorithms/javascript/tree-fizz-buzz/queue.js","statementMap":{"0":{"start":{"line":5,"column":4},"end":{"line":5,"column":23}},"1":{"start":{"line":6,"column":4},"end":{"line":6,"column":21}},"2":{"start":{"line":12,"column":4},"end":{"line":12,"column":22}},"3":{"start":{"line":13,"column":4},"end":{"line":13,"column":21}},"4":{"start":{"line":17,"column":17},"end":{"line":17,"column":32}},"5":{"start":{"line":18,"column":4},"end":{"line":22,"column":5}},"6":{"start":{"line":18,"column":20},"end":{"line":18,"column":37}},"7":{"start":{"line":20,"column":6},"end":{"line":20,"column":28}},"8":{"start":{"line":21,"column":6},"end":{"line":21,"column":23}},"9":{"start":{"line":23,"column":4},"end":{"line":23,"column":39}},"10":{"start":{"line":23,"column":21},"end":{"line":23,"column":39}},"11":{"start":{"line":27,"column":4},"end":{"line":27,"column":67}},"12":{"start":{"line":27,"column":29},"end":{"line":27,"column":67}},"13":{"start":{"line":28,"column":17},"end":{"line":28,"column":27}},"14":{"start":{"line":29,"column":4},"end":{"line":29,"column":33}},"15":{"start":{"line":30,"column":4},"end":{"line":30,"column":46}},"16":{"start":{"line":30,"column":29},"end":{"line":30,"column":46}},"17":{"start":{"line":31,"column":4},"end":{"line":31,"column":21}},"18":{"start":{"line":32,"column":4},"end":{"line":32,"column":22}},"19":{"start":{"line":36,"column":4},"end":{"line":36,"column":59}},"20":{"start":{"line":36,"column":21},"end":{"line":36,"column":59}},"21":{"start":{"line":37,"column":4},"end":{"line":37,"column":28}},"22":{"start":{"line":41,"column":4},"end":{"line":41,"column":31}},"23":{"start":{"line":45,"column":0},"end":{"line":45,"column":23}}},"fnMap":{"0":{"name":"(anonymous_0)","decl":{"start":{"line":4,"column":2},"end":{"line":4,"column":3}},"loc":{"start":{"line":4,"column":21},"end":{"line":7,"column":3}},"line":4},"1":{"name":"(anonymous_1)","decl":{"start":{"line":11,"column":2},"end":{"line":11,"column":3}},"loc":{"start":{"line":11,"column":16},"end":{"line":14,"column":3}},"line":11},"2":{"name":"(anonymous_2)","decl":{"start":{"line":16,"column":2},"end":{"line":16,"column":3}},"loc":{"start":{"line":16,"column":17},"end":{"line":24,"column":3}},"line":16},"3":{"name":"(anonymous_3)","decl":{"start":{"line":26,"column":2},"end":{"line":26,"column":3}},"loc":{"start":{"line":26,"column":12},"end":{"line":33,"column":3}},"line":26},"4":{"name":"(anonymous_4)","decl":{"start":{"line":35,"column":2},"end":{"line":35,"column":3}},"loc":{"start":{"line":35,"column":9},"end":{"line":38,"column":3}},"line":35},"5":{"name":"(anonymous_5)","decl":{"start":{"line":40,"column":2},"end":{"line":40,"column":3}},"loc":{"start":{"line":40,"column":12},"end":{"line":42,"column":3}},"line":40}},"branchMap":{"0":{"loc":{"start":{"line":18,"column":4},"end":{"line":22,"column":5}},"type":"if","locations":[{"start":{"line":18,"column":4},"end":{"line":22,"column":5}},{"start":{"line":19,"column":9},"end":{"line":22,"column":5}}],"line":18},"1":{"loc":{"start":{"line":23,"column":4},"end":{"line":23,"column":39}},"type":"if","locations":[{"start":{"line":23,"column":4},"end":{"line":23,"column":39}},{"start":{},"end":{}}],"line":23},"2":{"loc":{"start":{"line":27,"column":4},"end":{"line":27,"column":67}},"type":"if","locations":[{"start":{"line":27,"column":4},"end":{"line":27,"column":67}},{"start":{},"end":{}}],"line":27},"3":{"loc":{"start":{"line":30,"column":4},"end":{"line":30,"column":46}},"type":"if","locations":[{"start":{"line":30,"column":4},"end":{"line":30,"column":46}},{"start":{},"end":{}}],"line":30},"4":{"loc":{"start":{"line":36,"column":4},"end":{"line":36,"column":59}},"type":"if","locations":[{"start":{"line":36,"column":4},"end":{"line":36,"column":59}},{"start":{},"end":{}}],"line":36}},"s":{"0":56,"1":56,"2":22,"3":22,"4":56,"5":56,"6":32,"7":24,"8":24,"9":56,"10":32,"11":56,"12":0,"13":56,"14":56,"15":56,"16":32,"17":56,"18":56,"19":0,"20":0,"21":0,"22":39,"23":1},"f":{"0":56,"1":22,"2":56,"3":56,"4":0,"5":39},"b":{"0":[32,24],"1":[32,24],"2":[0,56],"3":[32,24],"4":[0,0]},"_coverageSchema":"1a1c01bbd47fc00a2c39e90264f33305004495a9","hash":"5afdde8be5f89dcf17ddd470d4f62a516f4ea126"}
,"/Users/brandenge/courses/data-structures-and-algorithms/javascript/tree-intersection/tree-intersection.js": {"path":"/Users/brandenge/courses/data-structures-and-algorithms/javascript/tree-intersection/tree-intersection.js","statementMap":{"0":{"start":{"line":3,"column":16},"end":{"line":3,"column":46}},"1":{"start":{"line":6,"column":2},"end":{"line":6,"column":44}},"2":{"start":{"line":6,"column":34},"end":{"line":6,"column":44}},"3":{"start":{"line":7,"column":18},"end":{"line":7,"column":62}},"4":{"start":{"line":8,"column":2},"end":{"line":8,"column":50}},"5":{"start":{"line":12,"column":2},"end":{"line":12,"column":57}},"6":{"start":{"line":12,"column":20},"end":{"line":12,"column":57}},"7":{"start":{"line":13,"column":2},"end":{"line":13,"column":45}},"8":{"start":{"line":14,"column":2},"end":{"line":14,"column":59}},"9":{"start":{"line":14,"column":21},"end":{"line":14,"column":59}},"10":{"start":{"line":15,"column":2},"end":{"line":15,"column":17}},"11":{"start":{"line":19,"column":2},"end":{"line":19,"column":68}},"12":{"start":{"line":19,"column":20},"end":{"line":19,"column":68}},"13":{"start":{"line":20,"column":2},"end":{"line":20,"column":75}},"14":{"start":{"line":20,"column":47},"end":{"line":20,"column":75}},"15":{"start":{"line":21,"column":2},"end":{"line":21,"column":70}},"16":{"start":{"line":21,"column":21},"end":{"line":21,"column":70}},"17":{"start":{"line":22,"column":2},"end":{"line":22,"column":17}},"18":{"start":{"line":25,"column":0},"end":{"line":25,"column":70}}},"fnMap":{"0":{"name":"treeIntersection","decl":{"start":{"line":5,"column":9},"end":{"line":5,"column":25}},"loc":{"start":{"line":5,"column":40},"end":{"line":9,"column":1}},"line":5},"1":{"name":"treeToHashMap","decl":{"start":{"line":11,"column":9},"end":{"line":11,"column":22}},"loc":{"start":{"line":11,"column":41},"end":{"line":16,"column":1}},"line":11},"2":{"name":"getCommonValues","decl":{"start":{"line":18,"column":9},"end":{"line":18,"column":24}},"loc":{"start":{"line":18,"column":52},"end":{"line":23,"column":1}},"line":18}},"branchMap":{"0":{"loc":{"start":{"line":6,"column":2},"end":{"line":6,"column":44}},"type":"if","locations":[{"start":{"line":6,"column":2},"end":{"line":6,"column":44}},{"start":{},"end":{}}],"line":6},"1":{"loc":{"start":{"line":6,"column":6},"end":{"line":6,"column":32}},"type":"binary-expr","locations":[{"start":{"line":6,"column":6},"end":{"line":6,"column":17}},{"start":{"line":6,"column":21},"end":{"line":6,"column":32}}],"line":6},"2":{"loc":{"start":{"line":12,"column":2},"end":{"line":12,"column":57}},"type":"if","locations":[{"start":{"line":12,"column":2},"end":{"line":12,"column":57}},{"start":{},"end":{}}],"line":12},"3":{"loc":{"start":{"line":14,"column":2},"end":{"line":14,"column":59}},"type":"if","locations":[{"start":{"line":14,"column":2},"end":{"line":14,"column":59}},{"start":{},"end":{}}],"line":14},"4":{"loc":{"start":{"line":19,"column":2},"end":{"line":19,"column":68}},"type":"if","locations":[{"start":{"line":19,"column":2},"end":{"line":19,"column":68}},{"start":{},"end":{}}],"line":19},"5":{"loc":{"start":{"line":20,"column":2},"end":{"line":20,"column":75}},"type":"if","locations":[{"start":{"line":20,"column":2},"end":{"line":20,"column":75}},{"start":{},"end":{}}],"line":20},"6":{"loc":{"start":{"line":21,"column":2},"end":{"line":21,"column":70}},"type":"if","locations":[{"start":{"line":21,"column":2},"end":{"line":21,"column":70}},{"start":{},"end":{}}],"line":21}},"s":{"0":1,"1":3,"2":1,"3":2,"4":2,"5":44,"6":18,"7":44,"8":44,"9":18,"10":44,"11":29,"12":12,"13":29,"14":16,"15":29,"16":12,"17":29,"18":1},"f":{"0":3,"1":44,"2":29},"b":{"0":[1,2],"1":[3,2],"2":[18,26],"3":[18,26],"4":[12,17],"5":[16,13],"6":[12,17]},"_coverageSchema":"1a1c01bbd47fc00a2c39e90264f33305004495a9","hash":"95379d727eeaefc6c6b2512fc52b32a8b332e655"}
,"/Users/brandenge/courses/data-structures-and-algorithms/javascript/tree-max/index.js": {"path":"/Users/brandenge/courses/data-structures-and-algorithms/javascript/tree-max/index.js","statementMap":{"0":{"start":{"line":5,"column":4},"end":{"line":5,"column":23}},"1":{"start":{"line":6,"column":4},"end":{"line":6,"column":21}},"2":{"start":{"line":7,"column":4},"end":{"line":7,"column":22}},"3":{"start":{"line":13,"column":4},"end":{"line":13,"column":21}},"4":{"start":{"line":17,"column":4},"end":{"line":17,"column":32}},"5":{"start":{"line":17,"column":20},"end":{"line":17,"column":32}},"6":{"start":{"line":18,"column":14},"end":{"line":18,"column":23}},"7":{"start":{"line":21,"column":6},"end":{"line":21,"column":47}},"8":{"start":{"line":21,"column":24},"end":{"line":21,"column":47}},"9":{"start":{"line":22,"column":6},"end":{"line":22,"column":51}},"10":{"start":{"line":22,"column":31},"end":{"line":22,"column":51}},"11":{"start":{"line":23,"column":6},"end":{"line":23,"column":49}},"12":{"start":{"line":23,"column":25},"end":{"line":23,"column":49}},"13":{"start":{"line":25,"column":4},"end":{"line":25,"column":24}},"14":{"start":{"line":26,"column":4},"end":{"line":26,"column":15}},"15":{"start":{"line":30,"column":0},"end":{"line":30,"column":44}}},"fnMap":{"0":{"name":"(anonymous_0)","decl":{"start":{"line":4,"column":2},"end":{"line":4,"column":3}},"loc":{"start":{"line":4,"column":21},"end":{"line":8,"column":3}},"line":4},"1":{"name":"(anonymous_1)","decl":{"start":{"line":12,"column":2},"end":{"line":12,"column":3}},"loc":{"start":{"line":12,"column":16},"end":{"line":14,"column":3}},"line":12},"2":{"name":"(anonymous_2)","decl":{"start":{"line":16,"column":2},"end":{"line":16,"column":3}},"loc":{"start":{"line":16,"column":12},"end":{"line":27,"column":3}},"line":16},"3":{"name":"traverse","decl":{"start":{"line":20,"column":13},"end":{"line":20,"column":21}},"loc":{"start":{"line":20,"column":31},"end":{"line":24,"column":5}},"line":20}},"branchMap":{"0":{"loc":{"start":{"line":17,"column":4},"end":{"line":17,"column":32}},"type":"if","locations":[{"start":{"line":17,"column":4},"end":{"line":17,"column":32}},{"start":{},"end":{}}],"line":17},"1":{"loc":{"start":{"line":21,"column":6},"end":{"line":21,"column":47}},"type":"if","locations":[{"start":{"line":21,"column":6},"end":{"line":21,"column":47}},{"start":{},"end":{}}],"line":21},"2":{"loc":{"start":{"line":22,"column":6},"end":{"line":22,"column":51}},"type":"if","locations":[{"start":{"line":22,"column":6},"end":{"line":22,"column":51}},{"start":{},"end":{}}],"line":22},"3":{"loc":{"start":{"line":23,"column":6},"end":{"line":23,"column":49}},"type":"if","locations":[{"start":{"line":23,"column":6},"end":{"line":23,"column":49}},{"start":{},"end":{}}],"line":23}},"s":{"0":16,"1":16,"2":16,"3":5,"4":5,"5":1,"6":4,"7":16,"8":5,"9":16,"10":11,"11":16,"12":7,"13":4,"14":4,"15":1},"f":{"0":16,"1":5,"2":5,"3":16},"b":{"0":[1,4],"1":[5,11],"2":[11,5],"3":[7,9]},"_coverageSchema":"1a1c01bbd47fc00a2c39e90264f33305004495a9","hash":"c5fb896e58d93e847953cf2ddc638ee6161d0583"}
}
