TN:
SF:binary-tree-and-bst/index.js
FN:4,(anonymous_0)
FN:12,(anonymous_1)
FN:16,(anonymous_2)
FN:19,traverse
FN:28,(anonymous_4)
FN:31,traverse
FN:40,(anonymous_6)
FN:43,traverse
FN:54,(anonymous_8)
FN:58,(anonymous_9)
FN:64,traverse
FN:77,(anonymous_11)
FN:79,traverse
FN:90,(anonymous_13)
FN:97,(anonymous_14)
FN:102,(anonymous_15)
FN:105,traverse
FN:107,(anonymous_17)
FN:113,(anonymous_18)
FN:116,traverse
FN:133,(anonymous_20)
FN:136,traverse
FN:137,(anonymous_22)
FNF:23
FNH:23
FNDA:38,(anonymous_0)
FNDA:10,(anonymous_1)
FNDA:2,(anonymous_2)
FNDA:4,traverse
FNDA:3,(anonymous_4)
FNDA:7,traverse
FNDA:2,(anonymous_6)
FNDA:4,traverse
FNDA:1,(anonymous_8)
FNDA:3,(anonymous_9)
FNDA:2,traverse
FNDA:2,(anonymous_11)
FNDA:4,traverse
FNDA:12,(anonymous_13)
FNDA:3,(anonymous_14)
FNDA:4,(anonymous_15)
FNDA:16,traverse
FNDA:12,(anonymous_17)
FNDA:4,(anonymous_18)
FNDA:16,traverse
FNDA:4,(anonymous_20)
FNDA:16,traverse
FNDA:12,(anonymous_22)
DA:5,38
DA:6,38
DA:7,38
DA:13,10
DA:17,2
DA:20,4
DA:21,4
DA:22,4
DA:24,2
DA:25,2
DA:29,3
DA:32,7
DA:33,7
DA:34,7
DA:36,3
DA:37,3
DA:41,2
DA:44,4
DA:45,4
DA:46,4
DA:48,2
DA:49,2
DA:55,1
DA:59,3
DA:60,3
DA:61,1
DA:62,1
DA:65,2
DA:66,1
DA:67,1
DA:69,1
DA:70,1
DA:71,1
DA:74,2
DA:78,2
DA:80,4
DA:81,3
DA:82,3
DA:83,1
DA:85,2
DA:91,12
DA:92,12
DA:98,3
DA:99,3
DA:103,4
DA:106,16
DA:107,16
DA:109,4
DA:110,4
DA:114,4
DA:117,16
DA:118,5
DA:119,7
DA:122,16
DA:123,16
DA:124,5
DA:125,5
DA:129,4
DA:130,4
DA:134,4
DA:137,16
DA:138,16
DA:140,4
DA:141,4
DA:145,4
LF:65
LH:65
BRDA:21,0,0,1
BRDA:21,0,1,3
BRDA:22,1,0,1
BRDA:22,1,1,3
BRDA:32,2,0,2
BRDA:32,2,1,5
BRDA:34,3,0,2
BRDA:34,3,1,5
BRDA:44,4,0,1
BRDA:44,4,1,3
BRDA:45,5,0,1
BRDA:45,5,1,3
BRDA:60,6,0,1
BRDA:60,6,1,2
BRDA:65,7,0,1
BRDA:65,7,1,1
BRDA:66,8,0,0
BRDA:66,8,1,1
BRDA:69,9,0,1
BRDA:69,9,1,0
BRDA:70,10,0,0
BRDA:70,10,1,1
BRDA:78,11,0,0
BRDA:78,11,1,2
BRDA:80,12,0,1
BRDA:80,12,1,3
BRDA:81,13,0,0
BRDA:81,13,1,3
BRDA:81,14,0,3
BRDA:81,14,1,0
BRDA:82,15,0,2
BRDA:82,15,1,1
BRDA:82,16,0,3
BRDA:82,16,1,3
BRDA:107,17,0,5
BRDA:107,17,1,11
BRDA:117,18,0,5
BRDA:117,18,1,11
BRDA:123,19,0,5
BRDA:123,19,1,11
BRDA:137,20,0,5
BRDA:137,20,1,11
BRF:42
BRH:36
end_of_record
TN:
SF:doubly-linked-list/index.js
FN:4,(anonymous_0)
FN:12,(anonymous_1)
FN:16,(anonymous_2)
FN:23,(anonymous_3)
FN:32,(anonymous_4)
FNF:5
FNH:5
FNDA:21,(anonymous_0)
FNDA:9,(anonymous_1)
FNDA:21,(anonymous_2)
FNDA:4,(anonymous_3)
FNDA:1,(anonymous_4)
DA:5,21
DA:6,21
DA:7,21
DA:13,9
DA:17,21
DA:18,21
DA:19,21
DA:20,21
DA:24,4
DA:25,4
DA:26,9
DA:27,6
DA:29,1
DA:33,1
DA:34,1
DA:35,1
DA:36,3
DA:37,3
DA:39,1
DA:40,1
DA:44,1
LF:21
LH:21
BRDA:19,0,0,13
BRDA:19,0,1,8
BRDA:26,1,0,3
BRDA:26,1,1,6
BRF:4
BRH:4
end_of_record
TN:
SF:graph/index.js
FN:4,(anonymous_0)
FN:10,(anonymous_1)
FN:17,(anonymous_2)
FN:21,(anonymous_3)
FN:27,(anonymous_4)
FN:34,(anonymous_5)
FN:38,(anonymous_6)
FN:42,(anonymous_7)
FN:46,(anonymous_8)
FN:67,(anonymous_9)
FNF:10
FNH:8
FNDA:14,(anonymous_0)
FNDA:19,(anonymous_1)
FNDA:3,(anonymous_2)
FNDA:14,(anonymous_3)
FNDA:19,(anonymous_4)
FNDA:5,(anonymous_5)
FNDA:19,(anonymous_6)
FNDA:2,(anonymous_7)
FNDA:0,(anonymous_8)
FNDA:0,(anonymous_9)
DA:5,14
DA:11,19
DA:12,19
DA:18,3
DA:22,14
DA:23,14
DA:24,14
DA:28,19
DA:29,19
DA:30,19
DA:31,19
DA:35,5
DA:39,19
DA:43,2
DA:47,0
DA:48,0
DA:49,0
DA:50,0
DA:53,0
DA:54,0
DA:55,0
DA:56,0
DA:57,0
DA:58,0
DA:59,0
DA:60,0
DA:64,0
DA:68,0
DA:69,0
DA:70,0
DA:71,0
DA:74,0
DA:75,0
DA:76,0
DA:77,0
DA:78,0
DA:79,0
DA:80,0
DA:81,0
DA:85,0
DA:89,2
LF:41
LH:15
BRDA:10,0,0,0
BRDA:27,1,0,0
BRDA:47,2,0,0
BRDA:47,2,1,0
BRDA:55,3,0,0
BRDA:55,3,1,0
BRDA:58,4,0,0
BRDA:58,4,1,0
BRDA:68,5,0,0
BRDA:68,5,1,0
BRDA:76,6,0,0
BRDA:76,6,1,0
BRDA:79,7,0,0
BRDA:79,7,1,0
BRF:14
BRH:0
end_of_record
TN:
SF:graph-breadth-first/index.js
FN:4,(anonymous_0)
FN:10,(anonymous_1)
FN:17,(anonymous_2)
FN:21,(anonymous_3)
FN:27,(anonymous_4)
FN:34,(anonymous_5)
FN:38,(anonymous_6)
FN:42,(anonymous_7)
FN:46,(anonymous_8)
FN:66,(anonymous_9)
FN:87,(anonymous_10)
FNF:11
FNH:9
FNDA:8,(anonymous_0)
FNDA:8,(anonymous_1)
FNDA:3,(anonymous_2)
FNDA:8,(anonymous_3)
FNDA:8,(anonymous_4)
FNDA:0,(anonymous_5)
FNDA:25,(anonymous_6)
FNDA:0,(anonymous_7)
FNDA:4,(anonymous_8)
FNDA:2,(anonymous_9)
FNDA:2,(anonymous_10)
DA:5,8
DA:11,8
DA:12,8
DA:18,3
DA:22,8
DA:23,8
DA:24,8
DA:28,8
DA:29,8
DA:30,8
DA:31,8
DA:35,0
DA:39,25
DA:43,0
DA:47,4
DA:48,3
DA:49,3
DA:50,3
DA:52,3
DA:53,13
DA:54,13
DA:55,13
DA:56,13
DA:57,16
DA:58,10
DA:59,10
DA:63,3
DA:67,2
DA:68,2
DA:69,2
DA:70,2
DA:73,2
DA:74,12
DA:75,12
DA:76,12
DA:77,12
DA:78,12
DA:79,16
DA:80,10
DA:84,2
DA:88,2
DA:92,1
LF:42
LH:40
BRDA:10,0,0,0
BRDA:27,1,0,8
BRDA:47,2,0,1
BRDA:47,2,1,3
BRDA:54,3,0,6
BRDA:54,3,1,7
BRDA:57,4,0,10
BRDA:57,4,1,6
BRDA:67,5,0,0
BRDA:67,5,1,2
BRDA:76,6,0,0
BRDA:76,6,1,12
BRDA:79,7,0,10
BRDA:79,7,1,6
BRF:14
BRH:11
end_of_record
TN:
SF:graph-business-trip/index.js
FN:3,businessTrip
FN:6,(anonymous_1)
FN:7,(anonymous_2)
FN:13,(anonymous_3)
FNF:4
FNH:4
FNDA:4,businessTrip
FNDA:10,(anonymous_1)
FNDA:36,(anonymous_2)
FNDA:5,(anonymous_3)
DA:4,4
DA:5,4
DA:6,4
DA:7,36
DA:8,10
DA:11,4
DA:12,5
DA:13,5
DA:14,5
DA:15,3
DA:17,2
DA:18,2
DA:21,1
LF:13
LH:13
BRDA:14,0,0,2
BRDA:14,0,1,3
BRDA:17,1,0,0
BRDA:17,1,1,2
BRF:4
BRH:3
end_of_record
TN:
SF:graph-depth-first/index.js
FN:4,(anonymous_0)
FN:10,(anonymous_1)
FN:17,(anonymous_2)
FN:21,(anonymous_3)
FN:27,(anonymous_4)
FN:34,(anonymous_5)
FN:38,(anonymous_6)
FN:42,(anonymous_7)
FN:46,(anonymous_8)
FNF:9
FNH:7
FNDA:20,(anonymous_0)
FNDA:18,(anonymous_1)
FNDA:6,(anonymous_2)
FNDA:20,(anonymous_3)
FNDA:18,(anonymous_4)
FNDA:0,(anonymous_5)
FNDA:32,(anonymous_6)
FNDA:0,(anonymous_7)
FNDA:7,(anonymous_8)
DA:5,20
DA:11,18
DA:12,18
DA:18,6
DA:22,20
DA:23,20
DA:24,20
DA:28,18
DA:29,18
DA:30,18
DA:31,18
DA:35,0
DA:39,32
DA:43,0
DA:47,7
DA:48,6
DA:49,6
DA:50,6
DA:53,6
DA:54,32
DA:55,32
DA:56,32
DA:57,32
DA:58,32
DA:59,33
DA:60,26
DA:64,6
DA:65,6
DA:69,1
LF:29
LH:27
BRDA:10,0,0,0
BRDA:27,1,0,18
BRDA:47,2,0,1
BRDA:47,2,1,6
BRDA:56,3,0,14
BRDA:56,3,1,18
BRDA:59,4,0,26
BRDA:59,4,1,7
BRF:8
BRH:7
end_of_record
TN:
SF:hash-table/index.js
FN:6,(anonymous_0)
FN:11,(anonymous_1)
FN:20,(anonymous_2)
FN:33,(anonymous_3)
FN:37,(anonymous_4)
FN:39,(anonymous_5)
FN:51,(anonymous_6)
FN:52,(anonymous_7)
FNF:8
FNH:8
FNDA:18,(anonymous_0)
FNDA:62,(anonymous_1)
FNDA:24,(anonymous_2)
FNDA:30,(anonymous_3)
FNDA:37,(anonymous_4)
FNDA:288,(anonymous_5)
FNDA:149,(anonymous_6)
FNDA:457,(anonymous_7)
DA:3,3
DA:7,18
DA:8,18
DA:12,62
DA:13,62
DA:14,60
DA:15,60
DA:17,62
DA:21,24
DA:22,24
DA:23,18
DA:24,18
DA:25,18
DA:26,18
DA:27,2
DA:30,8
DA:34,30
DA:38,37
DA:39,37
DA:40,288
DA:41,288
DA:42,288
DA:43,289
DA:44,289
DA:48,37
DA:52,457
DA:53,149
DA:57,3
LF:28
LH:28
BRDA:13,0,0,60
BRDA:13,0,1,2
BRDA:22,1,0,18
BRDA:22,1,1,6
BRDA:26,2,0,16
BRDA:26,2,1,2
BRDA:40,3,0,288
BRDA:40,3,1,0
BRF:8
BRH:7
end_of_record
TN:
SF:hashmap-left-join/index.js
FN:3,(anonymous_0)
FN:4,(anonymous_1)
FNF:2
FNH:2
FNDA:3,(anonymous_0)
FNDA:10,(anonymous_1)
DA:3,1
DA:4,3
DA:5,10
DA:9,1
LF:4
LH:4
BRF:0
BRH:0
end_of_record
TN:
SF:hashmap-repeated-word/index.js
FN:3,repeatedWord
FNF:1
FNH:1
FNDA:4,repeatedWord
DA:4,4
DA:5,4
DA:6,4
DA:7,28
DA:8,25
DA:10,1
DA:13,1
LF:7
LH:7
BRDA:7,0,0,3
BRDA:7,0,1,25
BRF:2
BRH:2
end_of_record
TN:
SF:insertion-sort/index.js
FN:3,insertionSort
FNF:1
FNH:1
FNDA:5,insertionSort
DA:4,5
DA:5,25
DA:6,25
DA:7,25
DA:8,28
DA:9,28
DA:11,25
DA:15,1
LF:8
LH:8
BRDA:7,0,0,53
BRDA:7,0,1,47
BRF:2
BRH:2
end_of_record
TN:
SF:linked-list/index.js
FN:4,(anonymous_0)
FN:11,(anonymous_1)
FN:15,(anonymous_2)
FN:21,(anonymous_3)
FN:30,(anonymous_4)
FNF:5
FNH:5
FNDA:15,(anonymous_0)
FNDA:7,(anonymous_1)
FNDA:15,(anonymous_2)
FNDA:4,(anonymous_3)
FNDA:1,(anonymous_4)
DA:5,15
DA:6,15
DA:12,7
DA:16,15
DA:17,15
DA:18,15
DA:22,4
DA:23,4
DA:24,9
DA:25,6
DA:27,1
DA:31,1
DA:32,1
DA:33,1
DA:34,3
DA:35,3
DA:37,1
DA:38,1
DA:42,1
LF:19
LH:19
BRDA:24,0,0,3
BRDA:24,0,1,6
BRF:2
BRH:2
end_of_record
TN:
SF:linked-list-insertions/index.js
FN:4,(anonymous_0)
FN:11,(anonymous_1)
FN:16,(anonymous_2)
FN:23,(anonymous_3)
FN:33,(anonymous_4)
FN:56,(anonymous_5)
FN:85,(anonymous_6)
FN:104,(anonymous_7)
FN:113,(anonymous_8)
FNF:9
FNH:9
FNDA:44,(anonymous_0)
FNDA:20,(anonymous_1)
FNDA:30,(anonymous_2)
FNDA:4,(anonymous_3)
FNDA:5,(anonymous_4)
FNDA:5,(anonymous_5)
FNDA:3,(anonymous_6)
FNDA:4,(anonymous_7)
FNDA:1,(anonymous_8)
DA:5,44
DA:6,44
DA:12,20
DA:13,20
DA:17,30
DA:18,30
DA:19,30
DA:20,30
DA:24,4
DA:25,4
DA:26,2
DA:28,2
DA:30,4
DA:34,5
DA:35,5
DA:36,1
DA:38,4
DA:39,2
DA:40,2
DA:41,2
DA:43,2
DA:44,2
DA:45,1
DA:46,1
DA:47,1
DA:48,1
DA:50,0
DA:53,1
DA:57,5
DA:58,5
DA:59,1
DA:61,4
DA:62,3
DA:63,3
DA:64,3
DA:65,3
DA:67,1
DA:68,1
DA:69,0
DA:70,0
DA:71,0
DA:72,0
DA:74,0
DA:77,1
DA:78,0
DA:79,0
DA:81,1
DA:86,3
DA:87,3
DA:88,1
DA:89,1
DA:90,1
DA:92,2
DA:93,2
DA:94,3
DA:95,2
DA:96,2
DA:97,2
DA:99,1
DA:105,4
DA:106,4
DA:107,9
DA:108,6
DA:110,1
DA:114,1
DA:115,1
DA:116,1
DA:117,3
DA:118,3
DA:120,1
DA:121,1
DA:125,1
LF:72
LH:64
BRDA:20,0,0,15
BRDA:20,0,1,15
BRDA:25,1,0,2
BRDA:25,1,1,2
BRDA:35,2,0,1
BRDA:35,2,1,4
BRDA:38,3,0,2
BRDA:38,3,1,2
BRDA:45,4,0,1
BRDA:45,4,1,0
BRDA:58,5,0,1
BRDA:58,5,1,4
BRDA:61,6,0,3
BRDA:61,6,1,1
BRDA:64,7,0,2
BRDA:64,7,1,1
BRDA:69,8,0,0
BRDA:69,8,1,0
BRDA:77,9,0,0
BRDA:77,9,1,1
BRDA:86,10,0,0
BRDA:86,10,1,3
BRDA:87,11,0,1
BRDA:87,11,1,2
BRDA:88,12,0,0
BRDA:88,12,1,1
BRDA:94,13,0,2
BRDA:94,13,1,1
BRDA:96,14,0,1
BRDA:96,14,1,1
BRDA:107,15,0,3
BRDA:107,15,1,6
BRF:32
BRH:26
end_of_record
TN:
SF:linked-list-kth/index.js
FN:4,(anonymous_0)
FN:11,(anonymous_1)
FN:17,(anonymous_2)
FN:25,(anonymous_3)
FN:36,(anonymous_4)
FN:61,(anonymous_5)
FN:92,(anonymous_6)
FN:113,(anonymous_7)
FN:122,(anonymous_8)
FN:133,(anonymous_9)
FN:144,(anonymous_10)
FNF:11
FNH:11
FNDA:214,(anonymous_0)
FNDA:126,(anonymous_1)
FNDA:150,(anonymous_2)
FNDA:40,(anonymous_3)
FNDA:12,(anonymous_4)
FNDA:12,(anonymous_5)
FNDA:8,(anonymous_6)
FNDA:8,(anonymous_7)
FNDA:10,(anonymous_8)
FNDA:16,(anonymous_9)
FNDA:12,(anonymous_10)
DA:5,214
DA:6,214
DA:12,126
DA:13,126
DA:14,126
DA:18,150
DA:19,150
DA:20,150
DA:21,150
DA:22,150
DA:26,40
DA:27,40
DA:28,24
DA:30,16
DA:32,40
DA:33,40
DA:37,12
DA:38,12
DA:39,2
DA:41,10
DA:42,4
DA:43,4
DA:44,4
DA:45,4
DA:47,6
DA:48,6
DA:49,4
DA:50,4
DA:51,4
DA:52,4
DA:53,4
DA:55,0
DA:58,2
DA:62,12
DA:63,12
DA:64,2
DA:66,10
DA:67,6
DA:68,6
DA:69,6
DA:70,6
DA:71,6
DA:73,4
DA:74,4
DA:75,4
DA:76,2
DA:77,2
DA:78,2
DA:79,2
DA:81,2
DA:84,2
DA:85,0
DA:86,0
DA:88,2
DA:93,8
DA:94,8
DA:95,4
DA:96,4
DA:97,4
DA:98,4
DA:100,4
DA:101,4
DA:102,6
DA:103,4
DA:104,4
DA:105,4
DA:106,4
DA:108,2
DA:114,8
DA:115,8
DA:116,18
DA:117,12
DA:119,2
DA:123,10
DA:124,10
DA:125,10
DA:126,36
DA:127,36
DA:129,10
DA:130,10
DA:134,16
DA:135,6
DA:137,10
DA:138,10
DA:139,20
DA:141,10
DA:145,12
DA:146,2
DA:148,10
DA:149,10
DA:150,8
DA:152,10
DA:156,6
LF:93
LH:90
BRDA:21,0,0,98
BRDA:21,0,1,52
BRDA:27,1,0,24
BRDA:27,1,1,16
BRDA:38,2,0,2
BRDA:38,2,1,10
BRDA:41,3,0,4
BRDA:41,3,1,6
BRDA:49,4,0,4
BRDA:49,4,1,0
BRDA:63,5,0,2
BRDA:63,5,1,10
BRDA:66,6,0,6
BRDA:66,6,1,4
BRDA:69,7,0,4
BRDA:69,7,1,2
BRDA:75,8,0,2
BRDA:75,8,1,2
BRDA:84,9,0,0
BRDA:84,9,1,2
BRDA:93,10,0,0
BRDA:93,10,1,8
BRDA:94,11,0,4
BRDA:94,11,1,4
BRDA:95,12,0,0
BRDA:95,12,1,4
BRDA:102,13,0,4
BRDA:102,13,1,2
BRDA:104,14,0,2
BRDA:104,14,1,2
BRDA:116,15,0,6
BRDA:116,15,1,12
BRDA:134,16,0,6
BRDA:134,16,1,10
BRDA:134,17,0,16
BRDA:134,17,1,12
BRDA:145,18,0,2
BRDA:145,18,1,10
BRF:38
BRH:34
end_of_record
TN:
SF:linked-list-zip/index.js
FN:3,zipLists
FNF:1
FNH:1
FNDA:8,zipLists
DA:4,8
DA:5,6
DA:6,1
DA:7,1
DA:9,5
DA:10,1
DA:11,1
DA:12,4
DA:13,1
DA:14,1
DA:15,1
DA:17,3
DA:18,3
DA:19,3
DA:20,8
DA:21,6
DA:22,6
DA:23,6
DA:24,6
DA:25,6
DA:26,6
DA:27,2
DA:28,1
DA:29,1
DA:30,1
DA:31,1
DA:32,1
DA:35,2
DA:38,1
LF:29
LH:29
BRDA:4,0,0,2
BRDA:4,0,1,6
BRDA:4,1,0,8
BRDA:4,1,1,2
BRDA:4,1,2,7
BRDA:4,1,3,6
BRDA:5,2,0,1
BRDA:5,2,1,5
BRDA:9,3,0,1
BRDA:9,3,1,4
BRDA:12,4,0,1
BRDA:12,4,1,3
BRDA:19,5,0,9
BRDA:19,5,1,2
BRDA:20,6,0,6
BRDA:20,6,1,2
BRDA:20,7,0,8
BRDA:20,7,1,7
BRDA:27,8,0,1
BRDA:27,8,1,1
BRDA:30,9,0,1
BRDA:30,9,1,0
BRF:22
BRH:21
end_of_record
TN:
SF:merge-sort/index.js
FN:3,mergeSort
FN:16,merge
FNF:2
FNH:2
FNDA:55,mergeSort
FNDA:25,merge
DA:4,55
DA:6,55
DA:7,25
DA:8,25
DA:9,25
DA:10,25
DA:11,25
DA:12,25
DA:17,25
DA:18,25
DA:20,25
DA:21,46
DA:22,29
DA:23,29
DA:25,17
DA:26,17
DA:28,46
DA:31,25
DA:32,16
DA:33,16
DA:34,16
DA:36,25
DA:37,18
DA:38,18
DA:39,18
DA:41,25
DA:44,1
LF:27
LH:27
BRDA:6,0,0,25
BRDA:6,0,1,30
BRDA:20,1,0,71
BRDA:20,1,1,57
BRDA:21,2,0,29
BRDA:21,2,1,17
BRF:6
BRH:6
end_of_record
TN:
SF:sort-and-filter-movies/movies.js
FNF:0
FNH:0
DA:4,1
DA:61,1
LF:2
LH:2
BRF:0
BRH:0
end_of_record
TN:
SF:sort-and-filter-movies/sort.js
FN:3,(anonymous_0)
FN:5,(anonymous_1)
FN:7,(anonymous_2)
FN:7,(anonymous_3)
FN:9,(anonymous_4)
FN:15,(anonymous_5)
FNF:6
FNH:6
FNDA:2,(anonymous_0)
FNDA:1,(anonymous_1)
FNDA:1,(anonymous_2)
FNDA:10,(anonymous_3)
FNDA:26,(anonymous_4)
FNDA:26,(anonymous_5)
DA:3,2
DA:5,1
DA:7,10
DA:9,1
DA:10,26
DA:11,17
DA:12,2
DA:15,1
DA:16,26
DA:17,26
DA:18,26
DA:19,17
DA:20,1
DA:23,1
LF:14
LH:14
BRDA:10,0,0,9
BRDA:10,0,1,17
BRDA:11,1,0,15
BRDA:11,1,1,2
BRDA:18,2,0,9
BRDA:18,2,1,17
BRDA:19,3,0,16
BRDA:19,3,1,1
BRF:8
BRH:8
end_of_record
TN:
SF:stack-and-queue/index.js
FN:4,(anonymous_0)
FN:11,(anonymous_1)
FN:15,(anonymous_2)
FN:21,(anonymous_3)
FN:29,(anonymous_4)
FN:34,(anonymous_5)
FN:40,(anonymous_6)
FN:45,(anonymous_7)
FN:55,(anonymous_8)
FN:64,(anonymous_9)
FN:69,(anonymous_10)
FNF:11
FNH:10
FNDA:26,(anonymous_0)
FNDA:7,(anonymous_1)
FNDA:13,(anonymous_2)
FNDA:5,(anonymous_3)
FNDA:2,(anonymous_4)
FNDA:0,(anonymous_5)
FNDA:7,(anonymous_6)
FNDA:13,(anonymous_7)
FNDA:6,(anonymous_8)
FNDA:2,(anonymous_9)
FNDA:1,(anonymous_10)
DA:5,26
DA:6,26
DA:12,7
DA:16,13
DA:17,13
DA:18,13
DA:22,5
DA:23,4
DA:24,4
DA:25,4
DA:26,4
DA:30,2
DA:31,1
DA:35,0
DA:41,7
DA:42,7
DA:46,13
DA:47,13
DA:49,8
DA:50,8
DA:52,13
DA:56,6
DA:57,5
DA:58,5
DA:59,5
DA:60,5
DA:61,5
DA:65,2
DA:66,1
DA:70,1
DA:74,2
LF:31
LH:30
BRDA:22,0,0,1
BRDA:22,0,1,4
BRDA:30,1,0,1
BRDA:30,1,1,1
BRDA:47,2,0,5
BRDA:47,2,1,8
BRDA:52,3,0,5
BRDA:52,3,1,8
BRDA:56,4,0,1
BRDA:56,4,1,5
BRDA:59,5,0,1
BRDA:59,5,1,4
BRDA:65,6,0,1
BRDA:65,6,1,1
BRF:14
BRH:14
end_of_record
TN:
SF:stack-queue-animal-shelter/index.js
FN:4,(anonymous_0)
FN:11,(anonymous_1)
FN:16,(anonymous_2)
FN:27,(anonymous_3)
FNF:4
FNH:4
FNDA:21,(anonymous_0)
FNDA:13,(anonymous_1)
FNDA:21,(anonymous_2)
FNDA:13,(anonymous_3)
DA:5,21
DA:6,21
DA:12,13
DA:13,13
DA:17,21
DA:18,21
DA:19,10
DA:20,10
DA:22,11
DA:23,11
DA:28,13
DA:29,11
DA:30,10
DA:31,7
DA:32,7
DA:33,7
DA:34,7
DA:35,7
DA:37,3
DA:38,2
DA:39,2
DA:40,2
DA:41,0
DA:42,0
DA:43,0
DA:45,2
DA:46,2
DA:47,2
DA:48,2
DA:52,1
LF:30
LH:27
BRDA:17,0,0,0
BRDA:17,0,1,21
BRDA:17,1,0,21
BRDA:17,1,1,6
BRDA:18,2,0,10
BRDA:18,2,1,11
BRDA:28,3,0,2
BRDA:28,3,1,11
BRDA:28,4,0,13
BRDA:28,4,1,9
BRDA:29,5,0,1
BRDA:29,5,1,10
BRDA:30,6,0,7
BRDA:30,6,1,3
BRDA:34,7,0,2
BRDA:34,7,1,5
BRDA:37,8,0,1
BRDA:37,8,1,2
BRDA:41,9,0,0
BRDA:41,9,1,0
BRDA:47,10,0,1
BRDA:47,10,1,1
BRF:22
BRH:19
end_of_record
TN:
SF:stack-queue-brackets/index.js
FN:3,validateBrackets
FNF:1
FNH:1
FNDA:8,validateBrackets
DA:4,8
DA:5,6
DA:6,6
DA:7,6
DA:8,6
DA:9,6
DA:10,30
DA:11,21
DA:12,18
DA:13,15
DA:14,6
DA:15,3
DA:16,30
DA:18,5
DA:19,4
DA:22,1
LF:16
LH:16
BRDA:4,0,0,2
BRDA:4,0,1,6
BRDA:4,1,0,8
BRDA:4,1,1,7
BRDA:10,2,0,9
BRDA:10,2,1,21
BRDA:11,3,0,3
BRDA:11,3,1,18
BRDA:12,4,0,3
BRDA:12,4,1,15
BRDA:13,5,0,9
BRDA:13,5,1,6
BRDA:14,6,0,3
BRDA:14,6,1,3
BRDA:15,7,0,3
BRDA:15,7,1,0
BRDA:16,8,0,1
BRDA:16,8,1,29
BRDA:16,9,0,30
BRDA:16,9,1,29
BRDA:16,9,2,29
BRDA:18,10,0,1
BRDA:18,10,1,4
BRDA:18,11,0,5
BRDA:18,11,1,4
BRDA:18,11,2,4
BRF:26
BRH:25
end_of_record
TN:
SF:stack-queue-pseudo/index.js
FN:4,(anonymous_0)
FN:11,(anonymous_1)
FN:15,(anonymous_2)
FN:21,(anonymous_3)
FN:29,(anonymous_4)
FN:36,(anonymous_5)
FN:41,(anonymous_6)
FN:53,(anonymous_7)
FNF:8
FNH:7
FNDA:26,(anonymous_0)
FNDA:24,(anonymous_1)
FNDA:20,(anonymous_2)
FNDA:20,(anonymous_3)
FNDA:0,(anonymous_4)
FNDA:8,(anonymous_5)
FNDA:12,(anonymous_6)
FNDA:7,(anonymous_7)
DA:5,26
DA:6,26
DA:12,24
DA:16,20
DA:17,20
DA:18,20
DA:22,20
DA:23,20
DA:24,20
DA:25,20
DA:26,20
DA:30,0
DA:31,0
DA:37,8
DA:38,8
DA:42,12
DA:43,12
DA:44,6
DA:45,6
DA:46,6
DA:48,6
DA:49,6
DA:54,7
DA:55,6
DA:56,6
DA:57,6
DA:58,6
DA:59,10
DA:61,6
DA:62,6
DA:63,6
DA:64,4
DA:66,6
DA:67,6
DA:71,1
LF:35
LH:33
BRDA:22,0,0,0
BRDA:22,0,1,20
BRDA:30,1,0,0
BRDA:30,1,1,0
BRDA:43,2,0,6
BRDA:43,2,1,6
BRDA:54,3,0,1
BRDA:54,3,1,6
BRF:8
BRH:5
end_of_record
TN:
SF:tree-fizz-buzz/index.js
FN:6,fizzBuzz
FN:16,fizzBuzzTree
FN:29,(anonymous_2)
FNF:3
FNH:3
FNDA:28,fizzBuzz
FNDA:12,fizzBuzzTree
FNDA:17,(anonymous_2)
DA:3,1
DA:4,1
DA:7,28
DA:8,28
DA:9,28
DA:10,28
DA:11,7
DA:13,28
DA:17,12
DA:18,11
DA:19,11
DA:20,11
DA:21,11
DA:22,11
DA:23,11
DA:24,11
DA:25,11
DA:26,28
DA:27,28
DA:28,28
DA:29,5
DA:30,17
DA:31,17
DA:32,17
DA:33,17
DA:37,11
DA:40,1
DA:41,1
DA:42,1
DA:43,1
DA:44,1
DA:45,1
DA:46,1
DA:47,1
DA:48,1
DA:49,1
DA:50,1
DA:51,1
DA:52,1
DA:54,1
DA:55,1
DA:57,1
LF:42
LH:42
BRDA:8,0,0,14
BRDA:8,0,1,14
BRDA:9,1,0,14
BRDA:9,1,1,14
BRDA:10,2,0,7
BRDA:10,2,1,21
BRDA:10,3,0,28
BRDA:10,3,1,21
BRDA:10,3,2,14
BRDA:17,4,0,1
BRDA:17,4,1,11
BRDA:28,5,0,5
BRDA:28,5,1,23
BRF:13
BRH:13
end_of_record
TN:
SF:tree-fizz-buzz/karyTree.js
FN:2,(anonymous_0)
FN:9,(anonymous_1)
FNF:2
FNH:2
FNDA:56,(anonymous_0)
FNDA:23,(anonymous_1)
DA:3,56
DA:4,56
DA:10,23
DA:11,23
DA:15,1
LF:5
LH:5
BRF:0
BRH:0
end_of_record
TN:
SF:tree-fizz-buzz/queue.js
FN:4,(anonymous_0)
FN:11,(anonymous_1)
FN:16,(anonymous_2)
FN:26,(anonymous_3)
FN:35,(anonymous_4)
FN:40,(anonymous_5)
FNF:6
FNH:5
FNDA:56,(anonymous_0)
FNDA:22,(anonymous_1)
FNDA:56,(anonymous_2)
FNDA:56,(anonymous_3)
FNDA:0,(anonymous_4)
FNDA:39,(anonymous_5)
DA:5,56
DA:6,56
DA:12,22
DA:13,22
DA:17,56
DA:18,56
DA:20,24
DA:21,24
DA:23,56
DA:27,56
DA:28,56
DA:29,56
DA:30,56
DA:31,56
DA:32,56
DA:36,0
DA:37,0
DA:41,39
DA:45,1
LF:19
LH:17
BRDA:18,0,0,32
BRDA:18,0,1,24
BRDA:23,1,0,32
BRDA:23,1,1,24
BRDA:27,2,0,0
BRDA:27,2,1,56
BRDA:30,3,0,32
BRDA:30,3,1,24
BRDA:36,4,0,0
BRDA:36,4,1,0
BRF:10
BRH:7
end_of_record
TN:
SF:tree-intersection/tree-intersection.js
FN:5,treeIntersection
FN:11,treeToHashMap
FN:18,getCommonValues
FNF:3
FNH:3
FNDA:3,treeIntersection
FNDA:44,treeToHashMap
FNDA:29,getCommonValues
DA:3,1
DA:6,3
DA:7,2
DA:8,2
DA:12,44
DA:13,44
DA:14,44
DA:15,44
DA:19,29
DA:20,29
DA:21,29
DA:22,29
DA:25,1
LF:13
LH:13
BRDA:6,0,0,1
BRDA:6,0,1,2
BRDA:6,1,0,3
BRDA:6,1,1,2
BRDA:12,2,0,18
BRDA:12,2,1,26
BRDA:14,3,0,18
BRDA:14,3,1,26
BRDA:19,4,0,12
BRDA:19,4,1,17
BRDA:20,5,0,16
BRDA:20,5,1,13
BRDA:21,6,0,12
BRDA:21,6,1,17
BRF:14
BRH:14
end_of_record
TN:
SF:tree-max/index.js
FN:4,(anonymous_0)
FN:12,(anonymous_1)
FN:16,(anonymous_2)
FN:20,traverse
FNF:4
FNH:4
FNDA:16,(anonymous_0)
FNDA:5,(anonymous_1)
FNDA:5,(anonymous_2)
FNDA:16,traverse
DA:5,16
DA:6,16
DA:7,16
DA:13,5
DA:17,5
DA:18,4
DA:21,16
DA:22,16
DA:23,16
DA:25,4
DA:26,4
DA:30,1
LF:12
LH:12
BRDA:17,0,0,1
BRDA:17,0,1,4
BRDA:21,1,0,5
BRDA:21,1,1,11
BRDA:22,2,0,11
BRDA:22,2,1,5
BRDA:23,3,0,7
BRDA:23,3,1,9
BRF:8
BRH:8
end_of_record
